{"before": 22.554399999999998, "after": 4.3078, "sql": "SELECT broadcasts.* FROM broadcasts ORDER BY broadcasts.title ASC", "before_plan": [["Sort  (cost=3177.39..3202.39 rows=10000 width=415)"], ["  Sort Key: title"], ["  ->  Seq Scan on broadcasts  (cost=0.00..630.00 rows=10000 width=415)"]], "after_plan": [["Index Scan using unique_table_broadcasts_field_title_type_of_cond_none on broadcasts  (cost=0.41..3170.34 rows=10000 width=415)"]]}
{"before": 0.3579, "after": 0.057100000000000005, "sql": "SELECT identities.provider FROM identities WHERE identities.user_id = 9962", "before_plan": [["Index Only Scan using index_identities_on_provider_and_user_id on identities  (cost=0.29..295.30 rows=1 width=7)"], ["  Index Cond: (user_id = 9962)"]], "after_plan": [["Index Only Scan using unique_table_identities_field_user_id_provider_cond_none on identities  (cost=0.29..8.30 rows=1 width=7)"], ["  Index Cond: (user_id = 9962)"]]}
{"before": 0.11010000000000005, "after": 0.04849999999999999, "sql": "SELECT consumer_apps.platform FROM consumer_apps WHERE consumer_apps.app_bundle = 'zefkevggcvhyrfhdckhenbqkoafwkszccynqtpkidbqjenzyfrzdimdudngihnbqkwurxerdncjvwcelckpouqfxbzijqrmwspijxlegyawubruefviwtqpmrjr'", "before_plan": [["Index Only Scan using index_consumer_apps_on_app_bundle_and_platform on consumer_apps  (cost=0.41..4.43 rows=1 width=5)"], ["  Index Cond: (app_bundle = 'zefkevggcvhyrfhdckhenbqkoafwkszccynqtpkidbqjenzyfrzdimdudngihnbqkwurxerdncjvwcelckpouqfxbzijqrmwspijxlegyawubruefviwtqpmrjr'::text)"]], "after_plan": [["Index Only Scan using unique_table_consumer_apps_field_app_bundle_platform_cond_none on consumer_apps  (cost=0.41..4.43 rows=1 width=5)"], ["  Index Cond: (app_bundle = 'zefkevggcvhyrfhdckhenbqkoafwkszccynqtpkidbqjenzyfrzdimdudngihnbqkwurxerdncjvwcelckpouqfxbzijqrmwspijxlegyawubruefviwtqpmrjr'::text)"]]}
{"before": 0.10480000000000003, "after": 0.053799999999999994, "sql": "SELECT badge_achievements.user_id FROM badge_achievements WHERE badge_achievements.badge_id = 8380", "before_plan": [["Index Only Scan using index_badge_achievements_on_badge_id_and_user_id on badge_achievements  (cost=0.29..8.30 rows=1 width=8)"], ["  Index Cond: (badge_id = 8380)"]], "after_plan": [["Index Only Scan using unique_table_badge_achievements_field_badge_id_user_id_cond_non on badge_achievements  (cost=0.29..8.30 rows=1 width=8)"], ["  Index Cond: (badge_id = 8380)"]]}
{"before": 0.04469999999999999, "after": 0.04909999999999999, "sql": "SELECT identities.provider FROM identities WHERE identities.user_id = 3713 AND identities.provider = 'github'", "before_plan": [["Index Only Scan using index_identities_on_provider_and_user_id on identities  (cost=0.29..8.30 rows=1 width=7)"], ["  Index Cond: ((provider = 'github'::text) AND (user_id = 3713))"]], "after_plan": [["Index Only Scan using unique_table_identities_field_provider_user_id_cond_none on identities  (cost=0.29..8.30 rows=1 width=7)"], ["  Index Cond: ((provider = 'github'::text) AND (user_id = 3713))"]]}
{"before": 0.0512, "after": 0.03779999999999999, "sql": "SELECT identities.provider FROM identities WHERE identities.user_id = 4365 AND identities.provider IN ('twitter', 'apple')", "before_plan": [["Index Only Scan using index_identities_on_provider_and_user_id on identities  (cost=0.29..12.60 rows=1 width=7)"], ["  Index Cond: ((provider = ANY ('{twitter,apple}'::text[])) AND (user_id = 4365))"]], "after_plan": [["Index Only Scan using unique_table_identities_field_user_id_provider_cond_none on identities  (cost=0.29..8.30 rows=1 width=7)"], ["  Index Cond: (user_id = 4365)"], ["  Filter: ((provider)::text = ANY ('{twitter,apple}'::text[]))"]]}
{"before": 0.032100000000000004, "after": 0.038599999999999995, "sql": "SELECT organizations.id, organizations.profile_image FROM organizations WHERE organizations.slug = 'orgekjmesep' LIMIT 6", "before_plan": [["Limit  (cost=0.29..8.30 rows=1 width=49)"], ["  ->  Index Scan using index_organizations_on_slug on organizations  (cost=0.29..8.30 rows=1 width=49)"], ["        Index Cond: ((slug)::text = 'orgekjmesep'::text)"]], "after_plan": [["Limit  (cost=0.29..8.30 rows=1 width=49)"], ["  ->  Index Scan using unique_table_organizations_field_slug_cond_none on organizations  (cost=0.29..8.30 rows=1 width=49)"], ["        Index Cond: ((slug)::text = 'orgekjmesep'::text)"]]}
{"before": 5.451199999999999, "after": 5.491900000000001, "sql": "SELECT profile_fields.* FROM profile_fields WHERE profile_fields.profile_field_group_id IS NULL ORDER BY profile_fields.label ASC", "before_plan": [["Index Scan using index_profile_fields_on_label on profile_fields  (cost=0.41..2854.54 rows=10005 width=402)"], ["  Filter: (profile_field_group_id IS NULL)"]], "after_plan": [["Index Scan using unique_table_profile_fields_field_label_cond_none on profile_fields  (cost=0.41..2734.54 rows=10005 width=402)"], ["  Filter: (profile_field_group_id IS NULL)"]]}
{"before": 0.1361, "after": 0.0986, "sql": "SELECT users.username FROM users INNER JOIN podcast_ownerships ON users.id = podcast_ownerships.user_id WHERE podcast_ownerships.podcast_id = 9428", "before_plan": [["Nested Loop  (cost=0.57..12.61 rows=1 width=17)"], ["  ->  Index Only Scan using index_podcast_ownerships_on_podcast_id_and_user_id on podcast_ownerships  (cost=0.29..4.30 rows=1 width=8)"], ["        Index Cond: (podcast_id = 9428)"], ["  ->  Index Scan using users_pkey on users  (cost=0.29..8.30 rows=1 width=25)"], ["        Index Cond: (id = podcast_ownerships.user_id)"]], "after_plan": [["Nested Loop  (cost=0.57..12.61 rows=1 width=17)"], ["  ->  Index Only Scan using unique_table_podcast_ownerships_field_podcast_id_user_id_cond_n on podcast_ownerships  (cost=0.29..4.30 rows=1 width=8)"], ["        Index Cond: (podcast_id = 9428)"], ["  ->  Index Scan using users_pkey on users  (cost=0.29..8.30 rows=1 width=25)"], ["        Index Cond: (id = podcast_ownerships.user_id)"]]}
{"before": 0.08259999999999998, "after": 0.09429999999999998, "sql": "SELECT users.id, users_settings.feed_url FROM users INNER JOIN users_settings ON users_settings.user_id = users.id WHERE users.id = 6730 AND users.id = 6730", "before_plan": [["Nested Loop  (cost=0.57..16.62 rows=1 width=40)"], ["  ->  Index Only Scan using users_pkey on users  (cost=0.29..8.30 rows=1 width=8)"], ["        Index Cond: (id = 6730)"], ["  ->  Index Scan using index_users_settings_on_user_id on users_settings  (cost=0.29..8.30 rows=1 width=40)"], ["        Index Cond: (user_id = 6730)"]], "after_plan": [["Nested Loop  (cost=0.57..16.62 rows=1 width=40)"], ["  ->  Index Only Scan using users_pkey on users  (cost=0.29..8.30 rows=1 width=8)"], ["        Index Cond: (id = 6730)"], ["  ->  Index Scan using unique_table_users_settings_field_user_id_cond_none on users_settings  (cost=0.29..8.30 rows=1 width=40)"], ["        Index Cond: (user_id = 6730)"]]}
{"before": 0.10500000000000002, "after": 0.03540000000000001, "sql": "SELECT 1 AS one FROM broadcasts WHERE broadcasts.active = False AND broadcasts.type_of = 'Welcome' AND title LIKE '%_connect' AND broadcasts.title = 'ienureygkgaroyfbtgvugrvvltqjycraneittjjnhhwxfnwewibolsuwwdgfyviujvasuhzlhxrcdtpmcfcxnxztpvolxuptwypyukvruqrrrcycvtgntpa' LIMIT 5", "before_plan": [["Limit  (cost=0.41..8.43 rows=1 width=4)"], ["  ->  Index Scan using index_broadcasts_on_title_and_type_of on broadcasts  (cost=0.41..8.43 rows=1 width=4)"], ["        Index Cond: (((title)::text = 'ienureygkgaroyfbtgvugrvvltqjycraneittjjnhhwxfnwewibolsuwwdgfyviujvasuhzlhxrcdtpmcfcxnxztpvolxuptwypyukvruqrrrcycvtgntpa'::text) AND ((type_of)::text = 'Welcome'::text))"], ["        Filter: ((NOT active) AND ((title)::text ~~ '%_connect'::text))"]], "after_plan": [["Limit  (cost=0.41..8.43 rows=1 width=4)"], ["  ->  Index Scan using unique_table_broadcasts_field_title_type_of_cond_none on broadcasts  (cost=0.41..8.43 rows=1 width=4)"], ["        Index Cond: (((title)::text = 'ienureygkgaroyfbtgvugrvvltqjycraneittjjnhhwxfnwewibolsuwwdgfyviujvasuhzlhxrcdtpmcfcxnxztpvolxuptwypyukvruqrrrcycvtgntpa'::text) AND ((type_of)::text = 'Welcome'::text))"], ["        Filter: ((NOT active) AND ((title)::text ~~ '%_connect'::text))"]]}
{"before": 0.2809, "after": 0.2653, "sql": "SELECT users.* FROM users INNER JOIN organization_memberships ON users.id = organization_memberships.user_id WHERE organization_memberships.organization_id = 9684", "before_plan": [["Nested Loop  (cost=0.57..287.61 rows=1 width=2914)"], ["  ->  Index Only Scan using index_organization_memberships_on_user_id_and_organization_id on organization_memberships  (cost=0.29..279.30 rows=1 width=8)"], ["        Index Cond: (organization_id = 9684)"], ["  ->  Index Scan using users_pkey on users  (cost=0.29..8.30 rows=1 width=2914)"], ["        Index Cond: (id = organization_memberships.user_id)"]], "after_plan": [["Nested Loop  (cost=0.57..251.61 rows=1 width=2914)"], ["  ->  Index Only Scan using unique_table_organization_memberships_field_user_id_organizatio on organization_memberships  (cost=0.29..243.30 rows=1 width=8)"], ["        Index Cond: (organization_id = 9684)"], ["  ->  Index Scan using users_pkey on users  (cost=0.29..8.30 rows=1 width=2914)"], ["        Index Cond: (id = organization_memberships.user_id)"]]}
{"before": 0.08009999999999999, "after": 0.07899999999999999, "sql": "SELECT users.id FROM users WHERE users.id IN (SELECT users_settings.user_id FROM users_settings WHERE users_settings.feed_url IS NULL) ORDER BY users.id ASC LIMIT 10", "before_plan": [["Limit  (cost=0.57..2.60 rows=10 width=8)"], ["  ->  Merge Join  (cost=0.57..2031.48 rows=10000 width=8)"], ["        Merge Cond: (users.id = users_settings.user_id)"], ["        ->  Index Only Scan using users_pkey on users  (cost=0.29..1454.19 rows=10000 width=8)"], ["        ->  Index Scan using index_users_settings_on_user_id on users_settings  (cost=0.29..427.29 rows=10000 width=8)"], ["              Filter: (feed_url IS NULL)"]], "after_plan": [["Limit  (cost=0.57..2.60 rows=10 width=8)"], ["  ->  Merge Join  (cost=0.57..2031.48 rows=10000 width=8)"], ["        Merge Cond: (users.id = users_settings.user_id)"], ["        ->  Index Only Scan using users_pkey on users  (cost=0.29..1454.19 rows=10000 width=8)"], ["        ->  Index Scan using unique_table_users_settings_field_user_id_cond_none on users_settings  (cost=0.29..427.29 rows=10000 width=8)"], ["              Filter: (feed_url IS NULL)"]]}
{"before": 0.049499999999999995, "after": 0.04569999999999999, "sql": "SELECT organization_memberships.organization_id FROM organization_memberships WHERE organization_memberships.user_id = 80 AND organization_memberships.type_of_user = 'member'", "before_plan": [["Index Scan using index_organization_memberships_on_user_id_and_organization_id on organization_memberships  (cost=0.29..8.30 rows=1 width=8)"], ["  Index Cond: (user_id = 80)"], ["  Filter: ((type_of_user)::text = 'member'::text)"]], "after_plan": [["Index Scan using unique_table_organization_memberships_field_user_id_organizatio on organization_memberships  (cost=0.29..8.30 rows=1 width=8)"], ["  Index Cond: (user_id = 80)"], ["  Filter: ((type_of_user)::text = 'member'::text)"]]}
{"before": 0.2009, "after": 0.19390000000000002, "sql": "SELECT 1 AS one FROM users INNER JOIN organization_memberships ON users.id = organization_memberships.user_id WHERE organization_memberships.organization_id = 141 LIMIT 5", "before_plan": [["Limit  (cost=0.57..287.61 rows=1 width=4)"], ["  ->  Nested Loop  (cost=0.57..287.61 rows=1 width=4)"], ["        ->  Index Only Scan using index_organization_memberships_on_user_id_and_organization_id on organization_memberships  (cost=0.29..279.30 rows=1 width=8)"], ["              Index Cond: (organization_id = 141)"], ["        ->  Index Only Scan using users_pkey on users  (cost=0.29..8.30 rows=1 width=8)"], ["              Index Cond: (id = organization_memberships.user_id)"]], "after_plan": [["Limit  (cost=0.57..251.61 rows=1 width=4)"], ["  ->  Nested Loop  (cost=0.57..251.61 rows=1 width=4)"], ["        ->  Index Only Scan using unique_table_organization_memberships_field_user_id_organizatio on organization_memberships  (cost=0.29..243.30 rows=1 width=8)"], ["              Index Cond: (organization_id = 141)"], ["        ->  Index Only Scan using users_pkey on users  (cost=0.29..8.30 rows=1 width=8)"], ["              Index Cond: (id = organization_memberships.user_id)"]]}
{"before": 0.23900000000000005, "after": 0.22610000000000002, "sql": "SELECT users.name, users.id FROM users INNER JOIN organization_memberships ON users.id = organization_memberships.user_id WHERE organization_memberships.organization_id = 7444", "before_plan": [["Nested Loop  (cost=0.57..287.61 rows=1 width=22)"], ["  ->  Index Only Scan using index_organization_memberships_on_user_id_and_organization_id on organization_memberships  (cost=0.29..279.30 rows=1 width=8)"], ["        Index Cond: (organization_id = 7444)"], ["  ->  Index Scan using users_pkey on users  (cost=0.29..8.30 rows=1 width=22)"], ["        Index Cond: (id = organization_memberships.user_id)"]], "after_plan": [["Nested Loop  (cost=0.57..251.61 rows=1 width=22)"], ["  ->  Index Only Scan using unique_table_organization_memberships_field_user_id_organizatio on organization_memberships  (cost=0.29..243.30 rows=1 width=8)"], ["        Index Cond: (organization_id = 7444)"], ["  ->  Index Scan using users_pkey on users  (cost=0.29..8.30 rows=1 width=22)"], ["        Index Cond: (id = organization_memberships.user_id)"]]}
{"before": 0.04139999999999999, "after": 0.037, "sql": "SELECT organization_memberships.organization_id FROM organization_memberships WHERE organization_memberships.user_id = 5927 AND organization_memberships.type_of_user IN ('member', 'admin')", "before_plan": [["Index Scan using index_organization_memberships_on_user_id_and_organization_id on organization_memberships  (cost=0.29..8.30 rows=1 width=8)"], ["  Index Cond: (user_id = 5927)"], ["  Filter: ((type_of_user)::text = ANY ('{member,admin}'::text[]))"]], "after_plan": [["Index Scan using unique_table_organization_memberships_field_user_id_organizatio on organization_memberships  (cost=0.29..8.30 rows=1 width=8)"], ["  Index Cond: (user_id = 5927)"], ["  Filter: ((type_of_user)::text = ANY ('{member,admin}'::text[]))"]]}
{"before": 0.09229999999999998, "after": 0.08679999999999997, "sql": "SELECT COUNT(*) FROM organizations INNER JOIN organization_memberships ON organizations.id = organization_memberships.organization_id WHERE organization_memberships.user_id = 9455", "before_plan": [["Aggregate  (cost=16.61..16.62 rows=1 width=8)"], ["  ->  Nested Loop  (cost=0.57..16.61 rows=1 width=0)"], ["        ->  Index Only Scan using index_organization_memberships_on_user_id_and_organization_id on organization_memberships  (cost=0.29..8.30 rows=1 width=8)"], ["              Index Cond: (user_id = 9455)"], ["        ->  Index Only Scan using organizations_pkey on organizations  (cost=0.29..8.30 rows=1 width=8)"], ["              Index Cond: (id = organization_memberships.organization_id)"]], "after_plan": [["Aggregate  (cost=16.61..16.62 rows=1 width=8)"], ["  ->  Nested Loop  (cost=0.57..16.61 rows=1 width=0)"], ["        ->  Index Only Scan using unique_table_organization_memberships_field_user_id_organizatio on organization_memberships  (cost=0.29..8.30 rows=1 width=8)"], ["              Index Cond: (user_id = 9455)"], ["        ->  Index Only Scan using organizations_pkey on organizations  (cost=0.29..8.30 rows=1 width=8)"], ["              Index Cond: (id = organization_memberships.organization_id)"]]}
{"before": 0.09319999999999998, "after": 0.08909999999999998, "sql": "SELECT organizations.* FROM organizations INNER JOIN organization_memberships ON organizations.id = organization_memberships.organization_id WHERE organization_memberships.user_id = 1920", "before_plan": [["Nested Loop  (cost=0.57..16.61 rows=1 width=802)"], ["  ->  Index Only Scan using index_organization_memberships_on_user_id_and_organization_id on organization_memberships  (cost=0.29..8.30 rows=1 width=8)"], ["        Index Cond: (user_id = 1920)"], ["  ->  Index Scan using organizations_pkey on organizations  (cost=0.29..8.30 rows=1 width=802)"], ["        Index Cond: (id = organization_memberships.organization_id)"]], "after_plan": [["Nested Loop  (cost=0.57..16.61 rows=1 width=802)"], ["  ->  Index Only Scan using unique_table_organization_memberships_field_user_id_organizatio on organization_memberships  (cost=0.29..8.30 rows=1 width=8)"], ["        Index Cond: (user_id = 1920)"], ["  ->  Index Scan using organizations_pkey on organizations  (cost=0.29..8.30 rows=1 width=802)"], ["        Index Cond: (id = organization_memberships.organization_id)"]]}
{"before": 0.06939999999999999, "after": 0.0713, "sql": "SELECT organizations.id FROM organizations INNER JOIN organization_memberships ON organizations.id = organization_memberships.organization_id WHERE organization_memberships.user_id = 9737", "before_plan": [["Nested Loop  (cost=0.57..16.61 rows=1 width=8)"], ["  ->  Index Only Scan using index_organization_memberships_on_user_id_and_organization_id on organization_memberships  (cost=0.29..8.30 rows=1 width=8)"], ["        Index Cond: (user_id = 9737)"], ["  ->  Index Only Scan using organizations_pkey on organizations  (cost=0.29..8.30 rows=1 width=8)"], ["        Index Cond: (id = organization_memberships.organization_id)"]], "after_plan": [["Nested Loop  (cost=0.57..16.61 rows=1 width=8)"], ["  ->  Index Only Scan using unique_table_organization_memberships_field_user_id_organizatio on organization_memberships  (cost=0.29..8.30 rows=1 width=8)"], ["        Index Cond: (user_id = 9737)"], ["  ->  Index Only Scan using organizations_pkey on organizations  (cost=0.29..8.30 rows=1 width=8)"], ["        Index Cond: (id = organization_memberships.organization_id)"]]}
{"before": 0.2559, "after": 0.2521999999999999, "sql": "SELECT users.* FROM users INNER JOIN organization_memberships ON users.id = organization_memberships.user_id WHERE organization_memberships.organization_id = 7384 ORDER BY users.id ASC LIMIT 5", "before_plan": [["Limit  (cost=0.57..287.61 rows=1 width=2914)"], ["  ->  Nested Loop  (cost=0.57..287.61 rows=1 width=2914)"], ["        ->  Index Only Scan using index_organization_memberships_on_user_id_and_organization_id on organization_memberships  (cost=0.29..279.30 rows=1 width=8)"], ["              Index Cond: (organization_id = 7384)"], ["        ->  Index Scan using users_pkey on users  (cost=0.29..8.30 rows=1 width=2914)"], ["              Index Cond: (id = organization_memberships.user_id)"]], "after_plan": [["Limit  (cost=0.57..251.61 rows=1 width=2914)"], ["  ->  Nested Loop  (cost=0.57..251.61 rows=1 width=2914)"], ["        ->  Index Only Scan using unique_table_organization_memberships_field_user_id_organizatio on organization_memberships  (cost=0.29..243.30 rows=1 width=8)"], ["              Index Cond: (organization_id = 7384)"], ["        ->  Index Scan using users_pkey on users  (cost=0.29..8.30 rows=1 width=2914)"], ["              Index Cond: (id = organization_memberships.user_id)"]]}
{"before": 0.0668, "after": 0.06060000000000001, "sql": "SELECT reactions.reactable_id FROM reactions WHERE reactions.category = 'hands' AND reactions.user_id = 6114 AND reactions.reactable_type = 'Comment' AND reactions.status <> 'archived' ORDER BY reactions.created_at DESC", "before_plan": [["Sort  (cost=8.32..8.32 rows=1 width=16)"], ["  Sort Key: created_at DESC"], ["  ->  Index Scan using index_reactions_on_user_id_reactable_id_reactable_type_category on reactions  (cost=0.28..8.31 rows=1 width=16)"], ["        Index Cond: ((user_id = 6114) AND ((reactable_type)::text = 'Comment'::text) AND ((category)::text = 'hands'::text))"], ["        Filter: ((status)::text <> 'archived'::text)"]], "after_plan": [["Sort  (cost=8.32..8.32 rows=1 width=16)"], ["  Sort Key: created_at DESC"], ["  ->  Index Scan using unique_table_reactions_field_user_id_reactable_id_reactable_typ on reactions  (cost=0.28..8.31 rows=1 width=16)"], ["        Index Cond: ((user_id = 6114) AND ((reactable_type)::text = 'Comment'::text) AND ((category)::text = 'hands'::text))"], ["        Filter: ((status)::text <> 'archived'::text)"]]}
{"before": 0.09280000000000002, "after": 0.03750000000000001, "sql": "SELECT html_variants.name, html_variants.html FROM html_variants WHERE html_variants.approved = False AND html_variants.published = False AND html_variants.\"group\" = 'badge_landing_page' AND html_variants.name = 'pibpfewlyfxjffoqoecdndmkgjzllknpcbvudszrfomktwjmmzitwhxcorwmpxtzeekptwtgiypaxkqriqjzxocir' LIMIT 8", "before_plan": [["Limit  (cost=0.41..8.43 rows=1 width=166)"], ["  ->  Index Scan using index_html_variants_on_name on html_variants  (cost=0.41..8.43 rows=1 width=166)"], ["        Index Cond: ((name)::text = 'pibpfewlyfxjffoqoecdndmkgjzllknpcbvudszrfomktwjmmzitwhxcorwmpxtzeekptwtgiypaxkqriqjzxocir'::text)"], ["        Filter: ((NOT approved) AND (NOT published) AND ((\"group\")::text = 'badge_landing_page'::text))"]], "after_plan": [["Limit  (cost=0.41..8.43 rows=1 width=166)"], ["  ->  Index Scan using unique_table_html_variants_field_name_cond_none on html_variants  (cost=0.41..8.43 rows=1 width=166)"], ["        Index Cond: ((name)::text = 'pibpfewlyfxjffoqoecdndmkgjzllknpcbvudszrfomktwjmmzitwhxcorwmpxtzeekptwtgiypaxkqriqjzxocir'::text)"], ["        Filter: ((NOT approved) AND (NOT published) AND ((\"group\")::text = 'badge_landing_page'::text))"]]}
{"before": 0.101, "after": 0.09829999999999998, "sql": "SELECT SUM(organizations.unspent_credits_count) FROM organizations INNER JOIN organization_memberships ON organizations.id = organization_memberships.organization_id WHERE organization_memberships.user_id = 1256", "before_plan": [["Aggregate  (cost=16.61..16.62 rows=1 width=8)"], ["  ->  Nested Loop  (cost=0.57..16.61 rows=1 width=4)"], ["        ->  Index Only Scan using index_organization_memberships_on_user_id_and_organization_id on organization_memberships  (cost=0.29..8.30 rows=1 width=8)"], ["              Index Cond: (user_id = 1256)"], ["        ->  Index Scan using organizations_pkey on organizations  (cost=0.29..8.30 rows=1 width=12)"], ["              Index Cond: (id = organization_memberships.organization_id)"]], "after_plan": [["Aggregate  (cost=16.61..16.62 rows=1 width=8)"], ["  ->  Nested Loop  (cost=0.57..16.61 rows=1 width=4)"], ["        ->  Index Only Scan using unique_table_organization_memberships_field_user_id_organizatio on organization_memberships  (cost=0.29..8.30 rows=1 width=8)"], ["              Index Cond: (user_id = 1256)"], ["        ->  Index Scan using organizations_pkey on organizations  (cost=0.29..8.30 rows=1 width=12)"], ["              Index Cond: (id = organization_memberships.organization_id)"]]}
{"before": 0.08469999999999998, "after": 0.08719999999999999, "sql": "SELECT organizations.* FROM organizations INNER JOIN organization_memberships ON organizations.id = organization_memberships.organization_id WHERE organization_memberships.user_id = 8507 AND organizations.id = 7518", "before_plan": [["Nested Loop  (cost=0.57..16.62 rows=1 width=802)"], ["  ->  Index Scan using organizations_pkey on organizations  (cost=0.29..8.30 rows=1 width=802)"], ["        Index Cond: (id = 7518)"], ["  ->  Index Only Scan using index_organization_memberships_on_user_id_and_organization_id on organization_memberships  (cost=0.29..8.30 rows=1 width=8)"], ["        Index Cond: ((user_id = 8507) AND (organization_id = 7518))"]], "after_plan": [["Nested Loop  (cost=0.57..16.62 rows=1 width=802)"], ["  ->  Index Scan using organizations_pkey on organizations  (cost=0.29..8.30 rows=1 width=802)"], ["        Index Cond: (id = 7518)"], ["  ->  Index Only Scan using unique_table_organization_memberships_field_user_id_organizatio on organization_memberships  (cost=0.29..8.30 rows=1 width=8)"], ["        Index Cond: ((user_id = 8507) AND (organization_id = 7518))"]]}
{"before": 0.057800000000000004, "after": 0.06070000000000001, "sql": "SELECT follows.id, follows.follower_id, follows.follower_type, follows.created_at FROM follows WHERE follows.followable_id = 9662 AND follows.followable_type = 'User' ORDER BY follows.created_at ASC LIMIT 3 OFFSET 1", "before_plan": [["Limit  (cost=8.32..8.33 rows=1 width=29)"], ["  ->  Sort  (cost=8.32..8.32 rows=1 width=29)"], ["        Sort Key: created_at"], ["        ->  Index Scan using fk_followables on follows  (cost=0.29..8.31 rows=1 width=29)"], ["              Index Cond: ((followable_id = 9662) AND ((followable_type)::text = 'User'::text))"]], "after_plan": [["Limit  (cost=8.32..8.33 rows=1 width=29)"], ["  ->  Sort  (cost=8.32..8.32 rows=1 width=29)"], ["        Sort Key: created_at"], ["        ->  Index Scan using unique_table_follows_field_followable_id_followable_type_follow on follows  (cost=0.29..8.31 rows=1 width=29)"], ["              Index Cond: ((followable_id = 9662) AND ((followable_type)::text = 'User'::text))"]]}
{"before": 0.06120000000000001, "after": 0.06740000000000002, "sql": "SELECT follows.id, follows.follower_id, follows.follower_type, follows.created_at FROM follows WHERE follows.followable_id = 6692 AND follows.followable_type = 'User' ORDER BY follows.created_at DESC LIMIT 10 OFFSET 1", "before_plan": [["Limit  (cost=8.32..8.33 rows=1 width=29)"], ["  ->  Sort  (cost=8.32..8.32 rows=1 width=29)"], ["        Sort Key: created_at DESC"], ["        ->  Index Scan using fk_followables on follows  (cost=0.29..8.31 rows=1 width=29)"], ["              Index Cond: ((followable_id = 6692) AND ((followable_type)::text = 'User'::text))"]], "after_plan": [["Limit  (cost=8.32..8.33 rows=1 width=29)"], ["  ->  Sort  (cost=8.32..8.32 rows=1 width=29)"], ["        Sort Key: created_at DESC"], ["        ->  Index Scan using unique_table_follows_field_followable_id_followable_type_follow on follows  (cost=0.29..8.31 rows=1 width=29)"], ["              Index Cond: ((followable_id = 6692) AND ((followable_type)::text = 'User'::text))"]]}
{"before": 0.06849999999999999, "after": 0.0651, "sql": "SELECT 1 AS one FROM organizations INNER JOIN organization_memberships ON organizations.id = organization_memberships.organization_id WHERE organization_memberships.user_id = 4620 AND organizations.id = 4935 LIMIT 5", "before_plan": [["Limit  (cost=0.57..16.62 rows=1 width=4)"], ["  ->  Nested Loop  (cost=0.57..16.62 rows=1 width=4)"], ["        ->  Index Only Scan using organizations_pkey on organizations  (cost=0.29..8.30 rows=1 width=8)"], ["              Index Cond: (id = 4935)"], ["        ->  Index Only Scan using index_organization_memberships_on_user_id_and_organization_id on organization_memberships  (cost=0.29..8.30 rows=1 width=8)"], ["              Index Cond: ((user_id = 4620) AND (organization_id = 4935))"]], "after_plan": [["Limit  (cost=0.57..16.62 rows=1 width=4)"], ["  ->  Nested Loop  (cost=0.57..16.62 rows=1 width=4)"], ["        ->  Index Only Scan using organizations_pkey on organizations  (cost=0.29..8.30 rows=1 width=8)"], ["              Index Cond: (id = 4935)"], ["        ->  Index Only Scan using unique_table_organization_memberships_field_user_id_organizatio on organization_memberships  (cost=0.29..8.30 rows=1 width=8)"], ["              Index Cond: ((user_id = 4620) AND (organization_id = 4935))"]]}
{"before": 0.1068, "after": 0.1105, "sql": "SELECT organizations.* FROM organizations INNER JOIN organization_memberships ON organizations.id = organization_memberships.organization_id WHERE organization_memberships.user_id = 4066 ORDER BY organizations.name ASC", "before_plan": [["Sort  (cost=16.62..16.62 rows=1 width=802)"], ["  Sort Key: organizations.name"], ["  ->  Nested Loop  (cost=0.57..16.61 rows=1 width=802)"], ["        ->  Index Only Scan using index_organization_memberships_on_user_id_and_organization_id on organization_memberships  (cost=0.29..8.30 rows=1 width=8)"], ["              Index Cond: (user_id = 4066)"], ["        ->  Index Scan using organizations_pkey on organizations  (cost=0.29..8.30 rows=1 width=802)"], ["              Index Cond: (id = organization_memberships.organization_id)"]], "after_plan": [["Sort  (cost=16.62..16.62 rows=1 width=802)"], ["  Sort Key: organizations.name"], ["  ->  Nested Loop  (cost=0.57..16.61 rows=1 width=802)"], ["        ->  Index Only Scan using unique_table_organization_memberships_field_user_id_organizatio on organization_memberships  (cost=0.29..8.30 rows=1 width=8)"], ["              Index Cond: (user_id = 4066)"], ["        ->  Index Scan using organizations_pkey on organizations  (cost=0.29..8.30 rows=1 width=802)"], ["              Index Cond: (id = organization_memberships.organization_id)"]]}
{"before": 0.08409999999999998, "after": 0.0813, "sql": "SELECT organizations.* FROM organizations INNER JOIN organization_memberships ON organizations.id = organization_memberships.organization_id WHERE organization_memberships.user_id = 8989 ORDER BY organizations.id ASC LIMIT 4", "before_plan": [["Limit  (cost=0.57..16.61 rows=1 width=802)"], ["  ->  Nested Loop  (cost=0.57..16.61 rows=1 width=802)"], ["        ->  Index Only Scan using index_organization_memberships_on_user_id_and_organization_id on organization_memberships  (cost=0.29..8.30 rows=1 width=8)"], ["              Index Cond: (user_id = 8989)"], ["        ->  Index Scan using organizations_pkey on organizations  (cost=0.29..8.30 rows=1 width=802)"], ["              Index Cond: (id = organization_memberships.organization_id)"]], "after_plan": [["Limit  (cost=0.57..16.61 rows=1 width=802)"], ["  ->  Nested Loop  (cost=0.57..16.61 rows=1 width=802)"], ["        ->  Index Only Scan using unique_table_organization_memberships_field_user_id_organizatio on organization_memberships  (cost=0.29..8.30 rows=1 width=8)"], ["              Index Cond: (user_id = 8989)"], ["        ->  Index Scan using organizations_pkey on organizations  (cost=0.29..8.30 rows=1 width=802)"], ["              Index Cond: (id = organization_memberships.organization_id)"]]}
{"before": 0.05960000000000001, "after": 0.056400000000000006, "sql": "SELECT reactions.id, reactions.reactable_id, reactions.created_at, reactions.status FROM reactions WHERE reactions.category = 'thumbsup' AND reactions.user_id = 9163 AND reactions.status <> 'invalid' ORDER BY reactions.created_at DESC LIMIT 2 OFFSET 1", "before_plan": [["Limit  (cost=8.32..8.33 rows=1 width=32)"], ["  ->  Sort  (cost=8.31..8.32 rows=1 width=32)"], ["        Sort Key: created_at DESC"], ["        ->  Index Scan using index_reactions_on_user_id_reactable_id_reactable_type_category on reactions  (cost=0.28..8.30 rows=1 width=32)"], ["              Index Cond: ((user_id = 9163) AND ((category)::text = 'thumbsup'::text))"], ["              Filter: ((status)::text <> 'invalid'::text)"]], "after_plan": [["Limit  (cost=8.32..8.33 rows=1 width=32)"], ["  ->  Sort  (cost=8.31..8.32 rows=1 width=32)"], ["        Sort Key: created_at DESC"], ["        ->  Index Scan using unique_table_reactions_field_user_id_reactable_id_reactable_typ on reactions  (cost=0.28..8.30 rows=1 width=32)"], ["              Index Cond: ((user_id = 9163) AND ((category)::text = 'thumbsup'::text))"], ["              Filter: ((status)::text <> 'invalid'::text)"]]}
{"before": 0.08579999999999999, "after": 0.08359999999999998, "sql": "SELECT organizations.* FROM organizations INNER JOIN organization_memberships ON organizations.id = organization_memberships.organization_id WHERE organization_memberships.user_id = 6848 AND organizations.id = 9137 AND organizations.id = 9137 LIMIT 9", "before_plan": [["Limit  (cost=0.57..16.62 rows=1 width=802)"], ["  ->  Nested Loop  (cost=0.57..16.62 rows=1 width=802)"], ["        ->  Index Scan using organizations_pkey on organizations  (cost=0.29..8.30 rows=1 width=802)"], ["              Index Cond: (id = 9137)"], ["        ->  Index Only Scan using index_organization_memberships_on_user_id_and_organization_id on organization_memberships  (cost=0.29..8.30 rows=1 width=8)"], ["              Index Cond: ((user_id = 6848) AND (organization_id = 9137))"]], "after_plan": [["Limit  (cost=0.57..16.62 rows=1 width=802)"], ["  ->  Nested Loop  (cost=0.57..16.62 rows=1 width=802)"], ["        ->  Index Scan using organizations_pkey on organizations  (cost=0.29..8.30 rows=1 width=802)"], ["              Index Cond: (id = 9137)"], ["        ->  Index Only Scan using unique_table_organization_memberships_field_user_id_organizatio on organization_memberships  (cost=0.29..8.30 rows=1 width=8)"], ["              Index Cond: ((user_id = 6848) AND (organization_id = 9137))"]]}
{"before": 0.08269999999999998, "after": 0.08149999999999999, "sql": "SELECT organizations.* FROM organizations INNER JOIN organization_memberships ON organizations.id = organization_memberships.organization_id WHERE organization_memberships.user_id = 9374 AND organizations.id = 2725 ORDER BY organizations.id ASC LIMIT 3", "before_plan": [["Limit  (cost=0.57..16.62 rows=1 width=802)"], ["  ->  Nested Loop  (cost=0.57..16.62 rows=1 width=802)"], ["        ->  Index Scan using organizations_pkey on organizations  (cost=0.29..8.30 rows=1 width=802)"], ["              Index Cond: (id = 2725)"], ["        ->  Index Only Scan using index_organization_memberships_on_user_id_and_organization_id on organization_memberships  (cost=0.29..8.30 rows=1 width=8)"], ["              Index Cond: ((user_id = 9374) AND (organization_id = 2725))"]], "after_plan": [["Limit  (cost=0.57..16.62 rows=1 width=802)"], ["  ->  Nested Loop  (cost=0.57..16.62 rows=1 width=802)"], ["        ->  Index Scan using organizations_pkey on organizations  (cost=0.29..8.30 rows=1 width=802)"], ["              Index Cond: (id = 2725)"], ["        ->  Index Only Scan using unique_table_organization_memberships_field_user_id_organizatio on organization_memberships  (cost=0.29..8.30 rows=1 width=8)"], ["              Index Cond: ((user_id = 9374) AND (organization_id = 2725))"]]}
{"before": 0.09370000000000003, "after": 0.05149999999999999, "sql": "SELECT 1 AS one FROM notifications WHERE notifications.notifiable_type = 'Comment' AND notifications.notifiable_id IN (SELECT broadcasts.id FROM broadcasts WHERE broadcasts.active = False AND broadcasts.type_of = 'Welcome' AND title LIKE '%_connect') AND notifications.user_id = 8875 LIMIT 6", "before_plan": [["Limit  (cost=0.57..20.64 rows=1 width=4)"], ["  ->  Nested Loop  (cost=0.57..20.64 rows=1 width=4)"], ["        ->  Index Only Scan using index_notifications_user_id_organization_id_notifiable_action on notifications  (cost=0.29..4.30 rows=1 width=8)"], ["              Index Cond: ((user_id = 8875) AND (notifiable_type = 'Comment'::text))"], ["        ->  Index Scan using broadcasts_pkey on broadcasts  (cost=0.29..8.31 rows=1 width=8)"], ["              Index Cond: (id = notifications.notifiable_id)"], ["              Filter: ((NOT active) AND ((title)::text ~~ '%_connect'::text) AND ((type_of)::text = 'Welcome'::text))"]], "after_plan": [["Limit  (cost=0.57..20.64 rows=1 width=4)"], ["  ->  Nested Loop  (cost=0.57..20.64 rows=1 width=4)"], ["        ->  Index Only Scan using unique_table_notifications_field_user_id_organization_id_notifi on notifications  (cost=0.29..4.30 rows=1 width=8)"], ["              Index Cond: ((user_id = 8875) AND (notifiable_type = 'Comment'::text))"], ["        ->  Index Scan using broadcasts_pkey on broadcasts  (cost=0.29..8.31 rows=1 width=8)"], ["              Index Cond: (id = notifications.notifiable_id)"], ["              Filter: ((NOT active) AND ((title)::text ~~ '%_connect'::text) AND ((type_of)::text = 'Welcome'::text))"]]}
{"before": 0.033900000000000007, "after": 0.03650000000000001, "sql": "SELECT organizations.id, organizations.slug, organizations.name, organizations.summary, organizations.twitter_username, organizations.github_username, organizations.url, organizations.location, organizations.created_at, organizations.profile_image, organizations.tech_stack, organizations.tag_line, organizations.story FROM organizations WHERE organizations.slug = 'orgnllwkiryit' LIMIT 7", "before_plan": [["Limit  (cost=0.29..8.30 rows=1 width=285)"], ["  ->  Index Scan using index_organizations_on_slug on organizations  (cost=0.29..8.30 rows=1 width=285)"], ["        Index Cond: ((slug)::text = 'orgnllwkiryit'::text)"]], "after_plan": [["Limit  (cost=0.29..8.30 rows=1 width=285)"], ["  ->  Index Scan using unique_table_organizations_field_slug_cond_none on organizations  (cost=0.29..8.30 rows=1 width=285)"], ["        Index Cond: ((slug)::text = 'orgnllwkiryit'::text)"]]}
{"before": 0.10269999999999999, "after": 0.10569999999999999, "sql": "SELECT COUNT(*) FROM articles INNER JOIN (SELECT reactions.id, reactions.reactable_id, reactions.user_id FROM reactions WHERE reactions.user_id = 3528 AND reactions.category = 'readinglist' AND reactions.status = 'valid' AND reactions.reactable_type = 'Article' ORDER BY reactions.created_at DESC) AS reactions ON reactions.reactable_id = articles.id WHERE articles.published = False AND published_at <= '2022-02-27 07:11:18.772793'", "before_plan": [["Aggregate  (cost=17.23..17.24 rows=1 width=8)"], ["  ->  Nested Loop  (cost=8.60..17.23 rows=1 width=0)"], ["        ->  Sort  (cost=8.32..8.32 rows=1 width=32)"], ["              Sort Key: reactions.created_at DESC"], ["              ->  Index Scan using index_reactions_on_user_id_reactable_id_reactable_type_category on reactions  (cost=0.28..8.31 rows=1 width=32)"], ["                    Index Cond: ((user_id = 3528) AND ((reactable_type)::text = 'Article'::text) AND ((category)::text = 'readinglist'::text))"], ["                    Filter: ((status)::text = 'valid'::text)"], ["        ->  Index Scan using articles_pkey on articles  (cost=0.29..8.30 rows=1 width=8)"], ["              Index Cond: (id = reactions.reactable_id)"], ["              Filter: ((NOT published) AND (published_at <= '2022-02-27 07:11:18.772793'::timestamp without time zone))"]], "after_plan": [["Aggregate  (cost=17.23..17.24 rows=1 width=8)"], ["  ->  Nested Loop  (cost=8.60..17.23 rows=1 width=0)"], ["        ->  Sort  (cost=8.32..8.32 rows=1 width=32)"], ["              Sort Key: reactions.created_at DESC"], ["              ->  Index Scan using unique_table_reactions_field_user_id_reactable_id_reactable_typ on reactions  (cost=0.28..8.31 rows=1 width=32)"], ["                    Index Cond: ((user_id = 3528) AND ((reactable_type)::text = 'Article'::text) AND ((category)::text = 'readinglist'::text))"], ["                    Filter: ((status)::text = 'valid'::text)"], ["        ->  Index Scan using articles_pkey on articles  (cost=0.29..8.30 rows=1 width=8)"], ["              Index Cond: (id = reactions.reactable_id)"], ["              Filter: ((NOT published) AND (published_at <= '2022-02-27 07:11:18.772793'::timestamp without time zone))"]]}
{"before": 0.10169999999999998, "after": 0.1099, "sql": "SELECT COUNT(*) FROM articles INNER JOIN (SELECT reactions.id, reactions.reactable_id, reactions.user_id FROM reactions WHERE reactions.user_id = 5387 AND reactions.category = 'readinglist' AND reactions.status = 'archived' AND reactions.reactable_type = 'Article' ORDER BY reactions.created_at DESC) AS reactions ON reactions.reactable_id = articles.id WHERE articles.published = False AND published_at <= '2022-02-27 07:17:30.184658'", "before_plan": [["Aggregate  (cost=17.23..17.24 rows=1 width=8)"], ["  ->  Nested Loop  (cost=8.60..17.23 rows=1 width=0)"], ["        ->  Sort  (cost=8.32..8.32 rows=1 width=32)"], ["              Sort Key: reactions.created_at DESC"], ["              ->  Index Scan using index_reactions_on_user_id_reactable_id_reactable_type_category on reactions  (cost=0.28..8.31 rows=1 width=32)"], ["                    Index Cond: ((user_id = 5387) AND ((reactable_type)::text = 'Article'::text) AND ((category)::text = 'readinglist'::text))"], ["                    Filter: ((status)::text = 'archived'::text)"], ["        ->  Index Scan using articles_pkey on articles  (cost=0.29..8.30 rows=1 width=8)"], ["              Index Cond: (id = reactions.reactable_id)"], ["              Filter: ((NOT published) AND (published_at <= '2022-02-27 07:17:30.184658'::timestamp without time zone))"]], "after_plan": [["Aggregate  (cost=17.23..17.24 rows=1 width=8)"], ["  ->  Nested Loop  (cost=8.60..17.23 rows=1 width=0)"], ["        ->  Sort  (cost=8.32..8.32 rows=1 width=32)"], ["              Sort Key: reactions.created_at DESC"], ["              ->  Index Scan using unique_table_reactions_field_user_id_reactable_id_reactable_typ on reactions  (cost=0.28..8.31 rows=1 width=32)"], ["                    Index Cond: ((user_id = 5387) AND ((reactable_type)::text = 'Article'::text) AND ((category)::text = 'readinglist'::text))"], ["                    Filter: ((status)::text = 'archived'::text)"], ["        ->  Index Scan using articles_pkey on articles  (cost=0.29..8.30 rows=1 width=8)"], ["              Index Cond: (id = reactions.reactable_id)"], ["              Filter: ((NOT published) AND (published_at <= '2022-02-27 07:17:30.184658'::timestamp without time zone))"]]}
{"before": 0.08519999999999998, "after": 0.10769999999999999, "sql": "SELECT COUNT(*) FROM articles INNER JOIN (SELECT reactions.id, reactions.reactable_id, reactions.user_id FROM reactions WHERE reactions.user_id = 5379 AND reactions.category = 'readinglist' AND reactions.status IN ('confirmed', 'valid') AND reactions.reactable_type = 'Article' ORDER BY reactions.created_at DESC) AS reactions ON reactions.reactable_id = articles.id WHERE articles.published = False AND published_at <= '2022-02-27 07:17:29.634659'", "before_plan": [["Aggregate  (cost=17.23..17.24 rows=1 width=8)"], ["  ->  Nested Loop  (cost=8.60..17.23 rows=1 width=0)"], ["        ->  Sort  (cost=8.32..8.32 rows=1 width=32)"], ["              Sort Key: reactions.created_at DESC"], ["              ->  Index Scan using index_reactions_on_user_id_reactable_id_reactable_type_category on reactions  (cost=0.28..8.31 rows=1 width=32)"], ["                    Index Cond: ((user_id = 5379) AND ((reactable_type)::text = 'Article'::text) AND ((category)::text = 'readinglist'::text))"], ["                    Filter: ((status)::text = ANY ('{confirmed,valid}'::text[]))"], ["        ->  Index Scan using articles_pkey on articles  (cost=0.29..8.30 rows=1 width=8)"], ["              Index Cond: (id = reactions.reactable_id)"], ["              Filter: ((NOT published) AND (published_at <= '2022-02-27 07:17:29.634659'::timestamp without time zone))"]], "after_plan": [["Aggregate  (cost=17.23..17.24 rows=1 width=8)"], ["  ->  Nested Loop  (cost=8.60..17.23 rows=1 width=0)"], ["        ->  Sort  (cost=8.32..8.32 rows=1 width=32)"], ["              Sort Key: reactions.created_at DESC"], ["              ->  Index Scan using unique_table_reactions_field_user_id_reactable_id_reactable_typ on reactions  (cost=0.28..8.31 rows=1 width=32)"], ["                    Index Cond: ((user_id = 5379) AND ((reactable_type)::text = 'Article'::text) AND ((category)::text = 'readinglist'::text))"], ["                    Filter: ((status)::text = ANY ('{confirmed,valid}'::text[]))"], ["        ->  Index Scan using articles_pkey on articles  (cost=0.29..8.30 rows=1 width=8)"], ["              Index Cond: (id = reactions.reactable_id)"], ["              Filter: ((NOT published) AND (published_at <= '2022-02-27 07:17:29.634659'::timestamp without time zone))"]]}
{"before": 0.08599999999999998, "after": 0.09519999999999998, "sql": "SELECT COUNT(*) FROM articles INNER JOIN (SELECT reactions.id, reactions.reactable_id, reactions.user_id FROM reactions WHERE reactions.user_id = 5368 AND reactions.category = 'readinglist' AND reactions.status IN ('confirmed', 'valid') AND reactions.reactable_type = 'Article' ORDER BY reactions.created_at DESC) AS reactions ON reactions.reactable_id = articles.id WHERE articles.published = False AND published_at <= '2022-02-27 07:17:29.086760'", "before_plan": [["Aggregate  (cost=17.23..17.24 rows=1 width=8)"], ["  ->  Nested Loop  (cost=8.60..17.23 rows=1 width=0)"], ["        ->  Sort  (cost=8.32..8.32 rows=1 width=32)"], ["              Sort Key: reactions.created_at DESC"], ["              ->  Index Scan using index_reactions_on_user_id_reactable_id_reactable_type_category on reactions  (cost=0.28..8.31 rows=1 width=32)"], ["                    Index Cond: ((user_id = 5368) AND ((reactable_type)::text = 'Article'::text) AND ((category)::text = 'readinglist'::text))"], ["                    Filter: ((status)::text = ANY ('{confirmed,valid}'::text[]))"], ["        ->  Index Scan using articles_pkey on articles  (cost=0.29..8.30 rows=1 width=8)"], ["              Index Cond: (id = reactions.reactable_id)"], ["              Filter: ((NOT published) AND (published_at <= '2022-02-27 07:17:29.08676'::timestamp without time zone))"]], "after_plan": [["Aggregate  (cost=17.23..17.24 rows=1 width=8)"], ["  ->  Nested Loop  (cost=8.60..17.23 rows=1 width=0)"], ["        ->  Sort  (cost=8.32..8.32 rows=1 width=32)"], ["              Sort Key: reactions.created_at DESC"], ["              ->  Index Scan using unique_table_reactions_field_user_id_reactable_id_reactable_typ on reactions  (cost=0.28..8.31 rows=1 width=32)"], ["                    Index Cond: ((user_id = 5368) AND ((reactable_type)::text = 'Article'::text) AND ((category)::text = 'readinglist'::text))"], ["                    Filter: ((status)::text = ANY ('{confirmed,valid}'::text[]))"], ["        ->  Index Scan using articles_pkey on articles  (cost=0.29..8.30 rows=1 width=8)"], ["              Index Cond: (id = reactions.reactable_id)"], ["              Filter: ((NOT published) AND (published_at <= '2022-02-27 07:17:29.08676'::timestamp without time zone))"]]}
{"before": 0.08499999999999999, "after": 0.09419999999999998, "sql": "SELECT COUNT(*) FROM articles INNER JOIN (SELECT reactions.id, reactions.reactable_id, reactions.user_id FROM reactions WHERE reactions.user_id = 5429 AND reactions.category = 'readinglist' AND reactions.status IN ('confirmed', 'valid') AND reactions.reactable_type = 'Article' ORDER BY reactions.created_at DESC) AS reactions ON reactions.reactable_id = articles.id WHERE articles.published = False AND published_at <= '2022-02-27 07:17:33.188689'", "before_plan": [["Aggregate  (cost=17.23..17.24 rows=1 width=8)"], ["  ->  Nested Loop  (cost=8.60..17.23 rows=1 width=0)"], ["        ->  Sort  (cost=8.32..8.32 rows=1 width=32)"], ["              Sort Key: reactions.created_at DESC"], ["              ->  Index Scan using index_reactions_on_user_id_reactable_id_reactable_type_category on reactions  (cost=0.28..8.31 rows=1 width=32)"], ["                    Index Cond: ((user_id = 5429) AND ((reactable_type)::text = 'Article'::text) AND ((category)::text = 'readinglist'::text))"], ["                    Filter: ((status)::text = ANY ('{confirmed,valid}'::text[]))"], ["        ->  Index Scan using articles_pkey on articles  (cost=0.29..8.30 rows=1 width=8)"], ["              Index Cond: (id = reactions.reactable_id)"], ["              Filter: ((NOT published) AND (published_at <= '2022-02-27 07:17:33.188689'::timestamp without time zone))"]], "after_plan": [["Aggregate  (cost=17.23..17.24 rows=1 width=8)"], ["  ->  Nested Loop  (cost=8.60..17.23 rows=1 width=0)"], ["        ->  Sort  (cost=8.32..8.32 rows=1 width=32)"], ["              Sort Key: reactions.created_at DESC"], ["              ->  Index Scan using unique_table_reactions_field_user_id_reactable_id_reactable_typ on reactions  (cost=0.28..8.31 rows=1 width=32)"], ["                    Index Cond: ((user_id = 5429) AND ((reactable_type)::text = 'Article'::text) AND ((category)::text = 'readinglist'::text))"], ["                    Filter: ((status)::text = ANY ('{confirmed,valid}'::text[]))"], ["        ->  Index Scan using articles_pkey on articles  (cost=0.29..8.30 rows=1 width=8)"], ["              Index Cond: (id = reactions.reactable_id)"], ["              Filter: ((NOT published) AND (published_at <= '2022-02-27 07:17:33.188689'::timestamp without time zone))"]]}
{"before": 0.08769999999999999, "after": 0.09749999999999999, "sql": "SELECT COUNT(*) FROM articles INNER JOIN (SELECT reactions.id, reactions.reactable_id, reactions.user_id FROM reactions WHERE reactions.user_id = 5433 AND reactions.category = 'readinglist' AND reactions.status IN ('confirmed', 'valid') AND reactions.reactable_type = 'Article' ORDER BY reactions.created_at DESC) AS reactions ON reactions.reactable_id = articles.id WHERE articles.published = False AND published_at <= '2022-02-27 07:17:33.459283'", "before_plan": [["Aggregate  (cost=17.23..17.24 rows=1 width=8)"], ["  ->  Nested Loop  (cost=8.60..17.23 rows=1 width=0)"], ["        ->  Sort  (cost=8.32..8.32 rows=1 width=32)"], ["              Sort Key: reactions.created_at DESC"], ["              ->  Index Scan using index_reactions_on_user_id_reactable_id_reactable_type_category on reactions  (cost=0.28..8.31 rows=1 width=32)"], ["                    Index Cond: ((user_id = 5433) AND ((reactable_type)::text = 'Article'::text) AND ((category)::text = 'readinglist'::text))"], ["                    Filter: ((status)::text = ANY ('{confirmed,valid}'::text[]))"], ["        ->  Index Scan using articles_pkey on articles  (cost=0.29..8.30 rows=1 width=8)"], ["              Index Cond: (id = reactions.reactable_id)"], ["              Filter: ((NOT published) AND (published_at <= '2022-02-27 07:17:33.459283'::timestamp without time zone))"]], "after_plan": [["Aggregate  (cost=17.23..17.24 rows=1 width=8)"], ["  ->  Nested Loop  (cost=8.60..17.23 rows=1 width=0)"], ["        ->  Sort  (cost=8.32..8.32 rows=1 width=32)"], ["              Sort Key: reactions.created_at DESC"], ["              ->  Index Scan using unique_table_reactions_field_user_id_reactable_id_reactable_typ on reactions  (cost=0.28..8.31 rows=1 width=32)"], ["                    Index Cond: ((user_id = 5433) AND ((reactable_type)::text = 'Article'::text) AND ((category)::text = 'readinglist'::text))"], ["                    Filter: ((status)::text = ANY ('{confirmed,valid}'::text[]))"], ["        ->  Index Scan using articles_pkey on articles  (cost=0.29..8.30 rows=1 width=8)"], ["              Index Cond: (id = reactions.reactable_id)"], ["              Filter: ((NOT published) AND (published_at <= '2022-02-27 07:17:33.459283'::timestamp without time zone))"]]}
{"before": 0.08549999999999999, "after": 0.09459999999999999, "sql": "SELECT COUNT(*) FROM articles INNER JOIN (SELECT reactions.id, reactions.reactable_id, reactions.user_id FROM reactions WHERE reactions.user_id = 5366 AND reactions.category = 'readinglist' AND reactions.status IN ('confirmed', 'valid') AND reactions.reactable_type = 'Article' ORDER BY reactions.created_at DESC) AS reactions ON reactions.reactable_id = articles.id WHERE articles.published = False AND published_at <= '2022-02-27 07:17:28.805015'", "before_plan": [["Aggregate  (cost=17.23..17.24 rows=1 width=8)"], ["  ->  Nested Loop  (cost=8.60..17.23 rows=1 width=0)"], ["        ->  Sort  (cost=8.32..8.32 rows=1 width=32)"], ["              Sort Key: reactions.created_at DESC"], ["              ->  Index Scan using index_reactions_on_user_id_reactable_id_reactable_type_category on reactions  (cost=0.28..8.31 rows=1 width=32)"], ["                    Index Cond: ((user_id = 5366) AND ((reactable_type)::text = 'Article'::text) AND ((category)::text = 'readinglist'::text))"], ["                    Filter: ((status)::text = ANY ('{confirmed,valid}'::text[]))"], ["        ->  Index Scan using articles_pkey on articles  (cost=0.29..8.30 rows=1 width=8)"], ["              Index Cond: (id = reactions.reactable_id)"], ["              Filter: ((NOT published) AND (published_at <= '2022-02-27 07:17:28.805015'::timestamp without time zone))"]], "after_plan": [["Aggregate  (cost=17.23..17.24 rows=1 width=8)"], ["  ->  Nested Loop  (cost=8.60..17.23 rows=1 width=0)"], ["        ->  Sort  (cost=8.32..8.32 rows=1 width=32)"], ["              Sort Key: reactions.created_at DESC"], ["              ->  Index Scan using unique_table_reactions_field_user_id_reactable_id_reactable_typ on reactions  (cost=0.28..8.31 rows=1 width=32)"], ["                    Index Cond: ((user_id = 5366) AND ((reactable_type)::text = 'Article'::text) AND ((category)::text = 'readinglist'::text))"], ["                    Filter: ((status)::text = ANY ('{confirmed,valid}'::text[]))"], ["        ->  Index Scan using articles_pkey on articles  (cost=0.29..8.30 rows=1 width=8)"], ["              Index Cond: (id = reactions.reactable_id)"], ["              Filter: ((NOT published) AND (published_at <= '2022-02-27 07:17:28.805015'::timestamp without time zone))"]]}
{"before": 0.08529999999999997, "after": 0.09659999999999999, "sql": "SELECT COUNT(*) FROM articles INNER JOIN (SELECT reactions.id, reactions.reactable_id, reactions.user_id FROM reactions WHERE reactions.user_id = 5377 AND reactions.category = 'readinglist' AND reactions.status IN ('confirmed', 'valid') AND reactions.reactable_type = 'Article' ORDER BY reactions.created_at DESC) AS reactions ON reactions.reactable_id = articles.id WHERE articles.published = False AND published_at <= '2022-02-27 07:17:29.519410'", "before_plan": [["Aggregate  (cost=17.23..17.24 rows=1 width=8)"], ["  ->  Nested Loop  (cost=8.60..17.23 rows=1 width=0)"], ["        ->  Sort  (cost=8.32..8.32 rows=1 width=32)"], ["              Sort Key: reactions.created_at DESC"], ["              ->  Index Scan using index_reactions_on_user_id_reactable_id_reactable_type_category on reactions  (cost=0.28..8.31 rows=1 width=32)"], ["                    Index Cond: ((user_id = 5377) AND ((reactable_type)::text = 'Article'::text) AND ((category)::text = 'readinglist'::text))"], ["                    Filter: ((status)::text = ANY ('{confirmed,valid}'::text[]))"], ["        ->  Index Scan using articles_pkey on articles  (cost=0.29..8.30 rows=1 width=8)"], ["              Index Cond: (id = reactions.reactable_id)"], ["              Filter: ((NOT published) AND (published_at <= '2022-02-27 07:17:29.51941'::timestamp without time zone))"]], "after_plan": [["Aggregate  (cost=17.23..17.24 rows=1 width=8)"], ["  ->  Nested Loop  (cost=8.60..17.23 rows=1 width=0)"], ["        ->  Sort  (cost=8.32..8.32 rows=1 width=32)"], ["              Sort Key: reactions.created_at DESC"], ["              ->  Index Scan using unique_table_reactions_field_user_id_reactable_id_reactable_typ on reactions  (cost=0.28..8.31 rows=1 width=32)"], ["                    Index Cond: ((user_id = 5377) AND ((reactable_type)::text = 'Article'::text) AND ((category)::text = 'readinglist'::text))"], ["                    Filter: ((status)::text = ANY ('{confirmed,valid}'::text[]))"], ["        ->  Index Scan using articles_pkey on articles  (cost=0.29..8.30 rows=1 width=8)"], ["              Index Cond: (id = reactions.reactable_id)"], ["              Filter: ((NOT published) AND (published_at <= '2022-02-27 07:17:29.51941'::timestamp without time zone))"]]}
{"before": 0.08629999999999999, "after": 0.09519999999999998, "sql": "SELECT COUNT(*) FROM articles INNER JOIN (SELECT reactions.id, reactions.reactable_id, reactions.user_id FROM reactions WHERE reactions.user_id = 5381 AND reactions.category = 'readinglist' AND reactions.status IN ('confirmed', 'valid') AND reactions.reactable_type = 'Article' ORDER BY reactions.created_at DESC) AS reactions ON reactions.reactable_id = articles.id WHERE articles.published = False AND published_at <= '2022-02-27 07:17:29.749956'", "before_plan": [["Aggregate  (cost=17.23..17.24 rows=1 width=8)"], ["  ->  Nested Loop  (cost=8.60..17.23 rows=1 width=0)"], ["        ->  Sort  (cost=8.32..8.32 rows=1 width=32)"], ["              Sort Key: reactions.created_at DESC"], ["              ->  Index Scan using index_reactions_on_user_id_reactable_id_reactable_type_category on reactions  (cost=0.28..8.31 rows=1 width=32)"], ["                    Index Cond: ((user_id = 5381) AND ((reactable_type)::text = 'Article'::text) AND ((category)::text = 'readinglist'::text))"], ["                    Filter: ((status)::text = ANY ('{confirmed,valid}'::text[]))"], ["        ->  Index Scan using articles_pkey on articles  (cost=0.29..8.30 rows=1 width=8)"], ["              Index Cond: (id = reactions.reactable_id)"], ["              Filter: ((NOT published) AND (published_at <= '2022-02-27 07:17:29.749956'::timestamp without time zone))"]], "after_plan": [["Aggregate  (cost=17.23..17.24 rows=1 width=8)"], ["  ->  Nested Loop  (cost=8.60..17.23 rows=1 width=0)"], ["        ->  Sort  (cost=8.32..8.32 rows=1 width=32)"], ["              Sort Key: reactions.created_at DESC"], ["              ->  Index Scan using unique_table_reactions_field_user_id_reactable_id_reactable_typ on reactions  (cost=0.28..8.31 rows=1 width=32)"], ["                    Index Cond: ((user_id = 5381) AND ((reactable_type)::text = 'Article'::text) AND ((category)::text = 'readinglist'::text))"], ["                    Filter: ((status)::text = ANY ('{confirmed,valid}'::text[]))"], ["        ->  Index Scan using articles_pkey on articles  (cost=0.29..8.30 rows=1 width=8)"], ["              Index Cond: (id = reactions.reactable_id)"], ["              Filter: ((NOT published) AND (published_at <= '2022-02-27 07:17:29.749956'::timestamp without time zone))"]]}
{"before": 0.08609999999999998, "after": 0.09689999999999999, "sql": "SELECT COUNT(*) FROM articles INNER JOIN (SELECT reactions.id, reactions.reactable_id, reactions.user_id FROM reactions WHERE reactions.user_id = 5375 AND reactions.category = 'readinglist' AND reactions.status IN ('confirmed', 'valid') AND reactions.reactable_type = 'Article' ORDER BY reactions.created_at DESC) AS reactions ON reactions.reactable_id = articles.id WHERE articles.published = False AND published_at <= '2022-02-27 07:17:29.404302'", "before_plan": [["Aggregate  (cost=17.23..17.24 rows=1 width=8)"], ["  ->  Nested Loop  (cost=8.60..17.23 rows=1 width=0)"], ["        ->  Sort  (cost=8.32..8.32 rows=1 width=32)"], ["              Sort Key: reactions.created_at DESC"], ["              ->  Index Scan using index_reactions_on_user_id_reactable_id_reactable_type_category on reactions  (cost=0.28..8.31 rows=1 width=32)"], ["                    Index Cond: ((user_id = 5375) AND ((reactable_type)::text = 'Article'::text) AND ((category)::text = 'readinglist'::text))"], ["                    Filter: ((status)::text = ANY ('{confirmed,valid}'::text[]))"], ["        ->  Index Scan using articles_pkey on articles  (cost=0.29..8.30 rows=1 width=8)"], ["              Index Cond: (id = reactions.reactable_id)"], ["              Filter: ((NOT published) AND (published_at <= '2022-02-27 07:17:29.404302'::timestamp without time zone))"]], "after_plan": [["Aggregate  (cost=17.23..17.24 rows=1 width=8)"], ["  ->  Nested Loop  (cost=8.60..17.23 rows=1 width=0)"], ["        ->  Sort  (cost=8.32..8.32 rows=1 width=32)"], ["              Sort Key: reactions.created_at DESC"], ["              ->  Index Scan using unique_table_reactions_field_user_id_reactable_id_reactable_typ on reactions  (cost=0.28..8.31 rows=1 width=32)"], ["                    Index Cond: ((user_id = 5375) AND ((reactable_type)::text = 'Article'::text) AND ((category)::text = 'readinglist'::text))"], ["                    Filter: ((status)::text = ANY ('{confirmed,valid}'::text[]))"], ["        ->  Index Scan using articles_pkey on articles  (cost=0.29..8.30 rows=1 width=8)"], ["              Index Cond: (id = reactions.reactable_id)"], ["              Filter: ((NOT published) AND (published_at <= '2022-02-27 07:17:29.404302'::timestamp without time zone))"]]}
{"before": 0.08489999999999998, "after": 0.09449999999999999, "sql": "SELECT COUNT(*) FROM articles INNER JOIN (SELECT reactions.id, reactions.reactable_id, reactions.user_id FROM reactions WHERE reactions.user_id = 5360 AND reactions.category = 'readinglist' AND reactions.status IN ('confirmed', 'valid') AND reactions.reactable_type = 'Article' ORDER BY reactions.created_at DESC) AS reactions ON reactions.reactable_id = articles.id WHERE articles.published = False AND published_at <= '2022-02-27 07:17:28.430331'", "before_plan": [["Aggregate  (cost=17.23..17.24 rows=1 width=8)"], ["  ->  Nested Loop  (cost=8.60..17.23 rows=1 width=0)"], ["        ->  Sort  (cost=8.32..8.32 rows=1 width=32)"], ["              Sort Key: reactions.created_at DESC"], ["              ->  Index Scan using index_reactions_on_user_id_reactable_id_reactable_type_category on reactions  (cost=0.28..8.31 rows=1 width=32)"], ["                    Index Cond: ((user_id = 5360) AND ((reactable_type)::text = 'Article'::text) AND ((category)::text = 'readinglist'::text))"], ["                    Filter: ((status)::text = ANY ('{confirmed,valid}'::text[]))"], ["        ->  Index Scan using articles_pkey on articles  (cost=0.29..8.30 rows=1 width=8)"], ["              Index Cond: (id = reactions.reactable_id)"], ["              Filter: ((NOT published) AND (published_at <= '2022-02-27 07:17:28.430331'::timestamp without time zone))"]], "after_plan": [["Aggregate  (cost=17.23..17.24 rows=1 width=8)"], ["  ->  Nested Loop  (cost=8.60..17.23 rows=1 width=0)"], ["        ->  Sort  (cost=8.32..8.32 rows=1 width=32)"], ["              Sort Key: reactions.created_at DESC"], ["              ->  Index Scan using unique_table_reactions_field_user_id_reactable_id_reactable_typ on reactions  (cost=0.28..8.31 rows=1 width=32)"], ["                    Index Cond: ((user_id = 5360) AND ((reactable_type)::text = 'Article'::text) AND ((category)::text = 'readinglist'::text))"], ["                    Filter: ((status)::text = ANY ('{confirmed,valid}'::text[]))"], ["        ->  Index Scan using articles_pkey on articles  (cost=0.29..8.30 rows=1 width=8)"], ["              Index Cond: (id = reactions.reactable_id)"], ["              Filter: ((NOT published) AND (published_at <= '2022-02-27 07:17:28.430331'::timestamp without time zone))"]]}
{"before": 0.08549999999999999, "after": 0.09679999999999998, "sql": "SELECT COUNT(*) FROM articles INNER JOIN (SELECT reactions.id, reactions.reactable_id, reactions.user_id FROM reactions WHERE reactions.user_id = 5425 AND reactions.category = 'readinglist' AND reactions.status IN ('confirmed', 'valid') AND reactions.reactable_type = 'Article' ORDER BY reactions.created_at DESC) AS reactions ON reactions.reactable_id = articles.id WHERE articles.published = False AND published_at <= '2022-02-27 07:17:32.905569'", "before_plan": [["Aggregate  (cost=17.23..17.24 rows=1 width=8)"], ["  ->  Nested Loop  (cost=8.60..17.23 rows=1 width=0)"], ["        ->  Sort  (cost=8.32..8.32 rows=1 width=32)"], ["              Sort Key: reactions.created_at DESC"], ["              ->  Index Scan using index_reactions_on_user_id_reactable_id_reactable_type_category on reactions  (cost=0.28..8.31 rows=1 width=32)"], ["                    Index Cond: ((user_id = 5425) AND ((reactable_type)::text = 'Article'::text) AND ((category)::text = 'readinglist'::text))"], ["                    Filter: ((status)::text = ANY ('{confirmed,valid}'::text[]))"], ["        ->  Index Scan using articles_pkey on articles  (cost=0.29..8.30 rows=1 width=8)"], ["              Index Cond: (id = reactions.reactable_id)"], ["              Filter: ((NOT published) AND (published_at <= '2022-02-27 07:17:32.905569'::timestamp without time zone))"]], "after_plan": [["Aggregate  (cost=17.23..17.24 rows=1 width=8)"], ["  ->  Nested Loop  (cost=8.60..17.23 rows=1 width=0)"], ["        ->  Sort  (cost=8.32..8.32 rows=1 width=32)"], ["              Sort Key: reactions.created_at DESC"], ["              ->  Index Scan using unique_table_reactions_field_user_id_reactable_id_reactable_typ on reactions  (cost=0.28..8.31 rows=1 width=32)"], ["                    Index Cond: ((user_id = 5425) AND ((reactable_type)::text = 'Article'::text) AND ((category)::text = 'readinglist'::text))"], ["                    Filter: ((status)::text = ANY ('{confirmed,valid}'::text[]))"], ["        ->  Index Scan using articles_pkey on articles  (cost=0.29..8.30 rows=1 width=8)"], ["              Index Cond: (id = reactions.reactable_id)"], ["              Filter: ((NOT published) AND (published_at <= '2022-02-27 07:17:32.905569'::timestamp without time zone))"]]}
{"before": 0.08519999999999998, "after": 0.09519999999999998, "sql": "SELECT COUNT(*) FROM articles INNER JOIN (SELECT reactions.id, reactions.reactable_id, reactions.user_id FROM reactions WHERE reactions.user_id = 3526 AND reactions.category = 'readinglist' AND reactions.status IN ('confirmed', 'valid') AND reactions.reactable_type = 'Article' ORDER BY reactions.created_at DESC) AS reactions ON reactions.reactable_id = articles.id WHERE articles.published = False AND published_at <= '2022-02-27 07:11:18.620922'", "before_plan": [["Aggregate  (cost=17.23..17.24 rows=1 width=8)"], ["  ->  Nested Loop  (cost=8.60..17.23 rows=1 width=0)"], ["        ->  Sort  (cost=8.32..8.32 rows=1 width=32)"], ["              Sort Key: reactions.created_at DESC"], ["              ->  Index Scan using index_reactions_on_user_id_reactable_id_reactable_type_category on reactions  (cost=0.28..8.31 rows=1 width=32)"], ["                    Index Cond: ((user_id = 3526) AND ((reactable_type)::text = 'Article'::text) AND ((category)::text = 'readinglist'::text))"], ["                    Filter: ((status)::text = ANY ('{confirmed,valid}'::text[]))"], ["        ->  Index Scan using articles_pkey on articles  (cost=0.29..8.30 rows=1 width=8)"], ["              Index Cond: (id = reactions.reactable_id)"], ["              Filter: ((NOT published) AND (published_at <= '2022-02-27 07:11:18.620922'::timestamp without time zone))"]], "after_plan": [["Aggregate  (cost=17.23..17.24 rows=1 width=8)"], ["  ->  Nested Loop  (cost=8.60..17.23 rows=1 width=0)"], ["        ->  Sort  (cost=8.32..8.32 rows=1 width=32)"], ["              Sort Key: reactions.created_at DESC"], ["              ->  Index Scan using unique_table_reactions_field_user_id_reactable_id_reactable_typ on reactions  (cost=0.28..8.31 rows=1 width=32)"], ["                    Index Cond: ((user_id = 3526) AND ((reactable_type)::text = 'Article'::text) AND ((category)::text = 'readinglist'::text))"], ["                    Filter: ((status)::text = ANY ('{confirmed,valid}'::text[]))"], ["        ->  Index Scan using articles_pkey on articles  (cost=0.29..8.30 rows=1 width=8)"], ["              Index Cond: (id = reactions.reactable_id)"], ["              Filter: ((NOT published) AND (published_at <= '2022-02-27 07:11:18.620922'::timestamp without time zone))"]]}
{"before": 0.08609999999999998, "after": 0.09429999999999998, "sql": "SELECT COUNT(*) FROM articles INNER JOIN (SELECT reactions.id, reactions.reactable_id, reactions.user_id FROM reactions WHERE reactions.user_id = 5372 AND reactions.category = 'readinglist' AND reactions.status IN ('confirmed', 'valid') AND reactions.reactable_type = 'Article' ORDER BY reactions.created_at DESC) AS reactions ON reactions.reactable_id = articles.id WHERE articles.published = False AND published_at <= '2022-02-27 07:17:29.285728'", "before_plan": [["Aggregate  (cost=17.23..17.24 rows=1 width=8)"], ["  ->  Nested Loop  (cost=8.60..17.23 rows=1 width=0)"], ["        ->  Sort  (cost=8.32..8.32 rows=1 width=32)"], ["              Sort Key: reactions.created_at DESC"], ["              ->  Index Scan using index_reactions_on_user_id_reactable_id_reactable_type_category on reactions  (cost=0.28..8.31 rows=1 width=32)"], ["                    Index Cond: ((user_id = 5372) AND ((reactable_type)::text = 'Article'::text) AND ((category)::text = 'readinglist'::text))"], ["                    Filter: ((status)::text = ANY ('{confirmed,valid}'::text[]))"], ["        ->  Index Scan using articles_pkey on articles  (cost=0.29..8.30 rows=1 width=8)"], ["              Index Cond: (id = reactions.reactable_id)"], ["              Filter: ((NOT published) AND (published_at <= '2022-02-27 07:17:29.285728'::timestamp without time zone))"]], "after_plan": [["Aggregate  (cost=17.23..17.24 rows=1 width=8)"], ["  ->  Nested Loop  (cost=8.60..17.23 rows=1 width=0)"], ["        ->  Sort  (cost=8.32..8.32 rows=1 width=32)"], ["              Sort Key: reactions.created_at DESC"], ["              ->  Index Scan using unique_table_reactions_field_user_id_reactable_id_reactable_typ on reactions  (cost=0.28..8.31 rows=1 width=32)"], ["                    Index Cond: ((user_id = 5372) AND ((reactable_type)::text = 'Article'::text) AND ((category)::text = 'readinglist'::text))"], ["                    Filter: ((status)::text = ANY ('{confirmed,valid}'::text[]))"], ["        ->  Index Scan using articles_pkey on articles  (cost=0.29..8.30 rows=1 width=8)"], ["              Index Cond: (id = reactions.reactable_id)"], ["              Filter: ((NOT published) AND (published_at <= '2022-02-27 07:17:29.285728'::timestamp without time zone))"]]}
{"before": 0.08659999999999998, "after": 0.09689999999999999, "sql": "SELECT COUNT(*) FROM articles INNER JOIN (SELECT reactions.id, reactions.reactable_id, reactions.user_id FROM reactions WHERE reactions.user_id = 5433 AND reactions.category = 'readinglist' AND reactions.status IN ('confirmed', 'valid') AND reactions.reactable_type = 'Article' ORDER BY reactions.created_at DESC) AS reactions ON reactions.reactable_id = articles.id WHERE articles.published = False AND published_at <= '2022-02-27 07:17:33.465266'", "before_plan": [["Aggregate  (cost=17.23..17.24 rows=1 width=8)"], ["  ->  Nested Loop  (cost=8.60..17.23 rows=1 width=0)"], ["        ->  Sort  (cost=8.32..8.32 rows=1 width=32)"], ["              Sort Key: reactions.created_at DESC"], ["              ->  Index Scan using index_reactions_on_user_id_reactable_id_reactable_type_category on reactions  (cost=0.28..8.31 rows=1 width=32)"], ["                    Index Cond: ((user_id = 5433) AND ((reactable_type)::text = 'Article'::text) AND ((category)::text = 'readinglist'::text))"], ["                    Filter: ((status)::text = ANY ('{confirmed,valid}'::text[]))"], ["        ->  Index Scan using articles_pkey on articles  (cost=0.29..8.30 rows=1 width=8)"], ["              Index Cond: (id = reactions.reactable_id)"], ["              Filter: ((NOT published) AND (published_at <= '2022-02-27 07:17:33.465266'::timestamp without time zone))"]], "after_plan": [["Aggregate  (cost=17.23..17.24 rows=1 width=8)"], ["  ->  Nested Loop  (cost=8.60..17.23 rows=1 width=0)"], ["        ->  Sort  (cost=8.32..8.32 rows=1 width=32)"], ["              Sort Key: reactions.created_at DESC"], ["              ->  Index Scan using unique_table_reactions_field_user_id_reactable_id_reactable_typ on reactions  (cost=0.28..8.31 rows=1 width=32)"], ["                    Index Cond: ((user_id = 5433) AND ((reactable_type)::text = 'Article'::text) AND ((category)::text = 'readinglist'::text))"], ["                    Filter: ((status)::text = ANY ('{confirmed,valid}'::text[]))"], ["        ->  Index Scan using articles_pkey on articles  (cost=0.29..8.30 rows=1 width=8)"], ["              Index Cond: (id = reactions.reactable_id)"], ["              Filter: ((NOT published) AND (published_at <= '2022-02-27 07:17:33.465266'::timestamp without time zone))"]]}
{"before": 0.08559999999999998, "after": 0.09499999999999999, "sql": "SELECT COUNT(*) FROM articles INNER JOIN (SELECT reactions.id, reactions.reactable_id, reactions.user_id FROM reactions WHERE reactions.user_id = 5385 AND reactions.category = 'readinglist' AND reactions.status IN ('confirmed', 'valid') AND reactions.reactable_type = 'Article' ORDER BY reactions.created_at DESC) AS reactions ON reactions.reactable_id = articles.id WHERE articles.published = False AND published_at <= '2022-02-27 07:17:29.988451'", "before_plan": [["Aggregate  (cost=17.23..17.24 rows=1 width=8)"], ["  ->  Nested Loop  (cost=8.60..17.23 rows=1 width=0)"], ["        ->  Sort  (cost=8.32..8.32 rows=1 width=32)"], ["              Sort Key: reactions.created_at DESC"], ["              ->  Index Scan using index_reactions_on_user_id_reactable_id_reactable_type_category on reactions  (cost=0.28..8.31 rows=1 width=32)"], ["                    Index Cond: ((user_id = 5385) AND ((reactable_type)::text = 'Article'::text) AND ((category)::text = 'readinglist'::text))"], ["                    Filter: ((status)::text = ANY ('{confirmed,valid}'::text[]))"], ["        ->  Index Scan using articles_pkey on articles  (cost=0.29..8.30 rows=1 width=8)"], ["              Index Cond: (id = reactions.reactable_id)"], ["              Filter: ((NOT published) AND (published_at <= '2022-02-27 07:17:29.988451'::timestamp without time zone))"]], "after_plan": [["Aggregate  (cost=17.23..17.24 rows=1 width=8)"], ["  ->  Nested Loop  (cost=8.60..17.23 rows=1 width=0)"], ["        ->  Sort  (cost=8.32..8.32 rows=1 width=32)"], ["              Sort Key: reactions.created_at DESC"], ["              ->  Index Scan using unique_table_reactions_field_user_id_reactable_id_reactable_typ on reactions  (cost=0.28..8.31 rows=1 width=32)"], ["                    Index Cond: ((user_id = 5385) AND ((reactable_type)::text = 'Article'::text) AND ((category)::text = 'readinglist'::text))"], ["                    Filter: ((status)::text = ANY ('{confirmed,valid}'::text[]))"], ["        ->  Index Scan using articles_pkey on articles  (cost=0.29..8.30 rows=1 width=8)"], ["              Index Cond: (id = reactions.reactable_id)"], ["              Filter: ((NOT published) AND (published_at <= '2022-02-27 07:17:29.988451'::timestamp without time zone))"]]}
{"before": 0.08549999999999999, "after": 0.09579999999999998, "sql": "SELECT COUNT(*) FROM articles INNER JOIN (SELECT reactions.id, reactions.reactable_id, reactions.user_id FROM reactions WHERE reactions.user_id = 5383 AND reactions.category = 'readinglist' AND reactions.status IN ('confirmed', 'valid') AND reactions.reactable_type = 'Article' ORDER BY reactions.created_at DESC) AS reactions ON reactions.reactable_id = articles.id WHERE articles.published = False AND published_at <= '2022-02-27 07:17:29.869169'", "before_plan": [["Aggregate  (cost=17.23..17.24 rows=1 width=8)"], ["  ->  Nested Loop  (cost=8.60..17.23 rows=1 width=0)"], ["        ->  Sort  (cost=8.32..8.32 rows=1 width=32)"], ["              Sort Key: reactions.created_at DESC"], ["              ->  Index Scan using index_reactions_on_user_id_reactable_id_reactable_type_category on reactions  (cost=0.28..8.31 rows=1 width=32)"], ["                    Index Cond: ((user_id = 5383) AND ((reactable_type)::text = 'Article'::text) AND ((category)::text = 'readinglist'::text))"], ["                    Filter: ((status)::text = ANY ('{confirmed,valid}'::text[]))"], ["        ->  Index Scan using articles_pkey on articles  (cost=0.29..8.30 rows=1 width=8)"], ["              Index Cond: (id = reactions.reactable_id)"], ["              Filter: ((NOT published) AND (published_at <= '2022-02-27 07:17:29.869169'::timestamp without time zone))"]], "after_plan": [["Aggregate  (cost=17.23..17.24 rows=1 width=8)"], ["  ->  Nested Loop  (cost=8.60..17.23 rows=1 width=0)"], ["        ->  Sort  (cost=8.32..8.32 rows=1 width=32)"], ["              Sort Key: reactions.created_at DESC"], ["              ->  Index Scan using unique_table_reactions_field_user_id_reactable_id_reactable_typ on reactions  (cost=0.28..8.31 rows=1 width=32)"], ["                    Index Cond: ((user_id = 5383) AND ((reactable_type)::text = 'Article'::text) AND ((category)::text = 'readinglist'::text))"], ["                    Filter: ((status)::text = ANY ('{confirmed,valid}'::text[]))"], ["        ->  Index Scan using articles_pkey on articles  (cost=0.29..8.30 rows=1 width=8)"], ["              Index Cond: (id = reactions.reactable_id)"], ["              Filter: ((NOT published) AND (published_at <= '2022-02-27 07:17:29.869169'::timestamp without time zone))"]]}
{"before": 0.08549999999999999, "after": 0.09469999999999998, "sql": "SELECT COUNT(*) FROM articles INNER JOIN (SELECT reactions.id, reactions.reactable_id, reactions.user_id FROM reactions WHERE reactions.user_id = 5363 AND reactions.category = 'readinglist' AND reactions.status IN ('confirmed', 'valid') AND reactions.reactable_type = 'Article' ORDER BY reactions.created_at DESC) AS reactions ON reactions.reactable_id = articles.id WHERE articles.published = False AND published_at <= '2022-02-27 07:17:28.688488'", "before_plan": [["Aggregate  (cost=17.23..17.24 rows=1 width=8)"], ["  ->  Nested Loop  (cost=8.60..17.23 rows=1 width=0)"], ["        ->  Sort  (cost=8.32..8.32 rows=1 width=32)"], ["              Sort Key: reactions.created_at DESC"], ["              ->  Index Scan using index_reactions_on_user_id_reactable_id_reactable_type_category on reactions  (cost=0.28..8.31 rows=1 width=32)"], ["                    Index Cond: ((user_id = 5363) AND ((reactable_type)::text = 'Article'::text) AND ((category)::text = 'readinglist'::text))"], ["                    Filter: ((status)::text = ANY ('{confirmed,valid}'::text[]))"], ["        ->  Index Scan using articles_pkey on articles  (cost=0.29..8.30 rows=1 width=8)"], ["              Index Cond: (id = reactions.reactable_id)"], ["              Filter: ((NOT published) AND (published_at <= '2022-02-27 07:17:28.688488'::timestamp without time zone))"]], "after_plan": [["Aggregate  (cost=17.23..17.24 rows=1 width=8)"], ["  ->  Nested Loop  (cost=8.60..17.23 rows=1 width=0)"], ["        ->  Sort  (cost=8.32..8.32 rows=1 width=32)"], ["              Sort Key: reactions.created_at DESC"], ["              ->  Index Scan using unique_table_reactions_field_user_id_reactable_id_reactable_typ on reactions  (cost=0.28..8.31 rows=1 width=32)"], ["                    Index Cond: ((user_id = 5363) AND ((reactable_type)::text = 'Article'::text) AND ((category)::text = 'readinglist'::text))"], ["                    Filter: ((status)::text = ANY ('{confirmed,valid}'::text[]))"], ["        ->  Index Scan using articles_pkey on articles  (cost=0.29..8.30 rows=1 width=8)"], ["              Index Cond: (id = reactions.reactable_id)"], ["              Filter: ((NOT published) AND (published_at <= '2022-02-27 07:17:28.688488'::timestamp without time zone))"]]}
{"before": 0.07619999999999999, "after": 0.08009999999999999, "sql": "SELECT articles.user_id FROM articles INNER JOIN (SELECT reactions.id, reactions.reactable_id, reactions.user_id FROM reactions WHERE reactions.user_id = 3528 AND reactions.category = 'readinglist' AND reactions.status = 'valid' AND reactions.reactable_type = 'Article' ORDER BY reactions.created_at DESC) AS reactions ON reactions.reactable_id = articles.id WHERE articles.published = False AND published_at <= '2022-02-27 07:11:18.772793' LIMIT 2 OFFSET 1", "before_plan": [["Limit  (cost=17.23..25.86 rows=1 width=8)"], ["  ->  Nested Loop  (cost=8.60..17.23 rows=1 width=8)"], ["        ->  Sort  (cost=8.32..8.32 rows=1 width=32)"], ["              Sort Key: reactions.created_at DESC"], ["              ->  Index Scan using index_reactions_on_user_id_reactable_id_reactable_type_category on reactions  (cost=0.28..8.31 rows=1 width=32)"], ["                    Index Cond: ((user_id = 3528) AND ((reactable_type)::text = 'Article'::text) AND ((category)::text = 'readinglist'::text))"], ["                    Filter: ((status)::text = 'valid'::text)"], ["        ->  Index Scan using articles_pkey on articles  (cost=0.29..8.30 rows=1 width=16)"], ["              Index Cond: (id = reactions.reactable_id)"], ["              Filter: ((NOT published) AND (published_at <= '2022-02-27 07:11:18.772793'::timestamp without time zone))"]], "after_plan": [["Limit  (cost=17.23..25.86 rows=1 width=8)"], ["  ->  Nested Loop  (cost=8.60..17.23 rows=1 width=8)"], ["        ->  Sort  (cost=8.32..8.32 rows=1 width=32)"], ["              Sort Key: reactions.created_at DESC"], ["              ->  Index Scan using unique_table_reactions_field_user_id_reactable_id_reactable_typ on reactions  (cost=0.28..8.31 rows=1 width=32)"], ["                    Index Cond: ((user_id = 3528) AND ((reactable_type)::text = 'Article'::text) AND ((category)::text = 'readinglist'::text))"], ["                    Filter: ((status)::text = 'valid'::text)"], ["        ->  Index Scan using articles_pkey on articles  (cost=0.29..8.30 rows=1 width=16)"], ["              Index Cond: (id = reactions.reactable_id)"], ["              Filter: ((NOT published) AND (published_at <= '2022-02-27 07:11:18.772793'::timestamp without time zone))"]]}
{"before": 0.07619999999999999, "after": 0.0799, "sql": "SELECT articles.user_id FROM articles INNER JOIN (SELECT reactions.id, reactions.reactable_id, reactions.user_id FROM reactions WHERE reactions.user_id = 5387 AND reactions.category = 'readinglist' AND reactions.status = 'archived' AND reactions.reactable_type = 'Article' ORDER BY reactions.created_at DESC) AS reactions ON reactions.reactable_id = articles.id WHERE articles.published = False AND published_at <= '2022-02-27 07:17:30.184658' LIMIT 10 OFFSET 1", "before_plan": [["Limit  (cost=17.23..25.86 rows=1 width=8)"], ["  ->  Nested Loop  (cost=8.60..17.23 rows=1 width=8)"], ["        ->  Sort  (cost=8.32..8.32 rows=1 width=32)"], ["              Sort Key: reactions.created_at DESC"], ["              ->  Index Scan using index_reactions_on_user_id_reactable_id_reactable_type_category on reactions  (cost=0.28..8.31 rows=1 width=32)"], ["                    Index Cond: ((user_id = 5387) AND ((reactable_type)::text = 'Article'::text) AND ((category)::text = 'readinglist'::text))"], ["                    Filter: ((status)::text = 'archived'::text)"], ["        ->  Index Scan using articles_pkey on articles  (cost=0.29..8.30 rows=1 width=16)"], ["              Index Cond: (id = reactions.reactable_id)"], ["              Filter: ((NOT published) AND (published_at <= '2022-02-27 07:17:30.184658'::timestamp without time zone))"]], "after_plan": [["Limit  (cost=17.23..25.86 rows=1 width=8)"], ["  ->  Nested Loop  (cost=8.60..17.23 rows=1 width=8)"], ["        ->  Sort  (cost=8.32..8.32 rows=1 width=32)"], ["              Sort Key: reactions.created_at DESC"], ["              ->  Index Scan using unique_table_reactions_field_user_id_reactable_id_reactable_typ on reactions  (cost=0.28..8.31 rows=1 width=32)"], ["                    Index Cond: ((user_id = 5387) AND ((reactable_type)::text = 'Article'::text) AND ((category)::text = 'readinglist'::text))"], ["                    Filter: ((status)::text = 'archived'::text)"], ["        ->  Index Scan using articles_pkey on articles  (cost=0.29..8.30 rows=1 width=16)"], ["              Index Cond: (id = reactions.reactable_id)"], ["              Filter: ((NOT published) AND (published_at <= '2022-02-27 07:17:30.184658'::timestamp without time zone))"]]}
{"before": 0.07469999999999999, "after": 0.08059999999999999, "sql": "SELECT articles.user_id FROM articles INNER JOIN (SELECT reactions.id, reactions.reactable_id, reactions.user_id FROM reactions WHERE reactions.user_id = 5375 AND reactions.category = 'readinglist' AND reactions.status IN ('confirmed', 'valid') AND reactions.reactable_type = 'Article' ORDER BY reactions.created_at DESC) AS reactions ON reactions.reactable_id = articles.id WHERE articles.published = False AND published_at <= '2022-02-27 07:17:29.404302' LIMIT 3 OFFSET 1", "before_plan": [["Limit  (cost=17.23..25.86 rows=1 width=8)"], ["  ->  Nested Loop  (cost=8.60..17.23 rows=1 width=8)"], ["        ->  Sort  (cost=8.32..8.32 rows=1 width=32)"], ["              Sort Key: reactions.created_at DESC"], ["              ->  Index Scan using index_reactions_on_user_id_reactable_id_reactable_type_category on reactions  (cost=0.28..8.31 rows=1 width=32)"], ["                    Index Cond: ((user_id = 5375) AND ((reactable_type)::text = 'Article'::text) AND ((category)::text = 'readinglist'::text))"], ["                    Filter: ((status)::text = ANY ('{confirmed,valid}'::text[]))"], ["        ->  Index Scan using articles_pkey on articles  (cost=0.29..8.30 rows=1 width=16)"], ["              Index Cond: (id = reactions.reactable_id)"], ["              Filter: ((NOT published) AND (published_at <= '2022-02-27 07:17:29.404302'::timestamp without time zone))"]], "after_plan": [["Limit  (cost=17.23..25.86 rows=1 width=8)"], ["  ->  Nested Loop  (cost=8.60..17.23 rows=1 width=8)"], ["        ->  Sort  (cost=8.32..8.32 rows=1 width=32)"], ["              Sort Key: reactions.created_at DESC"], ["              ->  Index Scan using unique_table_reactions_field_user_id_reactable_id_reactable_typ on reactions  (cost=0.28..8.31 rows=1 width=32)"], ["                    Index Cond: ((user_id = 5375) AND ((reactable_type)::text = 'Article'::text) AND ((category)::text = 'readinglist'::text))"], ["                    Filter: ((status)::text = ANY ('{confirmed,valid}'::text[]))"], ["        ->  Index Scan using articles_pkey on articles  (cost=0.29..8.30 rows=1 width=16)"], ["              Index Cond: (id = reactions.reactable_id)"], ["              Filter: ((NOT published) AND (published_at <= '2022-02-27 07:17:29.404302'::timestamp without time zone))"]]}
{"before": 0.07639999999999998, "after": 0.08189999999999999, "sql": "SELECT articles.user_id FROM articles INNER JOIN (SELECT reactions.id, reactions.reactable_id, reactions.user_id FROM reactions WHERE reactions.user_id = 5433 AND reactions.category = 'readinglist' AND reactions.status IN ('confirmed', 'valid') AND reactions.reactable_type = 'Article' ORDER BY reactions.created_at DESC) AS reactions ON reactions.reactable_id = articles.id WHERE articles.published = False AND published_at <= '2022-02-27 07:17:33.465266' LIMIT 2 OFFSET 1", "before_plan": [["Limit  (cost=17.23..25.86 rows=1 width=8)"], ["  ->  Nested Loop  (cost=8.60..17.23 rows=1 width=8)"], ["        ->  Sort  (cost=8.32..8.32 rows=1 width=32)"], ["              Sort Key: reactions.created_at DESC"], ["              ->  Index Scan using index_reactions_on_user_id_reactable_id_reactable_type_category on reactions  (cost=0.28..8.31 rows=1 width=32)"], ["                    Index Cond: ((user_id = 5433) AND ((reactable_type)::text = 'Article'::text) AND ((category)::text = 'readinglist'::text))"], ["                    Filter: ((status)::text = ANY ('{confirmed,valid}'::text[]))"], ["        ->  Index Scan using articles_pkey on articles  (cost=0.29..8.30 rows=1 width=16)"], ["              Index Cond: (id = reactions.reactable_id)"], ["              Filter: ((NOT published) AND (published_at <= '2022-02-27 07:17:33.465266'::timestamp without time zone))"]], "after_plan": [["Limit  (cost=17.23..25.86 rows=1 width=8)"], ["  ->  Nested Loop  (cost=8.60..17.23 rows=1 width=8)"], ["        ->  Sort  (cost=8.32..8.32 rows=1 width=32)"], ["              Sort Key: reactions.created_at DESC"], ["              ->  Index Scan using unique_table_reactions_field_user_id_reactable_id_reactable_typ on reactions  (cost=0.28..8.31 rows=1 width=32)"], ["                    Index Cond: ((user_id = 5433) AND ((reactable_type)::text = 'Article'::text) AND ((category)::text = 'readinglist'::text))"], ["                    Filter: ((status)::text = ANY ('{confirmed,valid}'::text[]))"], ["        ->  Index Scan using articles_pkey on articles  (cost=0.29..8.30 rows=1 width=16)"], ["              Index Cond: (id = reactions.reactable_id)"], ["              Filter: ((NOT published) AND (published_at <= '2022-02-27 07:17:33.465266'::timestamp without time zone))"]]}
{"before": 0.07419999999999999, "after": 0.07849999999999999, "sql": "SELECT articles.user_id FROM articles INNER JOIN (SELECT reactions.id, reactions.reactable_id, reactions.user_id FROM reactions WHERE reactions.user_id = 3526 AND reactions.category = 'readinglist' AND reactions.status IN ('confirmed', 'valid') AND reactions.reactable_type = 'Article' ORDER BY reactions.created_at DESC) AS reactions ON reactions.reactable_id = articles.id WHERE articles.published = False AND published_at <= '2022-02-27 07:11:18.620922' LIMIT 1 OFFSET 1", "before_plan": [["Limit  (cost=17.23..25.86 rows=1 width=8)"], ["  ->  Nested Loop  (cost=8.60..17.23 rows=1 width=8)"], ["        ->  Sort  (cost=8.32..8.32 rows=1 width=32)"], ["              Sort Key: reactions.created_at DESC"], ["              ->  Index Scan using index_reactions_on_user_id_reactable_id_reactable_type_category on reactions  (cost=0.28..8.31 rows=1 width=32)"], ["                    Index Cond: ((user_id = 3526) AND ((reactable_type)::text = 'Article'::text) AND ((category)::text = 'readinglist'::text))"], ["                    Filter: ((status)::text = ANY ('{confirmed,valid}'::text[]))"], ["        ->  Index Scan using articles_pkey on articles  (cost=0.29..8.30 rows=1 width=16)"], ["              Index Cond: (id = reactions.reactable_id)"], ["              Filter: ((NOT published) AND (published_at <= '2022-02-27 07:11:18.620922'::timestamp without time zone))"]], "after_plan": [["Limit  (cost=17.23..25.86 rows=1 width=8)"], ["  ->  Nested Loop  (cost=8.60..17.23 rows=1 width=8)"], ["        ->  Sort  (cost=8.32..8.32 rows=1 width=32)"], ["              Sort Key: reactions.created_at DESC"], ["              ->  Index Scan using unique_table_reactions_field_user_id_reactable_id_reactable_typ on reactions  (cost=0.28..8.31 rows=1 width=32)"], ["                    Index Cond: ((user_id = 3526) AND ((reactable_type)::text = 'Article'::text) AND ((category)::text = 'readinglist'::text))"], ["                    Filter: ((status)::text = ANY ('{confirmed,valid}'::text[]))"], ["        ->  Index Scan using articles_pkey on articles  (cost=0.29..8.30 rows=1 width=16)"], ["              Index Cond: (id = reactions.reactable_id)"], ["              Filter: ((NOT published) AND (published_at <= '2022-02-27 07:11:18.620922'::timestamp without time zone))"]]}
{"before": 0.07659999999999997, "after": 0.08139999999999999, "sql": "SELECT articles.user_id FROM articles INNER JOIN (SELECT reactions.id, reactions.reactable_id, reactions.user_id FROM reactions WHERE reactions.user_id = 5425 AND reactions.category = 'readinglist' AND reactions.status IN ('confirmed', 'valid') AND reactions.reactable_type = 'Article' ORDER BY reactions.created_at DESC) AS reactions ON reactions.reactable_id = articles.id WHERE articles.published = False AND published_at <= '2022-02-27 07:17:32.905569' LIMIT 4 OFFSET 1", "before_plan": [["Limit  (cost=17.23..25.86 rows=1 width=8)"], ["  ->  Nested Loop  (cost=8.60..17.23 rows=1 width=8)"], ["        ->  Sort  (cost=8.32..8.32 rows=1 width=32)"], ["              Sort Key: reactions.created_at DESC"], ["              ->  Index Scan using index_reactions_on_user_id_reactable_id_reactable_type_category on reactions  (cost=0.28..8.31 rows=1 width=32)"], ["                    Index Cond: ((user_id = 5425) AND ((reactable_type)::text = 'Article'::text) AND ((category)::text = 'readinglist'::text))"], ["                    Filter: ((status)::text = ANY ('{confirmed,valid}'::text[]))"], ["        ->  Index Scan using articles_pkey on articles  (cost=0.29..8.30 rows=1 width=16)"], ["              Index Cond: (id = reactions.reactable_id)"], ["              Filter: ((NOT published) AND (published_at <= '2022-02-27 07:17:32.905569'::timestamp without time zone))"]], "after_plan": [["Limit  (cost=17.23..25.86 rows=1 width=8)"], ["  ->  Nested Loop  (cost=8.60..17.23 rows=1 width=8)"], ["        ->  Sort  (cost=8.32..8.32 rows=1 width=32)"], ["              Sort Key: reactions.created_at DESC"], ["              ->  Index Scan using unique_table_reactions_field_user_id_reactable_id_reactable_typ on reactions  (cost=0.28..8.31 rows=1 width=32)"], ["                    Index Cond: ((user_id = 5425) AND ((reactable_type)::text = 'Article'::text) AND ((category)::text = 'readinglist'::text))"], ["                    Filter: ((status)::text = ANY ('{confirmed,valid}'::text[]))"], ["        ->  Index Scan using articles_pkey on articles  (cost=0.29..8.30 rows=1 width=16)"], ["              Index Cond: (id = reactions.reactable_id)"], ["              Filter: ((NOT published) AND (published_at <= '2022-02-27 07:17:32.905569'::timestamp without time zone))"]]}
{"before": 0.07509999999999999, "after": 0.07909999999999999, "sql": "SELECT articles.user_id FROM articles INNER JOIN (SELECT reactions.id, reactions.reactable_id, reactions.user_id FROM reactions WHERE reactions.user_id = 5363 AND reactions.category = 'readinglist' AND reactions.status IN ('confirmed', 'valid') AND reactions.reactable_type = 'Article' ORDER BY reactions.created_at DESC) AS reactions ON reactions.reactable_id = articles.id WHERE articles.published = False AND published_at <= '2022-02-27 07:17:28.688488' LIMIT 4 OFFSET 1", "before_plan": [["Limit  (cost=17.23..25.86 rows=1 width=8)"], ["  ->  Nested Loop  (cost=8.60..17.23 rows=1 width=8)"], ["        ->  Sort  (cost=8.32..8.32 rows=1 width=32)"], ["              Sort Key: reactions.created_at DESC"], ["              ->  Index Scan using index_reactions_on_user_id_reactable_id_reactable_type_category on reactions  (cost=0.28..8.31 rows=1 width=32)"], ["                    Index Cond: ((user_id = 5363) AND ((reactable_type)::text = 'Article'::text) AND ((category)::text = 'readinglist'::text))"], ["                    Filter: ((status)::text = ANY ('{confirmed,valid}'::text[]))"], ["        ->  Index Scan using articles_pkey on articles  (cost=0.29..8.30 rows=1 width=16)"], ["              Index Cond: (id = reactions.reactable_id)"], ["              Filter: ((NOT published) AND (published_at <= '2022-02-27 07:17:28.688488'::timestamp without time zone))"]], "after_plan": [["Limit  (cost=17.23..25.86 rows=1 width=8)"], ["  ->  Nested Loop  (cost=8.60..17.23 rows=1 width=8)"], ["        ->  Sort  (cost=8.32..8.32 rows=1 width=32)"], ["              Sort Key: reactions.created_at DESC"], ["              ->  Index Scan using unique_table_reactions_field_user_id_reactable_id_reactable_typ on reactions  (cost=0.28..8.31 rows=1 width=32)"], ["                    Index Cond: ((user_id = 5363) AND ((reactable_type)::text = 'Article'::text) AND ((category)::text = 'readinglist'::text))"], ["                    Filter: ((status)::text = ANY ('{confirmed,valid}'::text[]))"], ["        ->  Index Scan using articles_pkey on articles  (cost=0.29..8.30 rows=1 width=16)"], ["              Index Cond: (id = reactions.reactable_id)"], ["              Filter: ((NOT published) AND (published_at <= '2022-02-27 07:17:28.688488'::timestamp without time zone))"]]}
{"before": 0.07449999999999998, "after": 0.07959999999999999, "sql": "SELECT articles.user_id FROM articles INNER JOIN (SELECT reactions.id, reactions.reactable_id, reactions.user_id FROM reactions WHERE reactions.user_id = 5372 AND reactions.category = 'readinglist' AND reactions.status IN ('confirmed', 'valid') AND reactions.reactable_type = 'Article' ORDER BY reactions.created_at DESC) AS reactions ON reactions.reactable_id = articles.id WHERE articles.published = False AND published_at <= '2022-02-27 07:17:29.285728' LIMIT 8 OFFSET 1", "before_plan": [["Limit  (cost=17.23..25.86 rows=1 width=8)"], ["  ->  Nested Loop  (cost=8.60..17.23 rows=1 width=8)"], ["        ->  Sort  (cost=8.32..8.32 rows=1 width=32)"], ["              Sort Key: reactions.created_at DESC"], ["              ->  Index Scan using index_reactions_on_user_id_reactable_id_reactable_type_category on reactions  (cost=0.28..8.31 rows=1 width=32)"], ["                    Index Cond: ((user_id = 5372) AND ((reactable_type)::text = 'Article'::text) AND ((category)::text = 'readinglist'::text))"], ["                    Filter: ((status)::text = ANY ('{confirmed,valid}'::text[]))"], ["        ->  Index Scan using articles_pkey on articles  (cost=0.29..8.30 rows=1 width=16)"], ["              Index Cond: (id = reactions.reactable_id)"], ["              Filter: ((NOT published) AND (published_at <= '2022-02-27 07:17:29.285728'::timestamp without time zone))"]], "after_plan": [["Limit  (cost=17.23..25.86 rows=1 width=8)"], ["  ->  Nested Loop  (cost=8.60..17.23 rows=1 width=8)"], ["        ->  Sort  (cost=8.32..8.32 rows=1 width=32)"], ["              Sort Key: reactions.created_at DESC"], ["              ->  Index Scan using unique_table_reactions_field_user_id_reactable_id_reactable_typ on reactions  (cost=0.28..8.31 rows=1 width=32)"], ["                    Index Cond: ((user_id = 5372) AND ((reactable_type)::text = 'Article'::text) AND ((category)::text = 'readinglist'::text))"], ["                    Filter: ((status)::text = ANY ('{confirmed,valid}'::text[]))"], ["        ->  Index Scan using articles_pkey on articles  (cost=0.29..8.30 rows=1 width=16)"], ["              Index Cond: (id = reactions.reactable_id)"], ["              Filter: ((NOT published) AND (published_at <= '2022-02-27 07:17:29.285728'::timestamp without time zone))"]]}
{"before": 0.0759, "after": 0.0789, "sql": "SELECT articles.user_id FROM articles INNER JOIN (SELECT reactions.id, reactions.reactable_id, reactions.user_id FROM reactions WHERE reactions.user_id = 5379 AND reactions.category = 'readinglist' AND reactions.status IN ('confirmed', 'valid') AND reactions.reactable_type = 'Article' ORDER BY reactions.created_at DESC) AS reactions ON reactions.reactable_id = articles.id WHERE articles.published = False AND published_at <= '2022-02-27 07:17:29.634659' LIMIT 8 OFFSET 1", "before_plan": [["Limit  (cost=17.23..25.86 rows=1 width=8)"], ["  ->  Nested Loop  (cost=8.60..17.23 rows=1 width=8)"], ["        ->  Sort  (cost=8.32..8.32 rows=1 width=32)"], ["              Sort Key: reactions.created_at DESC"], ["              ->  Index Scan using index_reactions_on_user_id_reactable_id_reactable_type_category on reactions  (cost=0.28..8.31 rows=1 width=32)"], ["                    Index Cond: ((user_id = 5379) AND ((reactable_type)::text = 'Article'::text) AND ((category)::text = 'readinglist'::text))"], ["                    Filter: ((status)::text = ANY ('{confirmed,valid}'::text[]))"], ["        ->  Index Scan using articles_pkey on articles  (cost=0.29..8.30 rows=1 width=16)"], ["              Index Cond: (id = reactions.reactable_id)"], ["              Filter: ((NOT published) AND (published_at <= '2022-02-27 07:17:29.634659'::timestamp without time zone))"]], "after_plan": [["Limit  (cost=17.23..25.86 rows=1 width=8)"], ["  ->  Nested Loop  (cost=8.60..17.23 rows=1 width=8)"], ["        ->  Sort  (cost=8.32..8.32 rows=1 width=32)"], ["              Sort Key: reactions.created_at DESC"], ["              ->  Index Scan using unique_table_reactions_field_user_id_reactable_id_reactable_typ on reactions  (cost=0.28..8.31 rows=1 width=32)"], ["                    Index Cond: ((user_id = 5379) AND ((reactable_type)::text = 'Article'::text) AND ((category)::text = 'readinglist'::text))"], ["                    Filter: ((status)::text = ANY ('{confirmed,valid}'::text[]))"], ["        ->  Index Scan using articles_pkey on articles  (cost=0.29..8.30 rows=1 width=16)"], ["              Index Cond: (id = reactions.reactable_id)"], ["              Filter: ((NOT published) AND (published_at <= '2022-02-27 07:17:29.634659'::timestamp without time zone))"]]}
{"before": 0.0779, "after": 0.08049999999999999, "sql": "SELECT articles.user_id FROM articles INNER JOIN (SELECT reactions.id, reactions.reactable_id, reactions.user_id FROM reactions WHERE reactions.user_id = 5383 AND reactions.category = 'readinglist' AND reactions.status IN ('confirmed', 'valid') AND reactions.reactable_type = 'Article' ORDER BY reactions.created_at DESC) AS reactions ON reactions.reactable_id = articles.id WHERE articles.published = False AND published_at <= '2022-02-27 07:17:29.869169' LIMIT 10 OFFSET 1", "before_plan": [["Limit  (cost=17.23..25.86 rows=1 width=8)"], ["  ->  Nested Loop  (cost=8.60..17.23 rows=1 width=8)"], ["        ->  Sort  (cost=8.32..8.32 rows=1 width=32)"], ["              Sort Key: reactions.created_at DESC"], ["              ->  Index Scan using index_reactions_on_user_id_reactable_id_reactable_type_category on reactions  (cost=0.28..8.31 rows=1 width=32)"], ["                    Index Cond: ((user_id = 5383) AND ((reactable_type)::text = 'Article'::text) AND ((category)::text = 'readinglist'::text))"], ["                    Filter: ((status)::text = ANY ('{confirmed,valid}'::text[]))"], ["        ->  Index Scan using articles_pkey on articles  (cost=0.29..8.30 rows=1 width=16)"], ["              Index Cond: (id = reactions.reactable_id)"], ["              Filter: ((NOT published) AND (published_at <= '2022-02-27 07:17:29.869169'::timestamp without time zone))"]], "after_plan": [["Limit  (cost=17.23..25.86 rows=1 width=8)"], ["  ->  Nested Loop  (cost=8.60..17.23 rows=1 width=8)"], ["        ->  Sort  (cost=8.32..8.32 rows=1 width=32)"], ["              Sort Key: reactions.created_at DESC"], ["              ->  Index Scan using unique_table_reactions_field_user_id_reactable_id_reactable_typ on reactions  (cost=0.28..8.31 rows=1 width=32)"], ["                    Index Cond: ((user_id = 5383) AND ((reactable_type)::text = 'Article'::text) AND ((category)::text = 'readinglist'::text))"], ["                    Filter: ((status)::text = ANY ('{confirmed,valid}'::text[]))"], ["        ->  Index Scan using articles_pkey on articles  (cost=0.29..8.30 rows=1 width=16)"], ["              Index Cond: (id = reactions.reactable_id)"], ["              Filter: ((NOT published) AND (published_at <= '2022-02-27 07:17:29.869169'::timestamp without time zone))"]]}
{"before": 0.0768, "after": 0.07919999999999999, "sql": "SELECT articles.user_id FROM articles INNER JOIN (SELECT reactions.id, reactions.reactable_id, reactions.user_id FROM reactions WHERE reactions.user_id = 5377 AND reactions.category = 'readinglist' AND reactions.status IN ('confirmed', 'valid') AND reactions.reactable_type = 'Article' ORDER BY reactions.created_at DESC) AS reactions ON reactions.reactable_id = articles.id WHERE articles.published = False AND published_at <= '2022-02-27 07:17:29.519410' LIMIT 7 OFFSET 1", "before_plan": [["Limit  (cost=17.23..25.86 rows=1 width=8)"], ["  ->  Nested Loop  (cost=8.60..17.23 rows=1 width=8)"], ["        ->  Sort  (cost=8.32..8.32 rows=1 width=32)"], ["              Sort Key: reactions.created_at DESC"], ["              ->  Index Scan using index_reactions_on_user_id_reactable_id_reactable_type_category on reactions  (cost=0.28..8.31 rows=1 width=32)"], ["                    Index Cond: ((user_id = 5377) AND ((reactable_type)::text = 'Article'::text) AND ((category)::text = 'readinglist'::text))"], ["                    Filter: ((status)::text = ANY ('{confirmed,valid}'::text[]))"], ["        ->  Index Scan using articles_pkey on articles  (cost=0.29..8.30 rows=1 width=16)"], ["              Index Cond: (id = reactions.reactable_id)"], ["              Filter: ((NOT published) AND (published_at <= '2022-02-27 07:17:29.51941'::timestamp without time zone))"]], "after_plan": [["Limit  (cost=17.23..25.86 rows=1 width=8)"], ["  ->  Nested Loop  (cost=8.60..17.23 rows=1 width=8)"], ["        ->  Sort  (cost=8.32..8.32 rows=1 width=32)"], ["              Sort Key: reactions.created_at DESC"], ["              ->  Index Scan using unique_table_reactions_field_user_id_reactable_id_reactable_typ on reactions  (cost=0.28..8.31 rows=1 width=32)"], ["                    Index Cond: ((user_id = 5377) AND ((reactable_type)::text = 'Article'::text) AND ((category)::text = 'readinglist'::text))"], ["                    Filter: ((status)::text = ANY ('{confirmed,valid}'::text[]))"], ["        ->  Index Scan using articles_pkey on articles  (cost=0.29..8.30 rows=1 width=16)"], ["              Index Cond: (id = reactions.reactable_id)"], ["              Filter: ((NOT published) AND (published_at <= '2022-02-27 07:17:29.51941'::timestamp without time zone))"]]}
{"before": 0.07429999999999999, "after": 0.0803, "sql": "SELECT articles.user_id FROM articles INNER JOIN (SELECT reactions.id, reactions.reactable_id, reactions.user_id FROM reactions WHERE reactions.user_id = 5366 AND reactions.category = 'readinglist' AND reactions.status IN ('confirmed', 'valid') AND reactions.reactable_type = 'Article' ORDER BY reactions.created_at DESC) AS reactions ON reactions.reactable_id = articles.id WHERE articles.published = False AND published_at <= '2022-02-27 07:17:28.805015' LIMIT 8 OFFSET 1", "before_plan": [["Limit  (cost=17.23..25.86 rows=1 width=8)"], ["  ->  Nested Loop  (cost=8.60..17.23 rows=1 width=8)"], ["        ->  Sort  (cost=8.32..8.32 rows=1 width=32)"], ["              Sort Key: reactions.created_at DESC"], ["              ->  Index Scan using index_reactions_on_user_id_reactable_id_reactable_type_category on reactions  (cost=0.28..8.31 rows=1 width=32)"], ["                    Index Cond: ((user_id = 5366) AND ((reactable_type)::text = 'Article'::text) AND ((category)::text = 'readinglist'::text))"], ["                    Filter: ((status)::text = ANY ('{confirmed,valid}'::text[]))"], ["        ->  Index Scan using articles_pkey on articles  (cost=0.29..8.30 rows=1 width=16)"], ["              Index Cond: (id = reactions.reactable_id)"], ["              Filter: ((NOT published) AND (published_at <= '2022-02-27 07:17:28.805015'::timestamp without time zone))"]], "after_plan": [["Limit  (cost=17.23..25.86 rows=1 width=8)"], ["  ->  Nested Loop  (cost=8.60..17.23 rows=1 width=8)"], ["        ->  Sort  (cost=8.32..8.32 rows=1 width=32)"], ["              Sort Key: reactions.created_at DESC"], ["              ->  Index Scan using unique_table_reactions_field_user_id_reactable_id_reactable_typ on reactions  (cost=0.28..8.31 rows=1 width=32)"], ["                    Index Cond: ((user_id = 5366) AND ((reactable_type)::text = 'Article'::text) AND ((category)::text = 'readinglist'::text))"], ["                    Filter: ((status)::text = ANY ('{confirmed,valid}'::text[]))"], ["        ->  Index Scan using articles_pkey on articles  (cost=0.29..8.30 rows=1 width=16)"], ["              Index Cond: (id = reactions.reactable_id)"], ["              Filter: ((NOT published) AND (published_at <= '2022-02-27 07:17:28.805015'::timestamp without time zone))"]]}
{"before": 0.07409999999999999, "after": 0.0799, "sql": "SELECT articles.user_id FROM articles INNER JOIN (SELECT reactions.id, reactions.reactable_id, reactions.user_id FROM reactions WHERE reactions.user_id = 5368 AND reactions.category = 'readinglist' AND reactions.status IN ('confirmed', 'valid') AND reactions.reactable_type = 'Article' ORDER BY reactions.created_at DESC) AS reactions ON reactions.reactable_id = articles.id WHERE articles.published = False AND published_at <= '2022-02-27 07:17:29.086760' LIMIT 4 OFFSET 1", "before_plan": [["Limit  (cost=17.23..25.86 rows=1 width=8)"], ["  ->  Nested Loop  (cost=8.60..17.23 rows=1 width=8)"], ["        ->  Sort  (cost=8.32..8.32 rows=1 width=32)"], ["              Sort Key: reactions.created_at DESC"], ["              ->  Index Scan using index_reactions_on_user_id_reactable_id_reactable_type_category on reactions  (cost=0.28..8.31 rows=1 width=32)"], ["                    Index Cond: ((user_id = 5368) AND ((reactable_type)::text = 'Article'::text) AND ((category)::text = 'readinglist'::text))"], ["                    Filter: ((status)::text = ANY ('{confirmed,valid}'::text[]))"], ["        ->  Index Scan using articles_pkey on articles  (cost=0.29..8.30 rows=1 width=16)"], ["              Index Cond: (id = reactions.reactable_id)"], ["              Filter: ((NOT published) AND (published_at <= '2022-02-27 07:17:29.08676'::timestamp without time zone))"]], "after_plan": [["Limit  (cost=17.23..25.86 rows=1 width=8)"], ["  ->  Nested Loop  (cost=8.60..17.23 rows=1 width=8)"], ["        ->  Sort  (cost=8.32..8.32 rows=1 width=32)"], ["              Sort Key: reactions.created_at DESC"], ["              ->  Index Scan using unique_table_reactions_field_user_id_reactable_id_reactable_typ on reactions  (cost=0.28..8.31 rows=1 width=32)"], ["                    Index Cond: ((user_id = 5368) AND ((reactable_type)::text = 'Article'::text) AND ((category)::text = 'readinglist'::text))"], ["                    Filter: ((status)::text = ANY ('{confirmed,valid}'::text[]))"], ["        ->  Index Scan using articles_pkey on articles  (cost=0.29..8.30 rows=1 width=16)"], ["              Index Cond: (id = reactions.reactable_id)"], ["              Filter: ((NOT published) AND (published_at <= '2022-02-27 07:17:29.08676'::timestamp without time zone))"]]}
{"before": 0.0754, "after": 0.07909999999999999, "sql": "SELECT articles.user_id FROM articles INNER JOIN (SELECT reactions.id, reactions.reactable_id, reactions.user_id FROM reactions WHERE reactions.user_id = 5381 AND reactions.category = 'readinglist' AND reactions.status IN ('confirmed', 'valid') AND reactions.reactable_type = 'Article' ORDER BY reactions.created_at DESC) AS reactions ON reactions.reactable_id = articles.id WHERE articles.published = False AND published_at <= '2022-02-27 07:17:29.749956' LIMIT 3 OFFSET 1", "before_plan": [["Limit  (cost=17.23..25.86 rows=1 width=8)"], ["  ->  Nested Loop  (cost=8.60..17.23 rows=1 width=8)"], ["        ->  Sort  (cost=8.32..8.32 rows=1 width=32)"], ["              Sort Key: reactions.created_at DESC"], ["              ->  Index Scan using index_reactions_on_user_id_reactable_id_reactable_type_category on reactions  (cost=0.28..8.31 rows=1 width=32)"], ["                    Index Cond: ((user_id = 5381) AND ((reactable_type)::text = 'Article'::text) AND ((category)::text = 'readinglist'::text))"], ["                    Filter: ((status)::text = ANY ('{confirmed,valid}'::text[]))"], ["        ->  Index Scan using articles_pkey on articles  (cost=0.29..8.30 rows=1 width=16)"], ["              Index Cond: (id = reactions.reactable_id)"], ["              Filter: ((NOT published) AND (published_at <= '2022-02-27 07:17:29.749956'::timestamp without time zone))"]], "after_plan": [["Limit  (cost=17.23..25.86 rows=1 width=8)"], ["  ->  Nested Loop  (cost=8.60..17.23 rows=1 width=8)"], ["        ->  Sort  (cost=8.32..8.32 rows=1 width=32)"], ["              Sort Key: reactions.created_at DESC"], ["              ->  Index Scan using unique_table_reactions_field_user_id_reactable_id_reactable_typ on reactions  (cost=0.28..8.31 rows=1 width=32)"], ["                    Index Cond: ((user_id = 5381) AND ((reactable_type)::text = 'Article'::text) AND ((category)::text = 'readinglist'::text))"], ["                    Filter: ((status)::text = ANY ('{confirmed,valid}'::text[]))"], ["        ->  Index Scan using articles_pkey on articles  (cost=0.29..8.30 rows=1 width=16)"], ["              Index Cond: (id = reactions.reactable_id)"], ["              Filter: ((NOT published) AND (published_at <= '2022-02-27 07:17:29.749956'::timestamp without time zone))"]]}
{"before": 0.07369999999999999, "after": 0.07959999999999999, "sql": "SELECT articles.user_id FROM articles INNER JOIN (SELECT reactions.id, reactions.reactable_id, reactions.user_id FROM reactions WHERE reactions.user_id = 5433 AND reactions.category = 'readinglist' AND reactions.status IN ('confirmed', 'valid') AND reactions.reactable_type = 'Article' ORDER BY reactions.created_at DESC) AS reactions ON reactions.reactable_id = articles.id WHERE articles.published = False AND published_at <= '2022-02-27 07:17:33.459283' LIMIT 8 OFFSET 1", "before_plan": [["Limit  (cost=17.23..25.86 rows=1 width=8)"], ["  ->  Nested Loop  (cost=8.60..17.23 rows=1 width=8)"], ["        ->  Sort  (cost=8.32..8.32 rows=1 width=32)"], ["              Sort Key: reactions.created_at DESC"], ["              ->  Index Scan using index_reactions_on_user_id_reactable_id_reactable_type_category on reactions  (cost=0.28..8.31 rows=1 width=32)"], ["                    Index Cond: ((user_id = 5433) AND ((reactable_type)::text = 'Article'::text) AND ((category)::text = 'readinglist'::text))"], ["                    Filter: ((status)::text = ANY ('{confirmed,valid}'::text[]))"], ["        ->  Index Scan using articles_pkey on articles  (cost=0.29..8.30 rows=1 width=16)"], ["              Index Cond: (id = reactions.reactable_id)"], ["              Filter: ((NOT published) AND (published_at <= '2022-02-27 07:17:33.459283'::timestamp without time zone))"]], "after_plan": [["Limit  (cost=17.23..25.86 rows=1 width=8)"], ["  ->  Nested Loop  (cost=8.60..17.23 rows=1 width=8)"], ["        ->  Sort  (cost=8.32..8.32 rows=1 width=32)"], ["              Sort Key: reactions.created_at DESC"], ["              ->  Index Scan using unique_table_reactions_field_user_id_reactable_id_reactable_typ on reactions  (cost=0.28..8.31 rows=1 width=32)"], ["                    Index Cond: ((user_id = 5433) AND ((reactable_type)::text = 'Article'::text) AND ((category)::text = 'readinglist'::text))"], ["                    Filter: ((status)::text = ANY ('{confirmed,valid}'::text[]))"], ["        ->  Index Scan using articles_pkey on articles  (cost=0.29..8.30 rows=1 width=16)"], ["              Index Cond: (id = reactions.reactable_id)"], ["              Filter: ((NOT published) AND (published_at <= '2022-02-27 07:17:33.459283'::timestamp without time zone))"]]}
{"before": 0.07519999999999999, "after": 0.0802, "sql": "SELECT articles.user_id FROM articles INNER JOIN (SELECT reactions.id, reactions.reactable_id, reactions.user_id FROM reactions WHERE reactions.user_id = 5385 AND reactions.category = 'readinglist' AND reactions.status IN ('confirmed', 'valid') AND reactions.reactable_type = 'Article' ORDER BY reactions.created_at DESC) AS reactions ON reactions.reactable_id = articles.id WHERE articles.published = False AND published_at <= '2022-02-27 07:17:29.988451' LIMIT 1 OFFSET 1", "before_plan": [["Limit  (cost=17.23..25.86 rows=1 width=8)"], ["  ->  Nested Loop  (cost=8.60..17.23 rows=1 width=8)"], ["        ->  Sort  (cost=8.32..8.32 rows=1 width=32)"], ["              Sort Key: reactions.created_at DESC"], ["              ->  Index Scan using index_reactions_on_user_id_reactable_id_reactable_type_category on reactions  (cost=0.28..8.31 rows=1 width=32)"], ["                    Index Cond: ((user_id = 5385) AND ((reactable_type)::text = 'Article'::text) AND ((category)::text = 'readinglist'::text))"], ["                    Filter: ((status)::text = ANY ('{confirmed,valid}'::text[]))"], ["        ->  Index Scan using articles_pkey on articles  (cost=0.29..8.30 rows=1 width=16)"], ["              Index Cond: (id = reactions.reactable_id)"], ["              Filter: ((NOT published) AND (published_at <= '2022-02-27 07:17:29.988451'::timestamp without time zone))"]], "after_plan": [["Limit  (cost=17.23..25.86 rows=1 width=8)"], ["  ->  Nested Loop  (cost=8.60..17.23 rows=1 width=8)"], ["        ->  Sort  (cost=8.32..8.32 rows=1 width=32)"], ["              Sort Key: reactions.created_at DESC"], ["              ->  Index Scan using unique_table_reactions_field_user_id_reactable_id_reactable_typ on reactions  (cost=0.28..8.31 rows=1 width=32)"], ["                    Index Cond: ((user_id = 5385) AND ((reactable_type)::text = 'Article'::text) AND ((category)::text = 'readinglist'::text))"], ["                    Filter: ((status)::text = ANY ('{confirmed,valid}'::text[]))"], ["        ->  Index Scan using articles_pkey on articles  (cost=0.29..8.30 rows=1 width=16)"], ["              Index Cond: (id = reactions.reactable_id)"], ["              Filter: ((NOT published) AND (published_at <= '2022-02-27 07:17:29.988451'::timestamp without time zone))"]]}
{"before": 0.07359999999999998, "after": 0.0794, "sql": "SELECT articles.user_id FROM articles INNER JOIN (SELECT reactions.id, reactions.reactable_id, reactions.user_id FROM reactions WHERE reactions.user_id = 5360 AND reactions.category = 'readinglist' AND reactions.status IN ('confirmed', 'valid') AND reactions.reactable_type = 'Article' ORDER BY reactions.created_at DESC) AS reactions ON reactions.reactable_id = articles.id WHERE articles.published = False AND published_at <= '2022-02-27 07:17:28.430331' LIMIT 5 OFFSET 1", "before_plan": [["Limit  (cost=17.23..25.86 rows=1 width=8)"], ["  ->  Nested Loop  (cost=8.60..17.23 rows=1 width=8)"], ["        ->  Sort  (cost=8.32..8.32 rows=1 width=32)"], ["              Sort Key: reactions.created_at DESC"], ["              ->  Index Scan using index_reactions_on_user_id_reactable_id_reactable_type_category on reactions  (cost=0.28..8.31 rows=1 width=32)"], ["                    Index Cond: ((user_id = 5360) AND ((reactable_type)::text = 'Article'::text) AND ((category)::text = 'readinglist'::text))"], ["                    Filter: ((status)::text = ANY ('{confirmed,valid}'::text[]))"], ["        ->  Index Scan using articles_pkey on articles  (cost=0.29..8.30 rows=1 width=16)"], ["              Index Cond: (id = reactions.reactable_id)"], ["              Filter: ((NOT published) AND (published_at <= '2022-02-27 07:17:28.430331'::timestamp without time zone))"]], "after_plan": [["Limit  (cost=17.23..25.86 rows=1 width=8)"], ["  ->  Nested Loop  (cost=8.60..17.23 rows=1 width=8)"], ["        ->  Sort  (cost=8.32..8.32 rows=1 width=32)"], ["              Sort Key: reactions.created_at DESC"], ["              ->  Index Scan using unique_table_reactions_field_user_id_reactable_id_reactable_typ on reactions  (cost=0.28..8.31 rows=1 width=32)"], ["                    Index Cond: ((user_id = 5360) AND ((reactable_type)::text = 'Article'::text) AND ((category)::text = 'readinglist'::text))"], ["                    Filter: ((status)::text = ANY ('{confirmed,valid}'::text[]))"], ["        ->  Index Scan using articles_pkey on articles  (cost=0.29..8.30 rows=1 width=16)"], ["              Index Cond: (id = reactions.reactable_id)"], ["              Filter: ((NOT published) AND (published_at <= '2022-02-27 07:17:28.430331'::timestamp without time zone))"]]}
{"before": 0.07419999999999999, "after": 0.0788, "sql": "SELECT articles.user_id FROM articles INNER JOIN (SELECT reactions.id, reactions.reactable_id, reactions.user_id FROM reactions WHERE reactions.user_id = 5429 AND reactions.category = 'readinglist' AND reactions.status IN ('confirmed', 'valid') AND reactions.reactable_type = 'Article' ORDER BY reactions.created_at DESC) AS reactions ON reactions.reactable_id = articles.id WHERE articles.published = False AND published_at <= '2022-02-27 07:17:33.188689' LIMIT 10 OFFSET 1", "before_plan": [["Limit  (cost=17.23..25.86 rows=1 width=8)"], ["  ->  Nested Loop  (cost=8.60..17.23 rows=1 width=8)"], ["        ->  Sort  (cost=8.32..8.32 rows=1 width=32)"], ["              Sort Key: reactions.created_at DESC"], ["              ->  Index Scan using index_reactions_on_user_id_reactable_id_reactable_type_category on reactions  (cost=0.28..8.31 rows=1 width=32)"], ["                    Index Cond: ((user_id = 5429) AND ((reactable_type)::text = 'Article'::text) AND ((category)::text = 'readinglist'::text))"], ["                    Filter: ((status)::text = ANY ('{confirmed,valid}'::text[]))"], ["        ->  Index Scan using articles_pkey on articles  (cost=0.29..8.30 rows=1 width=16)"], ["              Index Cond: (id = reactions.reactable_id)"], ["              Filter: ((NOT published) AND (published_at <= '2022-02-27 07:17:33.188689'::timestamp without time zone))"]], "after_plan": [["Limit  (cost=17.23..25.86 rows=1 width=8)"], ["  ->  Nested Loop  (cost=8.60..17.23 rows=1 width=8)"], ["        ->  Sort  (cost=8.32..8.32 rows=1 width=32)"], ["              Sort Key: reactions.created_at DESC"], ["              ->  Index Scan using unique_table_reactions_field_user_id_reactable_id_reactable_typ on reactions  (cost=0.28..8.31 rows=1 width=32)"], ["                    Index Cond: ((user_id = 5429) AND ((reactable_type)::text = 'Article'::text) AND ((category)::text = 'readinglist'::text))"], ["                    Filter: ((status)::text = ANY ('{confirmed,valid}'::text[]))"], ["        ->  Index Scan using articles_pkey on articles  (cost=0.29..8.30 rows=1 width=16)"], ["              Index Cond: (id = reactions.reactable_id)"], ["              Filter: ((NOT published) AND (published_at <= '2022-02-27 07:17:33.188689'::timestamp without time zone))"]]}
{"before": 0.0773, "after": 0.07899999999999999, "sql": "SELECT articles.cached_tag_list, articles.crossposted_at, articles.path, articles.published_at, articles.reading_time, articles.title, articles.user_id, reactions.id AS reaction_id, reactions.user_id AS reaction_user_id FROM articles INNER JOIN (SELECT reactions.id, reactions.reactable_id, reactions.user_id FROM reactions WHERE reactions.user_id = 3528 AND reactions.category = 'readinglist' AND reactions.status = 'valid' AND reactions.reactable_type = 'Article' ORDER BY reactions.created_at DESC) AS reactions ON reactions.reactable_id = articles.id WHERE articles.published = False AND published_at <= '2022-02-27 07:11:18.772793' LIMIT 4 OFFSET 1", "before_plan": [["Limit  (cost=17.23..25.86 rows=1 width=215)"], ["  ->  Nested Loop  (cost=8.60..17.23 rows=1 width=215)"], ["        ->  Sort  (cost=8.32..8.32 rows=1 width=32)"], ["              Sort Key: reactions.created_at DESC"], ["              ->  Index Scan using index_reactions_on_user_id_reactable_id_reactable_type_category on reactions  (cost=0.28..8.31 rows=1 width=32)"], ["                    Index Cond: ((user_id = 3528) AND ((reactable_type)::text = 'Article'::text) AND ((category)::text = 'readinglist'::text))"], ["                    Filter: ((status)::text = 'valid'::text)"], ["        ->  Index Scan using articles_pkey on articles  (cost=0.29..8.30 rows=1 width=207)"], ["              Index Cond: (id = reactions.reactable_id)"], ["              Filter: ((NOT published) AND (published_at <= '2022-02-27 07:11:18.772793'::timestamp without time zone))"]], "after_plan": [["Limit  (cost=17.23..25.86 rows=1 width=215)"], ["  ->  Nested Loop  (cost=8.60..17.23 rows=1 width=215)"], ["        ->  Sort  (cost=8.32..8.32 rows=1 width=32)"], ["              Sort Key: reactions.created_at DESC"], ["              ->  Index Scan using unique_table_reactions_field_user_id_reactable_id_reactable_typ on reactions  (cost=0.28..8.31 rows=1 width=32)"], ["                    Index Cond: ((user_id = 3528) AND ((reactable_type)::text = 'Article'::text) AND ((category)::text = 'readinglist'::text))"], ["                    Filter: ((status)::text = 'valid'::text)"], ["        ->  Index Scan using articles_pkey on articles  (cost=0.29..8.30 rows=1 width=207)"], ["              Index Cond: (id = reactions.reactable_id)"], ["              Filter: ((NOT published) AND (published_at <= '2022-02-27 07:11:18.772793'::timestamp without time zone))"]]}
{"before": 0.0788, "after": 0.0797, "sql": "SELECT articles.cached_tag_list, articles.crossposted_at, articles.path, articles.published_at, articles.reading_time, articles.title, articles.user_id, reactions.id AS reaction_id, reactions.user_id AS reaction_user_id FROM articles INNER JOIN (SELECT reactions.id, reactions.reactable_id, reactions.user_id FROM reactions WHERE reactions.user_id = 5387 AND reactions.category = 'readinglist' AND reactions.status = 'archived' AND reactions.reactable_type = 'Article' ORDER BY reactions.created_at DESC) AS reactions ON reactions.reactable_id = articles.id WHERE articles.published = False AND published_at <= '2022-02-27 07:17:30.184658' LIMIT 2 OFFSET 1", "before_plan": [["Limit  (cost=17.23..25.86 rows=1 width=215)"], ["  ->  Nested Loop  (cost=8.60..17.23 rows=1 width=215)"], ["        ->  Sort  (cost=8.32..8.32 rows=1 width=32)"], ["              Sort Key: reactions.created_at DESC"], ["              ->  Index Scan using index_reactions_on_user_id_reactable_id_reactable_type_category on reactions  (cost=0.28..8.31 rows=1 width=32)"], ["                    Index Cond: ((user_id = 5387) AND ((reactable_type)::text = 'Article'::text) AND ((category)::text = 'readinglist'::text))"], ["                    Filter: ((status)::text = 'archived'::text)"], ["        ->  Index Scan using articles_pkey on articles  (cost=0.29..8.30 rows=1 width=207)"], ["              Index Cond: (id = reactions.reactable_id)"], ["              Filter: ((NOT published) AND (published_at <= '2022-02-27 07:17:30.184658'::timestamp without time zone))"]], "after_plan": [["Limit  (cost=17.23..25.86 rows=1 width=215)"], ["  ->  Nested Loop  (cost=8.60..17.23 rows=1 width=215)"], ["        ->  Sort  (cost=8.32..8.32 rows=1 width=32)"], ["              Sort Key: reactions.created_at DESC"], ["              ->  Index Scan using unique_table_reactions_field_user_id_reactable_id_reactable_typ on reactions  (cost=0.28..8.31 rows=1 width=32)"], ["                    Index Cond: ((user_id = 5387) AND ((reactable_type)::text = 'Article'::text) AND ((category)::text = 'readinglist'::text))"], ["                    Filter: ((status)::text = 'archived'::text)"], ["        ->  Index Scan using articles_pkey on articles  (cost=0.29..8.30 rows=1 width=207)"], ["              Index Cond: (id = reactions.reactable_id)"], ["              Filter: ((NOT published) AND (published_at <= '2022-02-27 07:17:30.184658'::timestamp without time zone))"]]}
{"before": 0.07899999999999999, "after": 0.07549999999999998, "sql": "SELECT articles.cached_tag_list, articles.crossposted_at, articles.path, articles.published_at, articles.reading_time, articles.title, articles.user_id, reactions.id AS reaction_id, reactions.user_id AS reaction_user_id FROM articles INNER JOIN (SELECT reactions.id, reactions.reactable_id, reactions.user_id FROM reactions WHERE reactions.user_id = 5363 AND reactions.category = 'readinglist' AND reactions.status IN ('confirmed', 'valid') AND reactions.reactable_type = 'Article' ORDER BY reactions.created_at DESC) AS reactions ON reactions.reactable_id = articles.id WHERE articles.published = False AND published_at <= '2022-02-27 07:17:28.688488' LIMIT 1 OFFSET 1", "before_plan": [["Limit  (cost=17.23..25.86 rows=1 width=215)"], ["  ->  Nested Loop  (cost=8.60..17.23 rows=1 width=215)"], ["        ->  Sort  (cost=8.32..8.32 rows=1 width=32)"], ["              Sort Key: reactions.created_at DESC"], ["              ->  Index Scan using index_reactions_on_user_id_reactable_id_reactable_type_category on reactions  (cost=0.28..8.31 rows=1 width=32)"], ["                    Index Cond: ((user_id = 5363) AND ((reactable_type)::text = 'Article'::text) AND ((category)::text = 'readinglist'::text))"], ["                    Filter: ((status)::text = ANY ('{confirmed,valid}'::text[]))"], ["        ->  Index Scan using articles_pkey on articles  (cost=0.29..8.30 rows=1 width=207)"], ["              Index Cond: (id = reactions.reactable_id)"], ["              Filter: ((NOT published) AND (published_at <= '2022-02-27 07:17:28.688488'::timestamp without time zone))"]], "after_plan": [["Limit  (cost=17.23..25.86 rows=1 width=215)"], ["  ->  Nested Loop  (cost=8.60..17.23 rows=1 width=215)"], ["        ->  Sort  (cost=8.32..8.32 rows=1 width=32)"], ["              Sort Key: reactions.created_at DESC"], ["              ->  Index Scan using unique_table_reactions_field_user_id_reactable_id_reactable_typ on reactions  (cost=0.28..8.31 rows=1 width=32)"], ["                    Index Cond: ((user_id = 5363) AND ((reactable_type)::text = 'Article'::text) AND ((category)::text = 'readinglist'::text))"], ["                    Filter: ((status)::text = ANY ('{confirmed,valid}'::text[]))"], ["        ->  Index Scan using articles_pkey on articles  (cost=0.29..8.30 rows=1 width=207)"], ["              Index Cond: (id = reactions.reactable_id)"], ["              Filter: ((NOT published) AND (published_at <= '2022-02-27 07:17:28.688488'::timestamp without time zone))"]]}
{"before": 0.08619999999999998, "after": 0.07579999999999999, "sql": "SELECT articles.cached_tag_list, articles.crossposted_at, articles.path, articles.published_at, articles.reading_time, articles.title, articles.user_id, reactions.id AS reaction_id, reactions.user_id AS reaction_user_id FROM articles INNER JOIN (SELECT reactions.id, reactions.reactable_id, reactions.user_id FROM reactions WHERE reactions.user_id = 5425 AND reactions.category = 'readinglist' AND reactions.status IN ('confirmed', 'valid') AND reactions.reactable_type = 'Article' ORDER BY reactions.created_at DESC) AS reactions ON reactions.reactable_id = articles.id WHERE articles.published = False AND published_at <= '2022-02-27 07:17:32.905569' LIMIT 5 OFFSET 1", "before_plan": [["Limit  (cost=17.23..25.86 rows=1 width=215)"], ["  ->  Nested Loop  (cost=8.60..17.23 rows=1 width=215)"], ["        ->  Sort  (cost=8.32..8.32 rows=1 width=32)"], ["              Sort Key: reactions.created_at DESC"], ["              ->  Index Scan using index_reactions_on_user_id_reactable_id_reactable_type_category on reactions  (cost=0.28..8.31 rows=1 width=32)"], ["                    Index Cond: ((user_id = 5425) AND ((reactable_type)::text = 'Article'::text) AND ((category)::text = 'readinglist'::text))"], ["                    Filter: ((status)::text = ANY ('{confirmed,valid}'::text[]))"], ["        ->  Index Scan using articles_pkey on articles  (cost=0.29..8.30 rows=1 width=207)"], ["              Index Cond: (id = reactions.reactable_id)"], ["              Filter: ((NOT published) AND (published_at <= '2022-02-27 07:17:32.905569'::timestamp without time zone))"]], "after_plan": [["Limit  (cost=17.23..25.86 rows=1 width=215)"], ["  ->  Nested Loop  (cost=8.60..17.23 rows=1 width=215)"], ["        ->  Sort  (cost=8.32..8.32 rows=1 width=32)"], ["              Sort Key: reactions.created_at DESC"], ["              ->  Index Scan using unique_table_reactions_field_user_id_reactable_id_reactable_typ on reactions  (cost=0.28..8.31 rows=1 width=32)"], ["                    Index Cond: ((user_id = 5425) AND ((reactable_type)::text = 'Article'::text) AND ((category)::text = 'readinglist'::text))"], ["                    Filter: ((status)::text = ANY ('{confirmed,valid}'::text[]))"], ["        ->  Index Scan using articles_pkey on articles  (cost=0.29..8.30 rows=1 width=207)"], ["              Index Cond: (id = reactions.reactable_id)"], ["              Filter: ((NOT published) AND (published_at <= '2022-02-27 07:17:32.905569'::timestamp without time zone))"]]}
{"before": 0.07909999999999999, "after": 0.07579999999999999, "sql": "SELECT articles.cached_tag_list, articles.crossposted_at, articles.path, articles.published_at, articles.reading_time, articles.title, articles.user_id, reactions.id AS reaction_id, reactions.user_id AS reaction_user_id FROM articles INNER JOIN (SELECT reactions.id, reactions.reactable_id, reactions.user_id FROM reactions WHERE reactions.user_id = 5368 AND reactions.category = 'readinglist' AND reactions.status IN ('confirmed', 'valid') AND reactions.reactable_type = 'Article' ORDER BY reactions.created_at DESC) AS reactions ON reactions.reactable_id = articles.id WHERE articles.published = False AND published_at <= '2022-02-27 07:17:29.086760' LIMIT 10 OFFSET 1", "before_plan": [["Limit  (cost=17.23..25.86 rows=1 width=215)"], ["  ->  Nested Loop  (cost=8.60..17.23 rows=1 width=215)"], ["        ->  Sort  (cost=8.32..8.32 rows=1 width=32)"], ["              Sort Key: reactions.created_at DESC"], ["              ->  Index Scan using index_reactions_on_user_id_reactable_id_reactable_type_category on reactions  (cost=0.28..8.31 rows=1 width=32)"], ["                    Index Cond: ((user_id = 5368) AND ((reactable_type)::text = 'Article'::text) AND ((category)::text = 'readinglist'::text))"], ["                    Filter: ((status)::text = ANY ('{confirmed,valid}'::text[]))"], ["        ->  Index Scan using articles_pkey on articles  (cost=0.29..8.30 rows=1 width=207)"], ["              Index Cond: (id = reactions.reactable_id)"], ["              Filter: ((NOT published) AND (published_at <= '2022-02-27 07:17:29.08676'::timestamp without time zone))"]], "after_plan": [["Limit  (cost=17.23..25.86 rows=1 width=215)"], ["  ->  Nested Loop  (cost=8.60..17.23 rows=1 width=215)"], ["        ->  Sort  (cost=8.32..8.32 rows=1 width=32)"], ["              Sort Key: reactions.created_at DESC"], ["              ->  Index Scan using unique_table_reactions_field_user_id_reactable_id_reactable_typ on reactions  (cost=0.28..8.31 rows=1 width=32)"], ["                    Index Cond: ((user_id = 5368) AND ((reactable_type)::text = 'Article'::text) AND ((category)::text = 'readinglist'::text))"], ["                    Filter: ((status)::text = ANY ('{confirmed,valid}'::text[]))"], ["        ->  Index Scan using articles_pkey on articles  (cost=0.29..8.30 rows=1 width=207)"], ["              Index Cond: (id = reactions.reactable_id)"], ["              Filter: ((NOT published) AND (published_at <= '2022-02-27 07:17:29.08676'::timestamp without time zone))"]]}
{"before": 0.0798, "after": 0.07599999999999998, "sql": "SELECT articles.cached_tag_list, articles.crossposted_at, articles.path, articles.published_at, articles.reading_time, articles.title, articles.user_id, reactions.id AS reaction_id, reactions.user_id AS reaction_user_id FROM articles INNER JOIN (SELECT reactions.id, reactions.reactable_id, reactions.user_id FROM reactions WHERE reactions.user_id = 5433 AND reactions.category = 'readinglist' AND reactions.status IN ('confirmed', 'valid') AND reactions.reactable_type = 'Article' ORDER BY reactions.created_at DESC) AS reactions ON reactions.reactable_id = articles.id WHERE articles.published = False AND published_at <= '2022-02-27 07:17:33.465266' LIMIT 7 OFFSET 1", "before_plan": [["Limit  (cost=17.23..25.86 rows=1 width=215)"], ["  ->  Nested Loop  (cost=8.60..17.23 rows=1 width=215)"], ["        ->  Sort  (cost=8.32..8.32 rows=1 width=32)"], ["              Sort Key: reactions.created_at DESC"], ["              ->  Index Scan using index_reactions_on_user_id_reactable_id_reactable_type_category on reactions  (cost=0.28..8.31 rows=1 width=32)"], ["                    Index Cond: ((user_id = 5433) AND ((reactable_type)::text = 'Article'::text) AND ((category)::text = 'readinglist'::text))"], ["                    Filter: ((status)::text = ANY ('{confirmed,valid}'::text[]))"], ["        ->  Index Scan using articles_pkey on articles  (cost=0.29..8.30 rows=1 width=207)"], ["              Index Cond: (id = reactions.reactable_id)"], ["              Filter: ((NOT published) AND (published_at <= '2022-02-27 07:17:33.465266'::timestamp without time zone))"]], "after_plan": [["Limit  (cost=17.23..25.86 rows=1 width=215)"], ["  ->  Nested Loop  (cost=8.60..17.23 rows=1 width=215)"], ["        ->  Sort  (cost=8.32..8.32 rows=1 width=32)"], ["              Sort Key: reactions.created_at DESC"], ["              ->  Index Scan using unique_table_reactions_field_user_id_reactable_id_reactable_typ on reactions  (cost=0.28..8.31 rows=1 width=32)"], ["                    Index Cond: ((user_id = 5433) AND ((reactable_type)::text = 'Article'::text) AND ((category)::text = 'readinglist'::text))"], ["                    Filter: ((status)::text = ANY ('{confirmed,valid}'::text[]))"], ["        ->  Index Scan using articles_pkey on articles  (cost=0.29..8.30 rows=1 width=207)"], ["              Index Cond: (id = reactions.reactable_id)"], ["              Filter: ((NOT published) AND (published_at <= '2022-02-27 07:17:33.465266'::timestamp without time zone))"]]}
{"before": 0.07909999999999999, "after": 0.0749, "sql": "SELECT articles.cached_tag_list, articles.crossposted_at, articles.path, articles.published_at, articles.reading_time, articles.title, articles.user_id, reactions.id AS reaction_id, reactions.user_id AS reaction_user_id FROM articles INNER JOIN (SELECT reactions.id, reactions.reactable_id, reactions.user_id FROM reactions WHERE reactions.user_id = 5360 AND reactions.category = 'readinglist' AND reactions.status IN ('confirmed', 'valid') AND reactions.reactable_type = 'Article' ORDER BY reactions.created_at DESC) AS reactions ON reactions.reactable_id = articles.id WHERE articles.published = False AND published_at <= '2022-02-27 07:17:28.430331' LIMIT 2 OFFSET 1", "before_plan": [["Limit  (cost=17.23..25.86 rows=1 width=215)"], ["  ->  Nested Loop  (cost=8.60..17.23 rows=1 width=215)"], ["        ->  Sort  (cost=8.32..8.32 rows=1 width=32)"], ["              Sort Key: reactions.created_at DESC"], ["              ->  Index Scan using index_reactions_on_user_id_reactable_id_reactable_type_category on reactions  (cost=0.28..8.31 rows=1 width=32)"], ["                    Index Cond: ((user_id = 5360) AND ((reactable_type)::text = 'Article'::text) AND ((category)::text = 'readinglist'::text))"], ["                    Filter: ((status)::text = ANY ('{confirmed,valid}'::text[]))"], ["        ->  Index Scan using articles_pkey on articles  (cost=0.29..8.30 rows=1 width=207)"], ["              Index Cond: (id = reactions.reactable_id)"], ["              Filter: ((NOT published) AND (published_at <= '2022-02-27 07:17:28.430331'::timestamp without time zone))"]], "after_plan": [["Limit  (cost=17.23..25.86 rows=1 width=215)"], ["  ->  Nested Loop  (cost=8.60..17.23 rows=1 width=215)"], ["        ->  Sort  (cost=8.32..8.32 rows=1 width=32)"], ["              Sort Key: reactions.created_at DESC"], ["              ->  Index Scan using unique_table_reactions_field_user_id_reactable_id_reactable_typ on reactions  (cost=0.28..8.31 rows=1 width=32)"], ["                    Index Cond: ((user_id = 5360) AND ((reactable_type)::text = 'Article'::text) AND ((category)::text = 'readinglist'::text))"], ["                    Filter: ((status)::text = ANY ('{confirmed,valid}'::text[]))"], ["        ->  Index Scan using articles_pkey on articles  (cost=0.29..8.30 rows=1 width=207)"], ["              Index Cond: (id = reactions.reactable_id)"], ["              Filter: ((NOT published) AND (published_at <= '2022-02-27 07:17:28.430331'::timestamp without time zone))"]]}
{"before": 0.08059999999999999, "after": 0.07699999999999999, "sql": "SELECT articles.cached_tag_list, articles.crossposted_at, articles.path, articles.published_at, articles.reading_time, articles.title, articles.user_id, reactions.id AS reaction_id, reactions.user_id AS reaction_user_id FROM articles INNER JOIN (SELECT reactions.id, reactions.reactable_id, reactions.user_id FROM reactions WHERE reactions.user_id = 3526 AND reactions.category = 'readinglist' AND reactions.status IN ('confirmed', 'valid') AND reactions.reactable_type = 'Article' ORDER BY reactions.created_at DESC) AS reactions ON reactions.reactable_id = articles.id WHERE articles.published = False AND published_at <= '2022-02-27 07:11:18.620922' LIMIT 4 OFFSET 1", "before_plan": [["Limit  (cost=17.23..25.86 rows=1 width=215)"], ["  ->  Nested Loop  (cost=8.60..17.23 rows=1 width=215)"], ["        ->  Sort  (cost=8.32..8.32 rows=1 width=32)"], ["              Sort Key: reactions.created_at DESC"], ["              ->  Index Scan using index_reactions_on_user_id_reactable_id_reactable_type_category on reactions  (cost=0.28..8.31 rows=1 width=32)"], ["                    Index Cond: ((user_id = 3526) AND ((reactable_type)::text = 'Article'::text) AND ((category)::text = 'readinglist'::text))"], ["                    Filter: ((status)::text = ANY ('{confirmed,valid}'::text[]))"], ["        ->  Index Scan using articles_pkey on articles  (cost=0.29..8.30 rows=1 width=207)"], ["              Index Cond: (id = reactions.reactable_id)"], ["              Filter: ((NOT published) AND (published_at <= '2022-02-27 07:11:18.620922'::timestamp without time zone))"]], "after_plan": [["Limit  (cost=17.23..25.86 rows=1 width=215)"], ["  ->  Nested Loop  (cost=8.60..17.23 rows=1 width=215)"], ["        ->  Sort  (cost=8.32..8.32 rows=1 width=32)"], ["              Sort Key: reactions.created_at DESC"], ["              ->  Index Scan using unique_table_reactions_field_user_id_reactable_id_reactable_typ on reactions  (cost=0.28..8.31 rows=1 width=32)"], ["                    Index Cond: ((user_id = 3526) AND ((reactable_type)::text = 'Article'::text) AND ((category)::text = 'readinglist'::text))"], ["                    Filter: ((status)::text = ANY ('{confirmed,valid}'::text[]))"], ["        ->  Index Scan using articles_pkey on articles  (cost=0.29..8.30 rows=1 width=207)"], ["              Index Cond: (id = reactions.reactable_id)"], ["              Filter: ((NOT published) AND (published_at <= '2022-02-27 07:11:18.620922'::timestamp without time zone))"]]}
{"before": 0.08669999999999997, "after": 0.07569999999999999, "sql": "SELECT articles.cached_tag_list, articles.crossposted_at, articles.path, articles.published_at, articles.reading_time, articles.title, articles.user_id, reactions.id AS reaction_id, reactions.user_id AS reaction_user_id FROM articles INNER JOIN (SELECT reactions.id, reactions.reactable_id, reactions.user_id FROM reactions WHERE reactions.user_id = 5429 AND reactions.category = 'readinglist' AND reactions.status IN ('confirmed', 'valid') AND reactions.reactable_type = 'Article' ORDER BY reactions.created_at DESC) AS reactions ON reactions.reactable_id = articles.id WHERE articles.published = False AND published_at <= '2022-02-27 07:17:33.188689' LIMIT 8 OFFSET 1", "before_plan": [["Limit  (cost=17.23..25.86 rows=1 width=215)"], ["  ->  Nested Loop  (cost=8.60..17.23 rows=1 width=215)"], ["        ->  Sort  (cost=8.32..8.32 rows=1 width=32)"], ["              Sort Key: reactions.created_at DESC"], ["              ->  Index Scan using index_reactions_on_user_id_reactable_id_reactable_type_category on reactions  (cost=0.28..8.31 rows=1 width=32)"], ["                    Index Cond: ((user_id = 5429) AND ((reactable_type)::text = 'Article'::text) AND ((category)::text = 'readinglist'::text))"], ["                    Filter: ((status)::text = ANY ('{confirmed,valid}'::text[]))"], ["        ->  Index Scan using articles_pkey on articles  (cost=0.29..8.30 rows=1 width=207)"], ["              Index Cond: (id = reactions.reactable_id)"], ["              Filter: ((NOT published) AND (published_at <= '2022-02-27 07:17:33.188689'::timestamp without time zone))"]], "after_plan": [["Limit  (cost=17.23..25.86 rows=1 width=215)"], ["  ->  Nested Loop  (cost=8.60..17.23 rows=1 width=215)"], ["        ->  Sort  (cost=8.32..8.32 rows=1 width=32)"], ["              Sort Key: reactions.created_at DESC"], ["              ->  Index Scan using unique_table_reactions_field_user_id_reactable_id_reactable_typ on reactions  (cost=0.28..8.31 rows=1 width=32)"], ["                    Index Cond: ((user_id = 5429) AND ((reactable_type)::text = 'Article'::text) AND ((category)::text = 'readinglist'::text))"], ["                    Filter: ((status)::text = ANY ('{confirmed,valid}'::text[]))"], ["        ->  Index Scan using articles_pkey on articles  (cost=0.29..8.30 rows=1 width=207)"], ["              Index Cond: (id = reactions.reactable_id)"], ["              Filter: ((NOT published) AND (published_at <= '2022-02-27 07:17:33.188689'::timestamp without time zone))"]]}
{"before": 0.07959999999999999, "after": 0.07459999999999999, "sql": "SELECT articles.cached_tag_list, articles.crossposted_at, articles.path, articles.published_at, articles.reading_time, articles.title, articles.user_id, reactions.id AS reaction_id, reactions.user_id AS reaction_user_id FROM articles INNER JOIN (SELECT reactions.id, reactions.reactable_id, reactions.user_id FROM reactions WHERE reactions.user_id = 5381 AND reactions.category = 'readinglist' AND reactions.status IN ('confirmed', 'valid') AND reactions.reactable_type = 'Article' ORDER BY reactions.created_at DESC) AS reactions ON reactions.reactable_id = articles.id WHERE articles.published = False AND published_at <= '2022-02-27 07:17:29.749956' LIMIT 8 OFFSET 1", "before_plan": [["Limit  (cost=17.23..25.86 rows=1 width=215)"], ["  ->  Nested Loop  (cost=8.60..17.23 rows=1 width=215)"], ["        ->  Sort  (cost=8.32..8.32 rows=1 width=32)"], ["              Sort Key: reactions.created_at DESC"], ["              ->  Index Scan using index_reactions_on_user_id_reactable_id_reactable_type_category on reactions  (cost=0.28..8.31 rows=1 width=32)"], ["                    Index Cond: ((user_id = 5381) AND ((reactable_type)::text = 'Article'::text) AND ((category)::text = 'readinglist'::text))"], ["                    Filter: ((status)::text = ANY ('{confirmed,valid}'::text[]))"], ["        ->  Index Scan using articles_pkey on articles  (cost=0.29..8.30 rows=1 width=207)"], ["              Index Cond: (id = reactions.reactable_id)"], ["              Filter: ((NOT published) AND (published_at <= '2022-02-27 07:17:29.749956'::timestamp without time zone))"]], "after_plan": [["Limit  (cost=17.23..25.86 rows=1 width=215)"], ["  ->  Nested Loop  (cost=8.60..17.23 rows=1 width=215)"], ["        ->  Sort  (cost=8.32..8.32 rows=1 width=32)"], ["              Sort Key: reactions.created_at DESC"], ["              ->  Index Scan using unique_table_reactions_field_user_id_reactable_id_reactable_typ on reactions  (cost=0.28..8.31 rows=1 width=32)"], ["                    Index Cond: ((user_id = 5381) AND ((reactable_type)::text = 'Article'::text) AND ((category)::text = 'readinglist'::text))"], ["                    Filter: ((status)::text = ANY ('{confirmed,valid}'::text[]))"], ["        ->  Index Scan using articles_pkey on articles  (cost=0.29..8.30 rows=1 width=207)"], ["              Index Cond: (id = reactions.reactable_id)"], ["              Filter: ((NOT published) AND (published_at <= '2022-02-27 07:17:29.749956'::timestamp without time zone))"]]}
{"before": 0.0799, "after": 0.0749, "sql": "SELECT articles.cached_tag_list, articles.crossposted_at, articles.path, articles.published_at, articles.reading_time, articles.title, articles.user_id, reactions.id AS reaction_id, reactions.user_id AS reaction_user_id FROM articles INNER JOIN (SELECT reactions.id, reactions.reactable_id, reactions.user_id FROM reactions WHERE reactions.user_id = 5433 AND reactions.category = 'readinglist' AND reactions.status IN ('confirmed', 'valid') AND reactions.reactable_type = 'Article' ORDER BY reactions.created_at DESC) AS reactions ON reactions.reactable_id = articles.id WHERE articles.published = False AND published_at <= '2022-02-27 07:17:33.459283' LIMIT 9 OFFSET 1", "before_plan": [["Limit  (cost=17.23..25.86 rows=1 width=215)"], ["  ->  Nested Loop  (cost=8.60..17.23 rows=1 width=215)"], ["        ->  Sort  (cost=8.32..8.32 rows=1 width=32)"], ["              Sort Key: reactions.created_at DESC"], ["              ->  Index Scan using index_reactions_on_user_id_reactable_id_reactable_type_category on reactions  (cost=0.28..8.31 rows=1 width=32)"], ["                    Index Cond: ((user_id = 5433) AND ((reactable_type)::text = 'Article'::text) AND ((category)::text = 'readinglist'::text))"], ["                    Filter: ((status)::text = ANY ('{confirmed,valid}'::text[]))"], ["        ->  Index Scan using articles_pkey on articles  (cost=0.29..8.30 rows=1 width=207)"], ["              Index Cond: (id = reactions.reactable_id)"], ["              Filter: ((NOT published) AND (published_at <= '2022-02-27 07:17:33.459283'::timestamp without time zone))"]], "after_plan": [["Limit  (cost=17.23..25.86 rows=1 width=215)"], ["  ->  Nested Loop  (cost=8.60..17.23 rows=1 width=215)"], ["        ->  Sort  (cost=8.32..8.32 rows=1 width=32)"], ["              Sort Key: reactions.created_at DESC"], ["              ->  Index Scan using unique_table_reactions_field_user_id_reactable_id_reactable_typ on reactions  (cost=0.28..8.31 rows=1 width=32)"], ["                    Index Cond: ((user_id = 5433) AND ((reactable_type)::text = 'Article'::text) AND ((category)::text = 'readinglist'::text))"], ["                    Filter: ((status)::text = ANY ('{confirmed,valid}'::text[]))"], ["        ->  Index Scan using articles_pkey on articles  (cost=0.29..8.30 rows=1 width=207)"], ["              Index Cond: (id = reactions.reactable_id)"], ["              Filter: ((NOT published) AND (published_at <= '2022-02-27 07:17:33.459283'::timestamp without time zone))"]]}
{"before": 0.08349999999999999, "after": 0.07839999999999998, "sql": "SELECT articles.cached_tag_list, articles.crossposted_at, articles.path, articles.published_at, articles.reading_time, articles.title, articles.user_id, reactions.id AS reaction_id, reactions.user_id AS reaction_user_id FROM articles INNER JOIN (SELECT reactions.id, reactions.reactable_id, reactions.user_id FROM reactions WHERE reactions.user_id = 5366 AND reactions.category = 'readinglist' AND reactions.status IN ('confirmed', 'valid') AND reactions.reactable_type = 'Article' ORDER BY reactions.created_at DESC) AS reactions ON reactions.reactable_id = articles.id WHERE articles.published = False AND published_at <= '2022-02-27 07:17:28.805015' LIMIT 9 OFFSET 1", "before_plan": [["Limit  (cost=17.23..25.86 rows=1 width=215)"], ["  ->  Nested Loop  (cost=8.60..17.23 rows=1 width=215)"], ["        ->  Sort  (cost=8.32..8.32 rows=1 width=32)"], ["              Sort Key: reactions.created_at DESC"], ["              ->  Index Scan using index_reactions_on_user_id_reactable_id_reactable_type_category on reactions  (cost=0.28..8.31 rows=1 width=32)"], ["                    Index Cond: ((user_id = 5366) AND ((reactable_type)::text = 'Article'::text) AND ((category)::text = 'readinglist'::text))"], ["                    Filter: ((status)::text = ANY ('{confirmed,valid}'::text[]))"], ["        ->  Index Scan using articles_pkey on articles  (cost=0.29..8.30 rows=1 width=207)"], ["              Index Cond: (id = reactions.reactable_id)"], ["              Filter: ((NOT published) AND (published_at <= '2022-02-27 07:17:28.805015'::timestamp without time zone))"]], "after_plan": [["Limit  (cost=17.23..25.86 rows=1 width=215)"], ["  ->  Nested Loop  (cost=8.60..17.23 rows=1 width=215)"], ["        ->  Sort  (cost=8.32..8.32 rows=1 width=32)"], ["              Sort Key: reactions.created_at DESC"], ["              ->  Index Scan using unique_table_reactions_field_user_id_reactable_id_reactable_typ on reactions  (cost=0.28..8.31 rows=1 width=32)"], ["                    Index Cond: ((user_id = 5366) AND ((reactable_type)::text = 'Article'::text) AND ((category)::text = 'readinglist'::text))"], ["                    Filter: ((status)::text = ANY ('{confirmed,valid}'::text[]))"], ["        ->  Index Scan using articles_pkey on articles  (cost=0.29..8.30 rows=1 width=207)"], ["              Index Cond: (id = reactions.reactable_id)"], ["              Filter: ((NOT published) AND (published_at <= '2022-02-27 07:17:28.805015'::timestamp without time zone))"]]}
{"before": 0.0803, "after": 0.07849999999999999, "sql": "SELECT articles.cached_tag_list, articles.crossposted_at, articles.path, articles.published_at, articles.reading_time, articles.title, articles.user_id, reactions.id AS reaction_id, reactions.user_id AS reaction_user_id FROM articles INNER JOIN (SELECT reactions.id, reactions.reactable_id, reactions.user_id FROM reactions WHERE reactions.user_id = 5379 AND reactions.category = 'readinglist' AND reactions.status IN ('confirmed', 'valid') AND reactions.reactable_type = 'Article' ORDER BY reactions.created_at DESC) AS reactions ON reactions.reactable_id = articles.id WHERE articles.published = False AND published_at <= '2022-02-27 07:17:29.634659' LIMIT 1 OFFSET 1", "before_plan": [["Limit  (cost=17.23..25.86 rows=1 width=215)"], ["  ->  Nested Loop  (cost=8.60..17.23 rows=1 width=215)"], ["        ->  Sort  (cost=8.32..8.32 rows=1 width=32)"], ["              Sort Key: reactions.created_at DESC"], ["              ->  Index Scan using index_reactions_on_user_id_reactable_id_reactable_type_category on reactions  (cost=0.28..8.31 rows=1 width=32)"], ["                    Index Cond: ((user_id = 5379) AND ((reactable_type)::text = 'Article'::text) AND ((category)::text = 'readinglist'::text))"], ["                    Filter: ((status)::text = ANY ('{confirmed,valid}'::text[]))"], ["        ->  Index Scan using articles_pkey on articles  (cost=0.29..8.30 rows=1 width=207)"], ["              Index Cond: (id = reactions.reactable_id)"], ["              Filter: ((NOT published) AND (published_at <= '2022-02-27 07:17:29.634659'::timestamp without time zone))"]], "after_plan": [["Limit  (cost=17.23..25.86 rows=1 width=215)"], ["  ->  Nested Loop  (cost=8.60..17.23 rows=1 width=215)"], ["        ->  Sort  (cost=8.32..8.32 rows=1 width=32)"], ["              Sort Key: reactions.created_at DESC"], ["              ->  Index Scan using unique_table_reactions_field_user_id_reactable_id_reactable_typ on reactions  (cost=0.28..8.31 rows=1 width=32)"], ["                    Index Cond: ((user_id = 5379) AND ((reactable_type)::text = 'Article'::text) AND ((category)::text = 'readinglist'::text))"], ["                    Filter: ((status)::text = ANY ('{confirmed,valid}'::text[]))"], ["        ->  Index Scan using articles_pkey on articles  (cost=0.29..8.30 rows=1 width=207)"], ["              Index Cond: (id = reactions.reactable_id)"], ["              Filter: ((NOT published) AND (published_at <= '2022-02-27 07:17:29.634659'::timestamp without time zone))"]]}
{"before": 0.08149999999999999, "after": 0.0759, "sql": "SELECT articles.cached_tag_list, articles.crossposted_at, articles.path, articles.published_at, articles.reading_time, articles.title, articles.user_id, reactions.id AS reaction_id, reactions.user_id AS reaction_user_id FROM articles INNER JOIN (SELECT reactions.id, reactions.reactable_id, reactions.user_id FROM reactions WHERE reactions.user_id = 5383 AND reactions.category = 'readinglist' AND reactions.status IN ('confirmed', 'valid') AND reactions.reactable_type = 'Article' ORDER BY reactions.created_at DESC) AS reactions ON reactions.reactable_id = articles.id WHERE articles.published = False AND published_at <= '2022-02-27 07:17:29.869169' LIMIT 9 OFFSET 1", "before_plan": [["Limit  (cost=17.23..25.86 rows=1 width=215)"], ["  ->  Nested Loop  (cost=8.60..17.23 rows=1 width=215)"], ["        ->  Sort  (cost=8.32..8.32 rows=1 width=32)"], ["              Sort Key: reactions.created_at DESC"], ["              ->  Index Scan using index_reactions_on_user_id_reactable_id_reactable_type_category on reactions  (cost=0.28..8.31 rows=1 width=32)"], ["                    Index Cond: ((user_id = 5383) AND ((reactable_type)::text = 'Article'::text) AND ((category)::text = 'readinglist'::text))"], ["                    Filter: ((status)::text = ANY ('{confirmed,valid}'::text[]))"], ["        ->  Index Scan using articles_pkey on articles  (cost=0.29..8.30 rows=1 width=207)"], ["              Index Cond: (id = reactions.reactable_id)"], ["              Filter: ((NOT published) AND (published_at <= '2022-02-27 07:17:29.869169'::timestamp without time zone))"]], "after_plan": [["Limit  (cost=17.23..25.86 rows=1 width=215)"], ["  ->  Nested Loop  (cost=8.60..17.23 rows=1 width=215)"], ["        ->  Sort  (cost=8.32..8.32 rows=1 width=32)"], ["              Sort Key: reactions.created_at DESC"], ["              ->  Index Scan using unique_table_reactions_field_user_id_reactable_id_reactable_typ on reactions  (cost=0.28..8.31 rows=1 width=32)"], ["                    Index Cond: ((user_id = 5383) AND ((reactable_type)::text = 'Article'::text) AND ((category)::text = 'readinglist'::text))"], ["                    Filter: ((status)::text = ANY ('{confirmed,valid}'::text[]))"], ["        ->  Index Scan using articles_pkey on articles  (cost=0.29..8.30 rows=1 width=207)"], ["              Index Cond: (id = reactions.reactable_id)"], ["              Filter: ((NOT published) AND (published_at <= '2022-02-27 07:17:29.869169'::timestamp without time zone))"]]}
{"before": 0.07809999999999999, "after": 0.07369999999999999, "sql": "SELECT articles.cached_tag_list, articles.crossposted_at, articles.path, articles.published_at, articles.reading_time, articles.title, articles.user_id, reactions.id AS reaction_id, reactions.user_id AS reaction_user_id FROM articles INNER JOIN (SELECT reactions.id, reactions.reactable_id, reactions.user_id FROM reactions WHERE reactions.user_id = 5375 AND reactions.category = 'readinglist' AND reactions.status IN ('confirmed', 'valid') AND reactions.reactable_type = 'Article' ORDER BY reactions.created_at DESC) AS reactions ON reactions.reactable_id = articles.id WHERE articles.published = False AND published_at <= '2022-02-27 07:17:29.404302' LIMIT 1 OFFSET 1", "before_plan": [["Limit  (cost=17.23..25.86 rows=1 width=215)"], ["  ->  Nested Loop  (cost=8.60..17.23 rows=1 width=215)"], ["        ->  Sort  (cost=8.32..8.32 rows=1 width=32)"], ["              Sort Key: reactions.created_at DESC"], ["              ->  Index Scan using index_reactions_on_user_id_reactable_id_reactable_type_category on reactions  (cost=0.28..8.31 rows=1 width=32)"], ["                    Index Cond: ((user_id = 5375) AND ((reactable_type)::text = 'Article'::text) AND ((category)::text = 'readinglist'::text))"], ["                    Filter: ((status)::text = ANY ('{confirmed,valid}'::text[]))"], ["        ->  Index Scan using articles_pkey on articles  (cost=0.29..8.30 rows=1 width=207)"], ["              Index Cond: (id = reactions.reactable_id)"], ["              Filter: ((NOT published) AND (published_at <= '2022-02-27 07:17:29.404302'::timestamp without time zone))"]], "after_plan": [["Limit  (cost=17.23..25.86 rows=1 width=215)"], ["  ->  Nested Loop  (cost=8.60..17.23 rows=1 width=215)"], ["        ->  Sort  (cost=8.32..8.32 rows=1 width=32)"], ["              Sort Key: reactions.created_at DESC"], ["              ->  Index Scan using unique_table_reactions_field_user_id_reactable_id_reactable_typ on reactions  (cost=0.28..8.31 rows=1 width=32)"], ["                    Index Cond: ((user_id = 5375) AND ((reactable_type)::text = 'Article'::text) AND ((category)::text = 'readinglist'::text))"], ["                    Filter: ((status)::text = ANY ('{confirmed,valid}'::text[]))"], ["        ->  Index Scan using articles_pkey on articles  (cost=0.29..8.30 rows=1 width=207)"], ["              Index Cond: (id = reactions.reactable_id)"], ["              Filter: ((NOT published) AND (published_at <= '2022-02-27 07:17:29.404302'::timestamp without time zone))"]]}
{"before": 0.07899999999999999, "after": 0.07499999999999998, "sql": "SELECT articles.cached_tag_list, articles.crossposted_at, articles.path, articles.published_at, articles.reading_time, articles.title, articles.user_id, reactions.id AS reaction_id, reactions.user_id AS reaction_user_id FROM articles INNER JOIN (SELECT reactions.id, reactions.reactable_id, reactions.user_id FROM reactions WHERE reactions.user_id = 5385 AND reactions.category = 'readinglist' AND reactions.status IN ('confirmed', 'valid') AND reactions.reactable_type = 'Article' ORDER BY reactions.created_at DESC) AS reactions ON reactions.reactable_id = articles.id WHERE articles.published = False AND published_at <= '2022-02-27 07:17:29.988451' LIMIT 10 OFFSET 1", "before_plan": [["Limit  (cost=17.23..25.86 rows=1 width=215)"], ["  ->  Nested Loop  (cost=8.60..17.23 rows=1 width=215)"], ["        ->  Sort  (cost=8.32..8.32 rows=1 width=32)"], ["              Sort Key: reactions.created_at DESC"], ["              ->  Index Scan using index_reactions_on_user_id_reactable_id_reactable_type_category on reactions  (cost=0.28..8.31 rows=1 width=32)"], ["                    Index Cond: ((user_id = 5385) AND ((reactable_type)::text = 'Article'::text) AND ((category)::text = 'readinglist'::text))"], ["                    Filter: ((status)::text = ANY ('{confirmed,valid}'::text[]))"], ["        ->  Index Scan using articles_pkey on articles  (cost=0.29..8.30 rows=1 width=207)"], ["              Index Cond: (id = reactions.reactable_id)"], ["              Filter: ((NOT published) AND (published_at <= '2022-02-27 07:17:29.988451'::timestamp without time zone))"]], "after_plan": [["Limit  (cost=17.23..25.86 rows=1 width=215)"], ["  ->  Nested Loop  (cost=8.60..17.23 rows=1 width=215)"], ["        ->  Sort  (cost=8.32..8.32 rows=1 width=32)"], ["              Sort Key: reactions.created_at DESC"], ["              ->  Index Scan using unique_table_reactions_field_user_id_reactable_id_reactable_typ on reactions  (cost=0.28..8.31 rows=1 width=32)"], ["                    Index Cond: ((user_id = 5385) AND ((reactable_type)::text = 'Article'::text) AND ((category)::text = 'readinglist'::text))"], ["                    Filter: ((status)::text = ANY ('{confirmed,valid}'::text[]))"], ["        ->  Index Scan using articles_pkey on articles  (cost=0.29..8.30 rows=1 width=207)"], ["              Index Cond: (id = reactions.reactable_id)"], ["              Filter: ((NOT published) AND (published_at <= '2022-02-27 07:17:29.988451'::timestamp without time zone))"]]}
{"before": 0.0798, "after": 0.07479999999999999, "sql": "SELECT articles.cached_tag_list, articles.crossposted_at, articles.path, articles.published_at, articles.reading_time, articles.title, articles.user_id, reactions.id AS reaction_id, reactions.user_id AS reaction_user_id FROM articles INNER JOIN (SELECT reactions.id, reactions.reactable_id, reactions.user_id FROM reactions WHERE reactions.user_id = 5377 AND reactions.category = 'readinglist' AND reactions.status IN ('confirmed', 'valid') AND reactions.reactable_type = 'Article' ORDER BY reactions.created_at DESC) AS reactions ON reactions.reactable_id = articles.id WHERE articles.published = False AND published_at <= '2022-02-27 07:17:29.519410' LIMIT 4 OFFSET 1", "before_plan": [["Limit  (cost=17.23..25.86 rows=1 width=215)"], ["  ->  Nested Loop  (cost=8.60..17.23 rows=1 width=215)"], ["        ->  Sort  (cost=8.32..8.32 rows=1 width=32)"], ["              Sort Key: reactions.created_at DESC"], ["              ->  Index Scan using index_reactions_on_user_id_reactable_id_reactable_type_category on reactions  (cost=0.28..8.31 rows=1 width=32)"], ["                    Index Cond: ((user_id = 5377) AND ((reactable_type)::text = 'Article'::text) AND ((category)::text = 'readinglist'::text))"], ["                    Filter: ((status)::text = ANY ('{confirmed,valid}'::text[]))"], ["        ->  Index Scan using articles_pkey on articles  (cost=0.29..8.30 rows=1 width=207)"], ["              Index Cond: (id = reactions.reactable_id)"], ["              Filter: ((NOT published) AND (published_at <= '2022-02-27 07:17:29.51941'::timestamp without time zone))"]], "after_plan": [["Limit  (cost=17.23..25.86 rows=1 width=215)"], ["  ->  Nested Loop  (cost=8.60..17.23 rows=1 width=215)"], ["        ->  Sort  (cost=8.32..8.32 rows=1 width=32)"], ["              Sort Key: reactions.created_at DESC"], ["              ->  Index Scan using unique_table_reactions_field_user_id_reactable_id_reactable_typ on reactions  (cost=0.28..8.31 rows=1 width=32)"], ["                    Index Cond: ((user_id = 5377) AND ((reactable_type)::text = 'Article'::text) AND ((category)::text = 'readinglist'::text))"], ["                    Filter: ((status)::text = ANY ('{confirmed,valid}'::text[]))"], ["        ->  Index Scan using articles_pkey on articles  (cost=0.29..8.30 rows=1 width=207)"], ["              Index Cond: (id = reactions.reactable_id)"], ["              Filter: ((NOT published) AND (published_at <= '2022-02-27 07:17:29.51941'::timestamp without time zone))"]]}
{"before": 0.0804, "after": 0.07499999999999998, "sql": "SELECT articles.cached_tag_list, articles.crossposted_at, articles.path, articles.published_at, articles.reading_time, articles.title, articles.user_id, reactions.id AS reaction_id, reactions.user_id AS reaction_user_id FROM articles INNER JOIN (SELECT reactions.id, reactions.reactable_id, reactions.user_id FROM reactions WHERE reactions.user_id = 5372 AND reactions.category = 'readinglist' AND reactions.status IN ('confirmed', 'valid') AND reactions.reactable_type = 'Article' ORDER BY reactions.created_at DESC) AS reactions ON reactions.reactable_id = articles.id WHERE articles.published = False AND published_at <= '2022-02-27 07:17:29.285728' LIMIT 2 OFFSET 1", "before_plan": [["Limit  (cost=17.23..25.86 rows=1 width=215)"], ["  ->  Nested Loop  (cost=8.60..17.23 rows=1 width=215)"], ["        ->  Sort  (cost=8.32..8.32 rows=1 width=32)"], ["              Sort Key: reactions.created_at DESC"], ["              ->  Index Scan using index_reactions_on_user_id_reactable_id_reactable_type_category on reactions  (cost=0.28..8.31 rows=1 width=32)"], ["                    Index Cond: ((user_id = 5372) AND ((reactable_type)::text = 'Article'::text) AND ((category)::text = 'readinglist'::text))"], ["                    Filter: ((status)::text = ANY ('{confirmed,valid}'::text[]))"], ["        ->  Index Scan using articles_pkey on articles  (cost=0.29..8.30 rows=1 width=207)"], ["              Index Cond: (id = reactions.reactable_id)"], ["              Filter: ((NOT published) AND (published_at <= '2022-02-27 07:17:29.285728'::timestamp without time zone))"]], "after_plan": [["Limit  (cost=17.23..25.86 rows=1 width=215)"], ["  ->  Nested Loop  (cost=8.60..17.23 rows=1 width=215)"], ["        ->  Sort  (cost=8.32..8.32 rows=1 width=32)"], ["              Sort Key: reactions.created_at DESC"], ["              ->  Index Scan using unique_table_reactions_field_user_id_reactable_id_reactable_typ on reactions  (cost=0.28..8.31 rows=1 width=32)"], ["                    Index Cond: ((user_id = 5372) AND ((reactable_type)::text = 'Article'::text) AND ((category)::text = 'readinglist'::text))"], ["                    Filter: ((status)::text = ANY ('{confirmed,valid}'::text[]))"], ["        ->  Index Scan using articles_pkey on articles  (cost=0.29..8.30 rows=1 width=207)"], ["              Index Cond: (id = reactions.reactable_id)"], ["              Filter: ((NOT published) AND (published_at <= '2022-02-27 07:17:29.285728'::timestamp without time zone))"]]}
{"before": 0.09589999999999999, "after": 0.06280000000000001, "sql": "SELECT classified_listings.id, classified_listings.body_markdown, classified_listings.bumped_at, classified_listings.cached_tag_list, classified_listings.classified_listing_category_id, classified_listings.created_at, classified_listings.expires_at, classified_listings.location, classified_listings.organization_id, classified_listings.originally_published_at, classified_listings.processed_html, classified_listings.published, classified_listings.slug, classified_listings.title, classified_listings.updated_at, classified_listings.user_id FROM classified_listings INNER JOIN classified_listing_categories ON classified_listing_categories.id = classified_listings.classified_listing_category_id WHERE classified_listing_categories.slug = 'bnbtcgmszlfcxoskimzrklfvyitmzmnxawgqytbccunnboimamwm' AND classified_listings.slug = 'kzznfouvuruhzsmoonhllwqsekewgmygcntllwn-1blg' LIMIT 6", "before_plan": [["Limit  (cost=4.71..20.47 rows=1 width=636)"], ["  ->  Nested Loop  (cost=4.71..20.47 rows=1 width=636)"], ["        ->  Index Scan using index_classified_listing_categories_on_slug on classified_listing_categories  (cost=0.41..8.43 rows=1 width=8)"], ["              Index Cond: ((slug)::text = 'bnbtcgmszlfcxoskimzrklfvyitmzmnxawgqytbccunnboimamwm'::text)"], ["        ->  Bitmap Heap Scan on classified_listings  (cost=4.30..12.04 rows=1 width=636)"], ["              Recheck Cond: (classified_listing_category_id = classified_listing_categories.id)"], ["              Filter: ((slug)::text = 'kzznfouvuruhzsmoonhllwqsekewgmygcntllwn-1blg'::text)"], ["              ->  Bitmap Index Scan on index_classified_listings_on_classified_listing_category_id  (cost=0.00..4.30 rows=2 width=0)"], ["                    Index Cond: (classified_listing_category_id = classified_listing_categories.id)"]], "after_plan": [["Limit  (cost=4.71..20.47 rows=1 width=636)"], ["  ->  Nested Loop  (cost=4.71..20.47 rows=1 width=636)"], ["        ->  Index Scan using unique_table_classified_listing_categories_field_slug_cond_none on classified_listing_categories  (cost=0.41..8.43 rows=1 width=8)"], ["              Index Cond: ((slug)::text = 'bnbtcgmszlfcxoskimzrklfvyitmzmnxawgqytbccunnboimamwm'::text)"], ["        ->  Bitmap Heap Scan on classified_listings  (cost=4.30..12.04 rows=1 width=636)"], ["              Recheck Cond: (classified_listing_category_id = classified_listing_categories.id)"], ["              Filter: ((slug)::text = 'kzznfouvuruhzsmoonhllwqsekewgmygcntllwn-1blg'::text)"], ["              ->  Bitmap Index Scan on index_classified_listings_on_classified_listing_category_id  (cost=0.00..4.30 rows=2 width=0)"], ["                    Index Cond: (classified_listing_category_id = classified_listing_categories.id)"]]}
{"before": 0.1263, "after": 0.08789999999999999, "sql": "SELECT classified_listings.id, classified_listings.body_markdown, classified_listings.bumped_at, classified_listings.cached_tag_list, classified_listings.classified_listing_category_id, classified_listings.created_at, classified_listings.expires_at, classified_listings.location, classified_listings.organization_id, classified_listings.originally_published_at, classified_listings.processed_html, classified_listings.published, classified_listings.slug, classified_listings.title, classified_listings.updated_at, classified_listings.user_id FROM classified_listings INNER JOIN classified_listing_categories ON classified_listing_categories.id = classified_listings.classified_listing_category_id WHERE classified_listing_categories.slug = 'umjbglpmywogykukzodofbxfbeejwbfieeddwubnfwspeocfyvchqxqkpnfvqkdzztolchgcnutdpxcstubdhkmiodmwhqbthbkdcjg' ORDER BY classified_listings.id DESC LIMIT 3", "before_plan": [["Limit  (cost=20.49..20.49 rows=1 width=636)"], ["  ->  Sort  (cost=20.49..20.49 rows=1 width=636)"], ["        Sort Key: classified_listings.id DESC"], ["        ->  Nested Loop  (cost=4.71..20.48 rows=1 width=636)"], ["              ->  Index Scan using index_classified_listing_categories_on_slug on classified_listing_categories  (cost=0.41..8.43 rows=1 width=8)"], ["                    Index Cond: ((slug)::text = 'umjbglpmywogykukzodofbxfbeejwbfieeddwubnfwspeocfyvchqxqkpnfvqkdzztolchgcnutdpxcstubdhkmiodmwhqbthbkdcjg'::text)"], ["              ->  Bitmap Heap Scan on classified_listings  (cost=4.30..12.03 rows=2 width=636)"], ["                    Recheck Cond: (classified_listing_category_id = classified_listing_categories.id)"], ["                    ->  Bitmap Index Scan on index_classified_listings_on_classified_listing_category_id  (cost=0.00..4.30 rows=2 width=0)"], ["                          Index Cond: (classified_listing_category_id = classified_listing_categories.id)"]], "after_plan": [["Limit  (cost=20.49..20.49 rows=1 width=636)"], ["  ->  Sort  (cost=20.49..20.49 rows=1 width=636)"], ["        Sort Key: classified_listings.id DESC"], ["        ->  Nested Loop  (cost=4.71..20.48 rows=1 width=636)"], ["              ->  Index Scan using unique_table_classified_listing_categories_field_slug_cond_none on classified_listing_categories  (cost=0.41..8.43 rows=1 width=8)"], ["                    Index Cond: ((slug)::text = 'umjbglpmywogykukzodofbxfbeejwbfieeddwubnfwspeocfyvchqxqkpnfvqkdzztolchgcnutdpxcstubdhkmiodmwhqbthbkdcjg'::text)"], ["              ->  Bitmap Heap Scan on classified_listings  (cost=4.30..12.03 rows=2 width=636)"], ["                    Recheck Cond: (classified_listing_category_id = classified_listing_categories.id)"], ["                    ->  Bitmap Index Scan on index_classified_listings_on_classified_listing_category_id  (cost=0.00..4.30 rows=2 width=0)"], ["                          Index Cond: (classified_listing_category_id = classified_listing_categories.id)"]]}
{"before": 0.1418, "after": 0.09719999999999998, "sql": "SELECT classified_listings.id, classified_listings.body_markdown, classified_listings.bumped_at, classified_listings.cached_tag_list, classified_listings.classified_listing_category_id, classified_listings.created_at, classified_listings.expires_at, classified_listings.location, classified_listings.organization_id, classified_listings.originally_published_at, classified_listings.processed_html, classified_listings.published, classified_listings.slug, classified_listings.title, classified_listings.updated_at, classified_listings.user_id FROM classified_listings INNER JOIN classified_listing_categories ON classified_listing_categories.id = classified_listings.classified_listing_category_id WHERE classified_listings.user_id = 7271 AND classified_listing_categories.slug = 'zhepoetizwicsxvywzpcjdwmbhfriiokntgaiqlvavcmeqxmbqqajskrihmuljqloxymrofahlevanidodpfwy' ORDER BY classified_listings.id DESC LIMIT 3", "before_plan": [["Limit  (cost=20.49..20.50 rows=1 width=636)"], ["  ->  Sort  (cost=20.49..20.50 rows=1 width=636)"], ["        Sort Key: classified_listings.id DESC"], ["        ->  Nested Loop  (cost=4.71..20.48 rows=1 width=636)"], ["              Join Filter: (classified_listings.classified_listing_category_id = classified_listing_categories.id)"], ["              ->  Index Scan using index_classified_listing_categories_on_slug on classified_listing_categories  (cost=0.41..8.43 rows=1 width=8)"], ["                    Index Cond: ((slug)::text = 'zhepoetizwicsxvywzpcjdwmbhfriiokntgaiqlvavcmeqxmbqqajskrihmuljqloxymrofahlevanidodpfwy'::text)"], ["              ->  Bitmap Heap Scan on classified_listings  (cost=4.30..12.03 rows=2 width=636)"], ["                    Recheck Cond: (user_id = 7271)"], ["                    ->  Bitmap Index Scan on index_classified_listings_on_user_id  (cost=0.00..4.30 rows=2 width=0)"], ["                          Index Cond: (user_id = 7271)"]], "after_plan": [["Limit  (cost=20.49..20.50 rows=1 width=636)"], ["  ->  Sort  (cost=20.49..20.50 rows=1 width=636)"], ["        Sort Key: classified_listings.id DESC"], ["        ->  Nested Loop  (cost=4.71..20.48 rows=1 width=636)"], ["              Join Filter: (classified_listings.classified_listing_category_id = classified_listing_categories.id)"], ["              ->  Index Scan using unique_table_classified_listing_categories_field_slug_cond_none on classified_listing_categories  (cost=0.41..8.43 rows=1 width=8)"], ["                    Index Cond: ((slug)::text = 'zhepoetizwicsxvywzpcjdwmbhfriiokntgaiqlvavcmeqxmbqqajskrihmuljqloxymrofahlevanidodpfwy'::text)"], ["              ->  Bitmap Heap Scan on classified_listings  (cost=4.30..12.03 rows=2 width=636)"], ["                    Recheck Cond: (user_id = 7271)"], ["                    ->  Bitmap Index Scan on index_classified_listings_on_user_id  (cost=0.00..4.30 rows=2 width=0)"], ["                          Index Cond: (user_id = 7271)"]]}
{"before": 0.1041, "after": 0.0685, "sql": "SELECT articles.id, articles.created_at, articles.crossposted_at, articles.edited_at, articles.last_comment_at, articles.published_at, articles.canonical_url, articles.feed_source_url, articles.video_closed_caption_track_url, articles.video_source_url, articles.video_thumbnail_url, articles.body_markdown, articles.cached_tag_list, articles.cached_user_name, articles.cached_user_username, articles.comments_count, articles.description, articles.main_image, articles.main_image_background_hex_color, articles.path, articles.public_reactions_count, articles.processed_html, articles.published, articles.published_from_feed, articles.show_comments, articles.slug, articles.social_image, articles.title, articles.video, articles.video_code FROM articles WHERE articles.user_id = 3711 AND articles.slug = 'yarignliwxxmya' ORDER BY articles.id ASC LIMIT 7", "before_plan": [["Limit  (cost=8.44..8.45 rows=1 width=1121)"], ["  ->  Sort  (cost=8.44..8.45 rows=1 width=1121)"], ["        Sort Key: id"], ["        ->  Index Scan using index_articles_on_slug_and_user_id on articles  (cost=0.41..8.43 rows=1 width=1121)"], ["              Index Cond: ((slug = 'yarignliwxxmya'::text) AND (user_id = 3711))"]], "after_plan": [["Limit  (cost=8.44..8.45 rows=1 width=1121)"], ["  ->  Sort  (cost=8.44..8.45 rows=1 width=1121)"], ["        Sort Key: id"], ["        ->  Index Scan using unique_table_articles_field_slug_user_id_cond_none on articles  (cost=0.41..8.43 rows=1 width=1121)"], ["              Index Cond: ((slug = 'yarignliwxxmya'::text) AND (user_id = 3711))"]]}
{"before": 0.10169999999999998, "after": 0.10389999999999999, "sql": "SELECT organization_memberships.id AS t0_r0, organization_memberships.created_at AS t0_r1, organization_memberships.organization_id AS t0_r2, organization_memberships.type_of_user AS t0_r3, organization_memberships.updated_at AS t0_r4, organization_memberships.user_id AS t0_r5, organizations.id AS t1_r0, organizations.articles_count AS t1_r1, organizations.bg_color_hex AS t1_r2, organizations.company_size AS t1_r3, organizations.created_at AS t1_r4, organizations.credits_count AS t1_r5, organizations.cta_body_markdown AS t1_r6, organizations.cta_button_text AS t1_r7, organizations.cta_button_url AS t1_r8, organizations.cta_processed_html AS t1_r9, organizations.dark_nav_image AS t1_r10, organizations.email AS t1_r11, organizations.github_username AS t1_r12, organizations.last_article_at AS t1_r13, organizations.latest_article_updated_at AS t1_r14, organizations.location AS t1_r15, organizations.name AS t1_r16, organizations.nav_image AS t1_r17, organizations.old_old_slug AS t1_r18, organizations.old_slug AS t1_r19, organizations.profile_image AS t1_r20, organizations.profile_updated_at AS t1_r21, organizations.proof AS t1_r22, organizations.secret AS t1_r23, organizations.slug AS t1_r24, organizations.spent_credits_count AS t1_r25, organizations.story AS t1_r26, organizations.summary AS t1_r27, organizations.tag_line AS t1_r28, organizations.tech_stack AS t1_r29, organizations.text_color_hex AS t1_r30, organizations.twitter_username AS t1_r31, organizations.unspent_credits_count AS t1_r32, organizations.updated_at AS t1_r33, organizations.url AS t1_r34 FROM organization_memberships INNER JOIN organizations ON organizations.id = organization_memberships.organization_id WHERE organization_memberships.user_id = 7687 ORDER BY organizations.name ASC", "before_plan": [["Sort  (cost=16.62..16.62 rows=1 width=848)"], ["  Sort Key: organizations.name"], ["  ->  Nested Loop  (cost=0.57..16.61 rows=1 width=848)"], ["        ->  Index Scan using index_organization_memberships_on_user_id_and_organization_id on organization_memberships  (cost=0.29..8.30 rows=1 width=46)"], ["              Index Cond: (user_id = 7687)"], ["        ->  Index Scan using organizations_pkey on organizations  (cost=0.29..8.30 rows=1 width=802)"], ["              Index Cond: (id = organization_memberships.organization_id)"]], "after_plan": [["Sort  (cost=16.62..16.62 rows=1 width=848)"], ["  Sort Key: organizations.name"], ["  ->  Nested Loop  (cost=0.57..16.61 rows=1 width=848)"], ["        ->  Index Scan using unique_table_organization_memberships_field_user_id_organizatio on organization_memberships  (cost=0.29..8.30 rows=1 width=46)"], ["              Index Cond: (user_id = 7687)"], ["        ->  Index Scan using organizations_pkey on organizations  (cost=0.29..8.30 rows=1 width=802)"], ["              Index Cond: (id = organization_memberships.organization_id)"]]}
