{"before": 0.04189999999999999, "after": 0.038, "sql": "SELECT project_id, user_id FROM members WHERE user_id = 3", "before_plan": [["Bitmap Heap Scan on members  (cost=4.30..11.38 rows=2 width=8)"], ["  Recheck Cond: (user_id = 3)"], ["  ->  Bitmap Index Scan on index_members_on_user_id  (cost=0.00..4.30 rows=2 width=0)"], ["        Index Cond: (user_id = 3)"]], "after_plan": [["Bitmap Heap Scan on members  (cost=4.30..11.38 rows=2 width=8)"], ["  Recheck Cond: (user_id = 3)"], ["  ->  Bitmap Index Scan on unique_table_members_field_user_id_project_id_cond_none  (cost=0.00..4.30 rows=2 width=0)"], ["        Index Cond: (user_id = 3)"]]}
{"before": 0.0411, "after": 0.03560000000000001, "sql": "SELECT project_id, user_id FROM members WHERE user_id = 49", "before_plan": [["Bitmap Heap Scan on members  (cost=4.30..11.38 rows=2 width=8)"], ["  Recheck Cond: (user_id = 49)"], ["  ->  Bitmap Index Scan on index_members_on_user_id  (cost=0.00..4.30 rows=2 width=0)"], ["        Index Cond: (user_id = 49)"]], "after_plan": [["Bitmap Heap Scan on members  (cost=4.30..11.38 rows=2 width=8)"], ["  Recheck Cond: (user_id = 49)"], ["  ->  Bitmap Index Scan on unique_table_members_field_user_id_project_id_cond_none  (cost=0.00..4.30 rows=2 width=0)"], ["        Index Cond: (user_id = 49)"]]}
{"before": 0.04259999999999999, "after": 0.03609999999999999, "sql": "SELECT project_id, user_id FROM members WHERE user_id = 38", "before_plan": [["Bitmap Heap Scan on members  (cost=4.30..11.38 rows=2 width=8)"], ["  Recheck Cond: (user_id = 38)"], ["  ->  Bitmap Index Scan on index_members_on_user_id  (cost=0.00..4.30 rows=2 width=0)"], ["        Index Cond: (user_id = 38)"]], "after_plan": [["Bitmap Heap Scan on members  (cost=4.30..11.38 rows=2 width=8)"], ["  Recheck Cond: (user_id = 38)"], ["  ->  Bitmap Index Scan on unique_table_members_field_user_id_project_id_cond_none  (cost=0.00..4.30 rows=2 width=0)"], ["        Index Cond: (user_id = 38)"]]}
{"before": 0.040499999999999994, "after": 0.03530000000000001, "sql": "SELECT project_id, user_id FROM members WHERE user_id = 15", "before_plan": [["Bitmap Heap Scan on members  (cost=4.30..11.38 rows=2 width=8)"], ["  Recheck Cond: (user_id = 15)"], ["  ->  Bitmap Index Scan on index_members_on_user_id  (cost=0.00..4.30 rows=2 width=0)"], ["        Index Cond: (user_id = 15)"]], "after_plan": [["Bitmap Heap Scan on members  (cost=4.30..11.38 rows=2 width=8)"], ["  Recheck Cond: (user_id = 15)"], ["  ->  Bitmap Index Scan on unique_table_members_field_user_id_project_id_cond_none  (cost=0.00..4.30 rows=2 width=0)"], ["        Index Cond: (user_id = 15)"]]}
{"before": 0.039799999999999995, "after": 0.036000000000000004, "sql": "SELECT project_id, user_id FROM members WHERE user_id = 46", "before_plan": [["Bitmap Heap Scan on members  (cost=4.30..11.38 rows=2 width=8)"], ["  Recheck Cond: (user_id = 46)"], ["  ->  Bitmap Index Scan on index_members_on_user_id  (cost=0.00..4.30 rows=2 width=0)"], ["        Index Cond: (user_id = 46)"]], "after_plan": [["Bitmap Heap Scan on members  (cost=4.30..11.38 rows=2 width=8)"], ["  Recheck Cond: (user_id = 46)"], ["  ->  Bitmap Index Scan on unique_table_members_field_user_id_project_id_cond_none  (cost=0.00..4.30 rows=2 width=0)"], ["        Index Cond: (user_id = 46)"]]}
{"before": 0.04129999999999999, "after": 0.03679999999999999, "sql": "SELECT project_id, user_id FROM members WHERE user_id = 52", "before_plan": [["Bitmap Heap Scan on members  (cost=4.30..11.38 rows=2 width=8)"], ["  Recheck Cond: (user_id = 52)"], ["  ->  Bitmap Index Scan on index_members_on_user_id  (cost=0.00..4.30 rows=2 width=0)"], ["        Index Cond: (user_id = 52)"]], "after_plan": [["Bitmap Heap Scan on members  (cost=4.30..11.38 rows=2 width=8)"], ["  Recheck Cond: (user_id = 52)"], ["  ->  Bitmap Index Scan on unique_table_members_field_user_id_project_id_cond_none  (cost=0.00..4.30 rows=2 width=0)"], ["        Index Cond: (user_id = 52)"]]}
{"before": 0.0397, "after": 0.03530000000000001, "sql": "SELECT project_id, user_id FROM members WHERE user_id = 42", "before_plan": [["Bitmap Heap Scan on members  (cost=4.30..11.38 rows=2 width=8)"], ["  Recheck Cond: (user_id = 42)"], ["  ->  Bitmap Index Scan on index_members_on_user_id  (cost=0.00..4.30 rows=2 width=0)"], ["        Index Cond: (user_id = 42)"]], "after_plan": [["Bitmap Heap Scan on members  (cost=4.30..11.38 rows=2 width=8)"], ["  Recheck Cond: (user_id = 42)"], ["  ->  Bitmap Index Scan on unique_table_members_field_user_id_project_id_cond_none  (cost=0.00..4.30 rows=2 width=0)"], ["        Index Cond: (user_id = 42)"]]}
{"before": 0.040799999999999996, "after": 0.0354, "sql": "SELECT project_id, user_id FROM members WHERE user_id = 512", "before_plan": [["Bitmap Heap Scan on members  (cost=4.30..11.38 rows=2 width=8)"], ["  Recheck Cond: (user_id = 512)"], ["  ->  Bitmap Index Scan on index_members_on_user_id  (cost=0.00..4.30 rows=2 width=0)"], ["        Index Cond: (user_id = 512)"]], "after_plan": [["Bitmap Heap Scan on members  (cost=4.30..11.38 rows=2 width=8)"], ["  Recheck Cond: (user_id = 512)"], ["  ->  Bitmap Index Scan on unique_table_members_field_user_id_project_id_cond_none  (cost=0.00..4.30 rows=2 width=0)"], ["        Index Cond: (user_id = 512)"]]}
{"before": 0.0401, "after": 0.0358, "sql": "SELECT project_id, user_id FROM members WHERE user_id = 269", "before_plan": [["Bitmap Heap Scan on members  (cost=4.30..11.38 rows=2 width=8)"], ["  Recheck Cond: (user_id = 269)"], ["  ->  Bitmap Index Scan on index_members_on_user_id  (cost=0.00..4.30 rows=2 width=0)"], ["        Index Cond: (user_id = 269)"]], "after_plan": [["Bitmap Heap Scan on members  (cost=4.30..11.38 rows=2 width=8)"], ["  Recheck Cond: (user_id = 269)"], ["  ->  Bitmap Index Scan on unique_table_members_field_user_id_project_id_cond_none  (cost=0.00..4.30 rows=2 width=0)"], ["        Index Cond: (user_id = 269)"]]}
{"before": 0.040299999999999996, "after": 0.0361, "sql": "SELECT project_id, user_id FROM members WHERE user_id = 476", "before_plan": [["Bitmap Heap Scan on members  (cost=4.30..11.38 rows=2 width=8)"], ["  Recheck Cond: (user_id = 476)"], ["  ->  Bitmap Index Scan on index_members_on_user_id  (cost=0.00..4.30 rows=2 width=0)"], ["        Index Cond: (user_id = 476)"]], "after_plan": [["Bitmap Heap Scan on members  (cost=4.30..11.38 rows=2 width=8)"], ["  Recheck Cond: (user_id = 476)"], ["  ->  Bitmap Index Scan on unique_table_members_field_user_id_project_id_cond_none  (cost=0.00..4.30 rows=2 width=0)"], ["        Index Cond: (user_id = 476)"]]}
{"before": 0.040299999999999996, "after": 0.0354, "sql": "SELECT project_id, user_id FROM members WHERE user_id = 376", "before_plan": [["Bitmap Heap Scan on members  (cost=4.30..11.38 rows=2 width=8)"], ["  Recheck Cond: (user_id = 376)"], ["  ->  Bitmap Index Scan on index_members_on_user_id  (cost=0.00..4.30 rows=2 width=0)"], ["        Index Cond: (user_id = 376)"]], "after_plan": [["Bitmap Heap Scan on members  (cost=4.30..11.38 rows=2 width=8)"], ["  Recheck Cond: (user_id = 376)"], ["  ->  Bitmap Index Scan on unique_table_members_field_user_id_project_id_cond_none  (cost=0.00..4.30 rows=2 width=0)"], ["        Index Cond: (user_id = 376)"]]}
{"before": 0.0407, "after": 0.035699999999999996, "sql": "SELECT project_id, user_id FROM members WHERE user_id = 644", "before_plan": [["Bitmap Heap Scan on members  (cost=4.30..11.38 rows=2 width=8)"], ["  Recheck Cond: (user_id = 644)"], ["  ->  Bitmap Index Scan on index_members_on_user_id  (cost=0.00..4.30 rows=2 width=0)"], ["        Index Cond: (user_id = 644)"]], "after_plan": [["Bitmap Heap Scan on members  (cost=4.30..11.38 rows=2 width=8)"], ["  Recheck Cond: (user_id = 644)"], ["  ->  Bitmap Index Scan on unique_table_members_field_user_id_project_id_cond_none  (cost=0.00..4.30 rows=2 width=0)"], ["        Index Cond: (user_id = 644)"]]}
{"before": 0.040799999999999996, "after": 0.03699999999999999, "sql": "SELECT project_id, user_id FROM members WHERE user_id = 188", "before_plan": [["Bitmap Heap Scan on members  (cost=4.30..11.38 rows=2 width=8)"], ["  Recheck Cond: (user_id = 188)"], ["  ->  Bitmap Index Scan on index_members_on_user_id  (cost=0.00..4.30 rows=2 width=0)"], ["        Index Cond: (user_id = 188)"]], "after_plan": [["Bitmap Heap Scan on members  (cost=4.30..11.38 rows=2 width=8)"], ["  Recheck Cond: (user_id = 188)"], ["  ->  Bitmap Index Scan on unique_table_members_field_user_id_project_id_cond_none  (cost=0.00..4.30 rows=2 width=0)"], ["        Index Cond: (user_id = 188)"]]}
{"before": 0.040999999999999995, "after": 0.03560000000000001, "sql": "SELECT project_id, user_id FROM members WHERE user_id = 500", "before_plan": [["Bitmap Heap Scan on members  (cost=4.30..11.38 rows=2 width=8)"], ["  Recheck Cond: (user_id = 500)"], ["  ->  Bitmap Index Scan on index_members_on_user_id  (cost=0.00..4.30 rows=2 width=0)"], ["        Index Cond: (user_id = 500)"]], "after_plan": [["Bitmap Heap Scan on members  (cost=4.30..11.38 rows=2 width=8)"], ["  Recheck Cond: (user_id = 500)"], ["  ->  Bitmap Index Scan on unique_table_members_field_user_id_project_id_cond_none  (cost=0.00..4.30 rows=2 width=0)"], ["        Index Cond: (user_id = 500)"]]}
{"before": 0.040999999999999995, "after": 0.03609999999999999, "sql": "SELECT project_id, user_id FROM members WHERE user_id = 711", "before_plan": [["Bitmap Heap Scan on members  (cost=4.30..11.38 rows=2 width=8)"], ["  Recheck Cond: (user_id = 711)"], ["  ->  Bitmap Index Scan on index_members_on_user_id  (cost=0.00..4.30 rows=2 width=0)"], ["        Index Cond: (user_id = 711)"]], "after_plan": [["Bitmap Heap Scan on members  (cost=4.30..11.38 rows=2 width=8)"], ["  Recheck Cond: (user_id = 711)"], ["  ->  Bitmap Index Scan on unique_table_members_field_user_id_project_id_cond_none  (cost=0.00..4.30 rows=2 width=0)"], ["        Index Cond: (user_id = 711)"]]}
{"before": 0.040799999999999996, "after": 0.036199999999999996, "sql": "SELECT project_id, user_id FROM members WHERE user_id = 292", "before_plan": [["Bitmap Heap Scan on members  (cost=4.30..11.38 rows=2 width=8)"], ["  Recheck Cond: (user_id = 292)"], ["  ->  Bitmap Index Scan on index_members_on_user_id  (cost=0.00..4.30 rows=2 width=0)"], ["        Index Cond: (user_id = 292)"]], "after_plan": [["Bitmap Heap Scan on members  (cost=4.30..11.38 rows=2 width=8)"], ["  Recheck Cond: (user_id = 292)"], ["  ->  Bitmap Index Scan on unique_table_members_field_user_id_project_id_cond_none  (cost=0.00..4.30 rows=2 width=0)"], ["        Index Cond: (user_id = 292)"]]}
{"before": 0.040499999999999994, "after": 0.03609999999999999, "sql": "SELECT project_id, user_id FROM members WHERE user_id = 429", "before_plan": [["Bitmap Heap Scan on members  (cost=4.30..11.38 rows=2 width=8)"], ["  Recheck Cond: (user_id = 429)"], ["  ->  Bitmap Index Scan on index_members_on_user_id  (cost=0.00..4.30 rows=2 width=0)"], ["        Index Cond: (user_id = 429)"]], "after_plan": [["Bitmap Heap Scan on members  (cost=4.30..11.38 rows=2 width=8)"], ["  Recheck Cond: (user_id = 429)"], ["  ->  Bitmap Index Scan on unique_table_members_field_user_id_project_id_cond_none  (cost=0.00..4.30 rows=2 width=0)"], ["        Index Cond: (user_id = 429)"]]}
{"before": 0.041999999999999996, "after": 0.03640000000000001, "sql": "SELECT project_id, user_id FROM members WHERE user_id = 494", "before_plan": [["Bitmap Heap Scan on members  (cost=4.30..11.38 rows=2 width=8)"], ["  Recheck Cond: (user_id = 494)"], ["  ->  Bitmap Index Scan on index_members_on_user_id  (cost=0.00..4.30 rows=2 width=0)"], ["        Index Cond: (user_id = 494)"]], "after_plan": [["Bitmap Heap Scan on members  (cost=4.30..11.38 rows=2 width=8)"], ["  Recheck Cond: (user_id = 494)"], ["  ->  Bitmap Index Scan on unique_table_members_field_user_id_project_id_cond_none  (cost=0.00..4.30 rows=2 width=0)"], ["        Index Cond: (user_id = 494)"]]}
{"before": 0.04159999999999999, "after": 0.03599999999999999, "sql": "SELECT project_id, user_id FROM members WHERE user_id = 654", "before_plan": [["Bitmap Heap Scan on members  (cost=4.30..11.38 rows=2 width=8)"], ["  Recheck Cond: (user_id = 654)"], ["  ->  Bitmap Index Scan on index_members_on_user_id  (cost=0.00..4.30 rows=2 width=0)"], ["        Index Cond: (user_id = 654)"]], "after_plan": [["Bitmap Heap Scan on members  (cost=4.30..11.38 rows=2 width=8)"], ["  Recheck Cond: (user_id = 654)"], ["  ->  Bitmap Index Scan on unique_table_members_field_user_id_project_id_cond_none  (cost=0.00..4.30 rows=2 width=0)"], ["        Index Cond: (user_id = 654)"]]}
{"before": 0.042199999999999994, "after": 0.0348, "sql": "SELECT project_id, user_id FROM members WHERE user_id = 440", "before_plan": [["Bitmap Heap Scan on members  (cost=4.30..11.38 rows=2 width=8)"], ["  Recheck Cond: (user_id = 440)"], ["  ->  Bitmap Index Scan on index_members_on_user_id  (cost=0.00..4.30 rows=2 width=0)"], ["        Index Cond: (user_id = 440)"]], "after_plan": [["Bitmap Heap Scan on members  (cost=4.30..11.38 rows=2 width=8)"], ["  Recheck Cond: (user_id = 440)"], ["  ->  Bitmap Index Scan on unique_table_members_field_user_id_project_id_cond_none  (cost=0.00..4.30 rows=2 width=0)"], ["        Index Cond: (user_id = 440)"]]}
{"before": 0.04229999999999999, "after": 0.0372, "sql": "SELECT project_id, user_id FROM members WHERE user_id = 669", "before_plan": [["Bitmap Heap Scan on members  (cost=4.30..11.38 rows=2 width=8)"], ["  Recheck Cond: (user_id = 669)"], ["  ->  Bitmap Index Scan on index_members_on_user_id  (cost=0.00..4.30 rows=2 width=0)"], ["        Index Cond: (user_id = 669)"]], "after_plan": [["Bitmap Heap Scan on members  (cost=4.30..11.38 rows=2 width=8)"], ["  Recheck Cond: (user_id = 669)"], ["  ->  Bitmap Index Scan on unique_table_members_field_user_id_project_id_cond_none  (cost=0.00..4.30 rows=2 width=0)"], ["        Index Cond: (user_id = 669)"]]}
{"before": 0.04209999999999999, "after": 0.0368, "sql": "SELECT project_id, user_id FROM members WHERE user_id = 725", "before_plan": [["Bitmap Heap Scan on members  (cost=4.30..11.38 rows=2 width=8)"], ["  Recheck Cond: (user_id = 725)"], ["  ->  Bitmap Index Scan on index_members_on_user_id  (cost=0.00..4.30 rows=2 width=0)"], ["        Index Cond: (user_id = 725)"]], "after_plan": [["Bitmap Heap Scan on members  (cost=4.30..11.38 rows=2 width=8)"], ["  Recheck Cond: (user_id = 725)"], ["  ->  Bitmap Index Scan on unique_table_members_field_user_id_project_id_cond_none  (cost=0.00..4.30 rows=2 width=0)"], ["        Index Cond: (user_id = 725)"]]}
{"before": 0.04179999999999999, "after": 0.03599999999999999, "sql": "SELECT project_id, user_id FROM members WHERE user_id = 661", "before_plan": [["Bitmap Heap Scan on members  (cost=4.30..11.38 rows=2 width=8)"], ["  Recheck Cond: (user_id = 661)"], ["  ->  Bitmap Index Scan on index_members_on_user_id  (cost=0.00..4.30 rows=2 width=0)"], ["        Index Cond: (user_id = 661)"]], "after_plan": [["Bitmap Heap Scan on members  (cost=4.30..11.38 rows=2 width=8)"], ["  Recheck Cond: (user_id = 661)"], ["  ->  Bitmap Index Scan on unique_table_members_field_user_id_project_id_cond_none  (cost=0.00..4.30 rows=2 width=0)"], ["        Index Cond: (user_id = 661)"]]}
{"before": 0.042699999999999995, "after": 0.0358, "sql": "SELECT project_id, user_id FROM members WHERE user_id = 370", "before_plan": [["Bitmap Heap Scan on members  (cost=4.30..11.38 rows=2 width=8)"], ["  Recheck Cond: (user_id = 370)"], ["  ->  Bitmap Index Scan on index_members_on_user_id  (cost=0.00..4.30 rows=2 width=0)"], ["        Index Cond: (user_id = 370)"]], "after_plan": [["Bitmap Heap Scan on members  (cost=4.30..11.38 rows=2 width=8)"], ["  Recheck Cond: (user_id = 370)"], ["  ->  Bitmap Index Scan on unique_table_members_field_user_id_project_id_cond_none  (cost=0.00..4.30 rows=2 width=0)"], ["        Index Cond: (user_id = 370)"]]}
{"before": 0.0409, "after": 0.038599999999999995, "sql": "SELECT project_id, user_id FROM members WHERE user_id = 470", "before_plan": [["Bitmap Heap Scan on members  (cost=4.30..11.38 rows=2 width=8)"], ["  Recheck Cond: (user_id = 470)"], ["  ->  Bitmap Index Scan on index_members_on_user_id  (cost=0.00..4.30 rows=2 width=0)"], ["        Index Cond: (user_id = 470)"]], "after_plan": [["Bitmap Heap Scan on members  (cost=4.30..11.38 rows=2 width=8)"], ["  Recheck Cond: (user_id = 470)"], ["  ->  Bitmap Index Scan on unique_table_members_field_user_id_project_id_cond_none  (cost=0.00..4.30 rows=2 width=0)"], ["        Index Cond: (user_id = 470)"]]}
{"before": 0.040799999999999996, "after": 0.036899999999999995, "sql": "SELECT project_id, user_id FROM members WHERE user_id = 488", "before_plan": [["Bitmap Heap Scan on members  (cost=4.30..11.38 rows=2 width=8)"], ["  Recheck Cond: (user_id = 488)"], ["  ->  Bitmap Index Scan on index_members_on_user_id  (cost=0.00..4.30 rows=2 width=0)"], ["        Index Cond: (user_id = 488)"]], "after_plan": [["Bitmap Heap Scan on members  (cost=4.30..11.38 rows=2 width=8)"], ["  Recheck Cond: (user_id = 488)"], ["  ->  Bitmap Index Scan on unique_table_members_field_user_id_project_id_cond_none  (cost=0.00..4.30 rows=2 width=0)"], ["        Index Cond: (user_id = 488)"]]}
{"before": 0.03989999999999999, "after": 0.038099999999999995, "sql": "SELECT project_id, user_id FROM members WHERE user_id = 394", "before_plan": [["Bitmap Heap Scan on members  (cost=4.30..11.38 rows=2 width=8)"], ["  Recheck Cond: (user_id = 394)"], ["  ->  Bitmap Index Scan on index_members_on_user_id  (cost=0.00..4.30 rows=2 width=0)"], ["        Index Cond: (user_id = 394)"]], "after_plan": [["Bitmap Heap Scan on members  (cost=4.30..11.38 rows=2 width=8)"], ["  Recheck Cond: (user_id = 394)"], ["  ->  Bitmap Index Scan on unique_table_members_field_user_id_project_id_cond_none  (cost=0.00..4.30 rows=2 width=0)"], ["        Index Cond: (user_id = 394)"]]}
{"before": 0.04109999999999999, "after": 0.03679999999999999, "sql": "SELECT project_id, user_id FROM members WHERE user_id = 697", "before_plan": [["Bitmap Heap Scan on members  (cost=4.30..11.38 rows=2 width=8)"], ["  Recheck Cond: (user_id = 697)"], ["  ->  Bitmap Index Scan on index_members_on_user_id  (cost=0.00..4.30 rows=2 width=0)"], ["        Index Cond: (user_id = 697)"]], "after_plan": [["Bitmap Heap Scan on members  (cost=4.30..11.38 rows=2 width=8)"], ["  Recheck Cond: (user_id = 697)"], ["  ->  Bitmap Index Scan on unique_table_members_field_user_id_project_id_cond_none  (cost=0.00..4.30 rows=2 width=0)"], ["        Index Cond: (user_id = 697)"]]}
{"before": 0.041699999999999994, "after": 0.036699999999999997, "sql": "SELECT project_id, user_id FROM members WHERE user_id = 649", "before_plan": [["Bitmap Heap Scan on members  (cost=4.30..11.38 rows=2 width=8)"], ["  Recheck Cond: (user_id = 649)"], ["  ->  Bitmap Index Scan on index_members_on_user_id  (cost=0.00..4.30 rows=2 width=0)"], ["        Index Cond: (user_id = 649)"]], "after_plan": [["Bitmap Heap Scan on members  (cost=4.30..11.38 rows=2 width=8)"], ["  Recheck Cond: (user_id = 649)"], ["  ->  Bitmap Index Scan on unique_table_members_field_user_id_project_id_cond_none  (cost=0.00..4.30 rows=2 width=0)"], ["        Index Cond: (user_id = 649)"]]}
{"before": 0.0412, "after": 0.0358, "sql": "SELECT project_id, user_id FROM members WHERE user_id = 257", "before_plan": [["Bitmap Heap Scan on members  (cost=4.30..11.38 rows=2 width=8)"], ["  Recheck Cond: (user_id = 257)"], ["  ->  Bitmap Index Scan on index_members_on_user_id  (cost=0.00..4.30 rows=2 width=0)"], ["        Index Cond: (user_id = 257)"]], "after_plan": [["Bitmap Heap Scan on members  (cost=4.30..11.38 rows=2 width=8)"], ["  Recheck Cond: (user_id = 257)"], ["  ->  Bitmap Index Scan on unique_table_members_field_user_id_project_id_cond_none  (cost=0.00..4.30 rows=2 width=0)"], ["        Index Cond: (user_id = 257)"]]}
{"before": 0.041299999999999996, "after": 0.03560000000000001, "sql": "SELECT project_id, user_id FROM members WHERE user_id = 215", "before_plan": [["Bitmap Heap Scan on members  (cost=4.30..11.38 rows=2 width=8)"], ["  Recheck Cond: (user_id = 215)"], ["  ->  Bitmap Index Scan on index_members_on_user_id  (cost=0.00..4.30 rows=2 width=0)"], ["        Index Cond: (user_id = 215)"]], "after_plan": [["Bitmap Heap Scan on members  (cost=4.30..11.38 rows=2 width=8)"], ["  Recheck Cond: (user_id = 215)"], ["  ->  Bitmap Index Scan on unique_table_members_field_user_id_project_id_cond_none  (cost=0.00..4.30 rows=2 width=0)"], ["        Index Cond: (user_id = 215)"]]}
{"before": 0.0409, "after": 0.03629999999999999, "sql": "SELECT project_id, user_id FROM members WHERE user_id = 689", "before_plan": [["Bitmap Heap Scan on members  (cost=4.30..11.38 rows=2 width=8)"], ["  Recheck Cond: (user_id = 689)"], ["  ->  Bitmap Index Scan on index_members_on_user_id  (cost=0.00..4.30 rows=2 width=0)"], ["        Index Cond: (user_id = 689)"]], "after_plan": [["Bitmap Heap Scan on members  (cost=4.30..11.38 rows=2 width=8)"], ["  Recheck Cond: (user_id = 689)"], ["  ->  Bitmap Index Scan on unique_table_members_field_user_id_project_id_cond_none  (cost=0.00..4.30 rows=2 width=0)"], ["        Index Cond: (user_id = 689)"]]}
{"before": 0.040799999999999996, "after": 0.03649999999999999, "sql": "SELECT project_id, user_id FROM members WHERE user_id = 739", "before_plan": [["Bitmap Heap Scan on members  (cost=4.30..11.38 rows=2 width=8)"], ["  Recheck Cond: (user_id = 739)"], ["  ->  Bitmap Index Scan on index_members_on_user_id  (cost=0.00..4.30 rows=2 width=0)"], ["        Index Cond: (user_id = 739)"]], "after_plan": [["Bitmap Heap Scan on members  (cost=4.30..11.38 rows=2 width=8)"], ["  Recheck Cond: (user_id = 739)"], ["  ->  Bitmap Index Scan on unique_table_members_field_user_id_project_id_cond_none  (cost=0.00..4.30 rows=2 width=0)"], ["        Index Cond: (user_id = 739)"]]}
{"before": 0.0412, "after": 0.036, "sql": "SELECT project_id, user_id FROM members WHERE user_id = 298", "before_plan": [["Bitmap Heap Scan on members  (cost=4.30..11.38 rows=2 width=8)"], ["  Recheck Cond: (user_id = 298)"], ["  ->  Bitmap Index Scan on index_members_on_user_id  (cost=0.00..4.30 rows=2 width=0)"], ["        Index Cond: (user_id = 298)"]], "after_plan": [["Bitmap Heap Scan on members  (cost=4.30..11.38 rows=2 width=8)"], ["  Recheck Cond: (user_id = 298)"], ["  ->  Bitmap Index Scan on unique_table_members_field_user_id_project_id_cond_none  (cost=0.00..4.30 rows=2 width=0)"], ["        Index Cond: (user_id = 298)"]]}
{"before": 0.0404, "after": 0.03629999999999999, "sql": "SELECT project_id, user_id FROM members WHERE user_id = 286", "before_plan": [["Bitmap Heap Scan on members  (cost=4.30..11.38 rows=2 width=8)"], ["  Recheck Cond: (user_id = 286)"], ["  ->  Bitmap Index Scan on index_members_on_user_id  (cost=0.00..4.30 rows=2 width=0)"], ["        Index Cond: (user_id = 286)"]], "after_plan": [["Bitmap Heap Scan on members  (cost=4.30..11.38 rows=2 width=8)"], ["  Recheck Cond: (user_id = 286)"], ["  ->  Bitmap Index Scan on unique_table_members_field_user_id_project_id_cond_none  (cost=0.00..4.30 rows=2 width=0)"], ["        Index Cond: (user_id = 286)"]]}
{"before": 0.0421, "after": 0.0382, "sql": "SELECT project_id, user_id FROM members WHERE user_id = 328", "before_plan": [["Bitmap Heap Scan on members  (cost=4.30..11.38 rows=2 width=8)"], ["  Recheck Cond: (user_id = 328)"], ["  ->  Bitmap Index Scan on index_members_on_user_id  (cost=0.00..4.30 rows=2 width=0)"], ["        Index Cond: (user_id = 328)"]], "after_plan": [["Bitmap Heap Scan on members  (cost=4.30..11.38 rows=2 width=8)"], ["  Recheck Cond: (user_id = 328)"], ["  ->  Bitmap Index Scan on unique_table_members_field_user_id_project_id_cond_none  (cost=0.00..4.30 rows=2 width=0)"], ["        Index Cond: (user_id = 328)"]]}
{"before": 0.0404, "after": 0.0382, "sql": "SELECT project_id, user_id FROM members WHERE user_id = 624", "before_plan": [["Bitmap Heap Scan on members  (cost=4.30..11.38 rows=2 width=8)"], ["  Recheck Cond: (user_id = 624)"], ["  ->  Bitmap Index Scan on index_members_on_user_id  (cost=0.00..4.30 rows=2 width=0)"], ["        Index Cond: (user_id = 624)"]], "after_plan": [["Bitmap Heap Scan on members  (cost=4.30..11.38 rows=2 width=8)"], ["  Recheck Cond: (user_id = 624)"], ["  ->  Bitmap Index Scan on unique_table_members_field_user_id_project_id_cond_none  (cost=0.00..4.30 rows=2 width=0)"], ["        Index Cond: (user_id = 624)"]]}
{"before": 0.0424, "after": 0.0382, "sql": "SELECT project_id, user_id FROM members WHERE user_id = 239", "before_plan": [["Bitmap Heap Scan on members  (cost=4.30..11.38 rows=2 width=8)"], ["  Recheck Cond: (user_id = 239)"], ["  ->  Bitmap Index Scan on index_members_on_user_id  (cost=0.00..4.30 rows=2 width=0)"], ["        Index Cond: (user_id = 239)"]], "after_plan": [["Bitmap Heap Scan on members  (cost=4.30..11.38 rows=2 width=8)"], ["  Recheck Cond: (user_id = 239)"], ["  ->  Bitmap Index Scan on unique_table_members_field_user_id_project_id_cond_none  (cost=0.00..4.30 rows=2 width=0)"], ["        Index Cond: (user_id = 239)"]]}
{"before": 0.0419, "after": 0.03679999999999999, "sql": "SELECT project_id, user_id FROM members WHERE user_id = 352", "before_plan": [["Bitmap Heap Scan on members  (cost=4.30..11.38 rows=2 width=8)"], ["  Recheck Cond: (user_id = 352)"], ["  ->  Bitmap Index Scan on index_members_on_user_id  (cost=0.00..4.30 rows=2 width=0)"], ["        Index Cond: (user_id = 352)"]], "after_plan": [["Bitmap Heap Scan on members  (cost=4.30..11.38 rows=2 width=8)"], ["  Recheck Cond: (user_id = 352)"], ["  ->  Bitmap Index Scan on unique_table_members_field_user_id_project_id_cond_none  (cost=0.00..4.30 rows=2 width=0)"], ["        Index Cond: (user_id = 352)"]]}
{"before": 0.0392, "after": 0.036399999999999995, "sql": "SELECT project_id, user_id FROM members WHERE user_id = 679", "before_plan": [["Bitmap Heap Scan on members  (cost=4.30..11.38 rows=2 width=8)"], ["  Recheck Cond: (user_id = 679)"], ["  ->  Bitmap Index Scan on index_members_on_user_id  (cost=0.00..4.30 rows=2 width=0)"], ["        Index Cond: (user_id = 679)"]], "after_plan": [["Bitmap Heap Scan on members  (cost=4.30..11.38 rows=2 width=8)"], ["  Recheck Cond: (user_id = 679)"], ["  ->  Bitmap Index Scan on unique_table_members_field_user_id_project_id_cond_none  (cost=0.00..4.30 rows=2 width=0)"], ["        Index Cond: (user_id = 679)"]]}
{"before": 0.0399, "after": 0.036199999999999996, "sql": "SELECT project_id, user_id FROM members WHERE user_id = 358", "before_plan": [["Bitmap Heap Scan on members  (cost=4.30..11.38 rows=2 width=8)"], ["  Recheck Cond: (user_id = 358)"], ["  ->  Bitmap Index Scan on index_members_on_user_id  (cost=0.00..4.30 rows=2 width=0)"], ["        Index Cond: (user_id = 358)"]], "after_plan": [["Bitmap Heap Scan on members  (cost=4.30..11.38 rows=2 width=8)"], ["  Recheck Cond: (user_id = 358)"], ["  ->  Bitmap Index Scan on unique_table_members_field_user_id_project_id_cond_none  (cost=0.00..4.30 rows=2 width=0)"], ["        Index Cond: (user_id = 358)"]]}
{"before": 0.039299999999999995, "after": 0.03440000000000001, "sql": "SELECT project_id, user_id FROM members WHERE user_id = 221", "before_plan": [["Bitmap Heap Scan on members  (cost=4.30..11.38 rows=2 width=8)"], ["  Recheck Cond: (user_id = 221)"], ["  ->  Bitmap Index Scan on index_members_on_user_id  (cost=0.00..4.30 rows=2 width=0)"], ["        Index Cond: (user_id = 221)"]], "after_plan": [["Bitmap Heap Scan on members  (cost=4.30..11.38 rows=2 width=8)"], ["  Recheck Cond: (user_id = 221)"], ["  ->  Bitmap Index Scan on unique_table_members_field_user_id_project_id_cond_none  (cost=0.00..4.30 rows=2 width=0)"], ["        Index Cond: (user_id = 221)"]]}
{"before": 0.039599999999999996, "after": 0.034100000000000005, "sql": "SELECT project_id, user_id FROM members WHERE user_id = 346", "before_plan": [["Bitmap Heap Scan on members  (cost=4.30..11.38 rows=2 width=8)"], ["  Recheck Cond: (user_id = 346)"], ["  ->  Bitmap Index Scan on index_members_on_user_id  (cost=0.00..4.30 rows=2 width=0)"], ["        Index Cond: (user_id = 346)"]], "after_plan": [["Bitmap Heap Scan on members  (cost=4.30..11.38 rows=2 width=8)"], ["  Recheck Cond: (user_id = 346)"], ["  ->  Bitmap Index Scan on unique_table_members_field_user_id_project_id_cond_none  (cost=0.00..4.30 rows=2 width=0)"], ["        Index Cond: (user_id = 346)"]]}
{"before": 0.0412, "after": 0.034600000000000006, "sql": "SELECT project_id, user_id FROM members WHERE user_id = 732", "before_plan": [["Bitmap Heap Scan on members  (cost=4.30..11.38 rows=2 width=8)"], ["  Recheck Cond: (user_id = 732)"], ["  ->  Bitmap Index Scan on index_members_on_user_id  (cost=0.00..4.30 rows=2 width=0)"], ["        Index Cond: (user_id = 732)"]], "after_plan": [["Bitmap Heap Scan on members  (cost=4.30..11.38 rows=2 width=8)"], ["  Recheck Cond: (user_id = 732)"], ["  ->  Bitmap Index Scan on unique_table_members_field_user_id_project_id_cond_none  (cost=0.00..4.30 rows=2 width=0)"], ["        Index Cond: (user_id = 732)"]]}
{"before": 0.04179999999999999, "after": 0.040499999999999994, "sql": "SELECT project_id, user_id FROM members WHERE user_id = 684", "before_plan": [["Bitmap Heap Scan on members  (cost=4.30..11.38 rows=2 width=8)"], ["  Recheck Cond: (user_id = 684)"], ["  ->  Bitmap Index Scan on index_members_on_user_id  (cost=0.00..4.30 rows=2 width=0)"], ["        Index Cond: (user_id = 684)"]], "after_plan": [["Bitmap Heap Scan on members  (cost=4.30..11.38 rows=2 width=8)"], ["  Recheck Cond: (user_id = 684)"], ["  ->  Bitmap Index Scan on unique_table_members_field_user_id_project_id_cond_none  (cost=0.00..4.30 rows=2 width=0)"], ["        Index Cond: (user_id = 684)"]]}
{"before": 0.039999999999999994, "after": 0.03649999999999999, "sql": "SELECT project_id, user_id FROM members WHERE user_id = 446", "before_plan": [["Bitmap Heap Scan on members  (cost=4.30..11.38 rows=2 width=8)"], ["  Recheck Cond: (user_id = 446)"], ["  ->  Bitmap Index Scan on index_members_on_user_id  (cost=0.00..4.30 rows=2 width=0)"], ["        Index Cond: (user_id = 446)"]], "after_plan": [["Bitmap Heap Scan on members  (cost=4.30..11.38 rows=2 width=8)"], ["  Recheck Cond: (user_id = 446)"], ["  ->  Bitmap Index Scan on unique_table_members_field_user_id_project_id_cond_none  (cost=0.00..4.30 rows=2 width=0)"], ["        Index Cond: (user_id = 446)"]]}
{"before": 0.0411, "after": 0.0363, "sql": "SELECT project_id, user_id FROM members WHERE user_id = 340", "before_plan": [["Bitmap Heap Scan on members  (cost=4.30..11.38 rows=2 width=8)"], ["  Recheck Cond: (user_id = 340)"], ["  ->  Bitmap Index Scan on index_members_on_user_id  (cost=0.00..4.30 rows=2 width=0)"], ["        Index Cond: (user_id = 340)"]], "after_plan": [["Bitmap Heap Scan on members  (cost=4.30..11.38 rows=2 width=8)"], ["  Recheck Cond: (user_id = 340)"], ["  ->  Bitmap Index Scan on unique_table_members_field_user_id_project_id_cond_none  (cost=0.00..4.30 rows=2 width=0)"], ["        Index Cond: (user_id = 340)"]]}
{"before": 0.040499999999999994, "after": 0.0358, "sql": "SELECT project_id, user_id FROM members WHERE user_id = 518", "before_plan": [["Bitmap Heap Scan on members  (cost=4.30..11.38 rows=2 width=8)"], ["  Recheck Cond: (user_id = 518)"], ["  ->  Bitmap Index Scan on index_members_on_user_id  (cost=0.00..4.30 rows=2 width=0)"], ["        Index Cond: (user_id = 518)"]], "after_plan": [["Bitmap Heap Scan on members  (cost=4.30..11.38 rows=2 width=8)"], ["  Recheck Cond: (user_id = 518)"], ["  ->  Bitmap Index Scan on unique_table_members_field_user_id_project_id_cond_none  (cost=0.00..4.30 rows=2 width=0)"], ["        Index Cond: (user_id = 518)"]]}
{"before": 0.040999999999999995, "after": 0.0361, "sql": "SELECT project_id, user_id FROM members WHERE user_id = 304", "before_plan": [["Bitmap Heap Scan on members  (cost=4.30..11.38 rows=2 width=8)"], ["  Recheck Cond: (user_id = 304)"], ["  ->  Bitmap Index Scan on index_members_on_user_id  (cost=0.00..4.30 rows=2 width=0)"], ["        Index Cond: (user_id = 304)"]], "after_plan": [["Bitmap Heap Scan on members  (cost=4.30..11.38 rows=2 width=8)"], ["  Recheck Cond: (user_id = 304)"], ["  ->  Bitmap Index Scan on unique_table_members_field_user_id_project_id_cond_none  (cost=0.00..4.30 rows=2 width=0)"], ["        Index Cond: (user_id = 304)"]]}
{"before": 0.0412, "after": 0.038599999999999995, "sql": "SELECT project_id, user_id FROM members WHERE user_id = 634", "before_plan": [["Bitmap Heap Scan on members  (cost=4.30..11.38 rows=2 width=8)"], ["  Recheck Cond: (user_id = 634)"], ["  ->  Bitmap Index Scan on index_members_on_user_id  (cost=0.00..4.30 rows=2 width=0)"], ["        Index Cond: (user_id = 634)"]], "after_plan": [["Bitmap Heap Scan on members  (cost=4.30..11.38 rows=2 width=8)"], ["  Recheck Cond: (user_id = 634)"], ["  ->  Bitmap Index Scan on unique_table_members_field_user_id_project_id_cond_none  (cost=0.00..4.30 rows=2 width=0)"], ["        Index Cond: (user_id = 634)"]]}
{"before": 0.043199999999999995, "after": 0.0373, "sql": "SELECT project_id, user_id FROM members WHERE user_id = 310", "before_plan": [["Bitmap Heap Scan on members  (cost=4.30..11.38 rows=2 width=8)"], ["  Recheck Cond: (user_id = 310)"], ["  ->  Bitmap Index Scan on index_members_on_user_id  (cost=0.00..4.30 rows=2 width=0)"], ["        Index Cond: (user_id = 310)"]], "after_plan": [["Bitmap Heap Scan on members  (cost=4.30..11.38 rows=2 width=8)"], ["  Recheck Cond: (user_id = 310)"], ["  ->  Bitmap Index Scan on unique_table_members_field_user_id_project_id_cond_none  (cost=0.00..4.30 rows=2 width=0)"], ["        Index Cond: (user_id = 310)"]]}
{"before": 0.041299999999999996, "after": 0.036399999999999995, "sql": "SELECT project_id, user_id FROM members WHERE user_id = 412", "before_plan": [["Bitmap Heap Scan on members  (cost=4.30..11.38 rows=2 width=8)"], ["  Recheck Cond: (user_id = 412)"], ["  ->  Bitmap Index Scan on index_members_on_user_id  (cost=0.00..4.30 rows=2 width=0)"], ["        Index Cond: (user_id = 412)"]], "after_plan": [["Bitmap Heap Scan on members  (cost=4.30..11.38 rows=2 width=8)"], ["  Recheck Cond: (user_id = 412)"], ["  ->  Bitmap Index Scan on unique_table_members_field_user_id_project_id_cond_none  (cost=0.00..4.30 rows=2 width=0)"], ["        Index Cond: (user_id = 412)"]]}
{"before": 0.0427, "after": 0.0363, "sql": "SELECT project_id, user_id FROM members WHERE user_id = 629", "before_plan": [["Bitmap Heap Scan on members  (cost=4.30..11.38 rows=2 width=8)"], ["  Recheck Cond: (user_id = 629)"], ["  ->  Bitmap Index Scan on index_members_on_user_id  (cost=0.00..4.30 rows=2 width=0)"], ["        Index Cond: (user_id = 629)"]], "after_plan": [["Bitmap Heap Scan on members  (cost=4.30..11.38 rows=2 width=8)"], ["  Recheck Cond: (user_id = 629)"], ["  ->  Bitmap Index Scan on unique_table_members_field_user_id_project_id_cond_none  (cost=0.00..4.30 rows=2 width=0)"], ["        Index Cond: (user_id = 629)"]]}
{"before": 0.04179999999999999, "after": 0.036199999999999996, "sql": "SELECT project_id, user_id FROM members WHERE user_id = 524", "before_plan": [["Bitmap Heap Scan on members  (cost=4.30..11.38 rows=2 width=8)"], ["  Recheck Cond: (user_id = 524)"], ["  ->  Bitmap Index Scan on index_members_on_user_id  (cost=0.00..4.30 rows=2 width=0)"], ["        Index Cond: (user_id = 524)"]], "after_plan": [["Bitmap Heap Scan on members  (cost=4.30..11.38 rows=2 width=8)"], ["  Recheck Cond: (user_id = 524)"], ["  ->  Bitmap Index Scan on unique_table_members_field_user_id_project_id_cond_none  (cost=0.00..4.30 rows=2 width=0)"], ["        Index Cond: (user_id = 524)"]]}
{"before": 0.04059999999999999, "after": 0.03560000000000001, "sql": "SELECT project_id, user_id FROM members WHERE user_id = 664", "before_plan": [["Bitmap Heap Scan on members  (cost=4.30..11.38 rows=2 width=8)"], ["  Recheck Cond: (user_id = 664)"], ["  ->  Bitmap Index Scan on index_members_on_user_id  (cost=0.00..4.30 rows=2 width=0)"], ["        Index Cond: (user_id = 664)"]], "after_plan": [["Bitmap Heap Scan on members  (cost=4.30..11.38 rows=2 width=8)"], ["  Recheck Cond: (user_id = 664)"], ["  ->  Bitmap Index Scan on unique_table_members_field_user_id_project_id_cond_none  (cost=0.00..4.30 rows=2 width=0)"], ["        Index Cond: (user_id = 664)"]]}
{"before": 0.040299999999999996, "after": 0.0351, "sql": "SELECT project_id, user_id FROM members WHERE user_id = 388", "before_plan": [["Bitmap Heap Scan on members  (cost=4.30..11.38 rows=2 width=8)"], ["  Recheck Cond: (user_id = 388)"], ["  ->  Bitmap Index Scan on index_members_on_user_id  (cost=0.00..4.30 rows=2 width=0)"], ["        Index Cond: (user_id = 388)"]], "after_plan": [["Bitmap Heap Scan on members  (cost=4.30..11.38 rows=2 width=8)"], ["  Recheck Cond: (user_id = 388)"], ["  ->  Bitmap Index Scan on unique_table_members_field_user_id_project_id_cond_none  (cost=0.00..4.30 rows=2 width=0)"], ["        Index Cond: (user_id = 388)"]]}
{"before": 0.0416, "after": 0.035899999999999994, "sql": "SELECT project_id, user_id FROM members WHERE user_id = 322", "before_plan": [["Bitmap Heap Scan on members  (cost=4.30..11.38 rows=2 width=8)"], ["  Recheck Cond: (user_id = 322)"], ["  ->  Bitmap Index Scan on index_members_on_user_id  (cost=0.00..4.30 rows=2 width=0)"], ["        Index Cond: (user_id = 322)"]], "after_plan": [["Bitmap Heap Scan on members  (cost=4.30..11.38 rows=2 width=8)"], ["  Recheck Cond: (user_id = 322)"], ["  ->  Bitmap Index Scan on unique_table_members_field_user_id_project_id_cond_none  (cost=0.00..4.30 rows=2 width=0)"], ["        Index Cond: (user_id = 322)"]]}
{"before": 0.0412, "after": 0.03649999999999999, "sql": "SELECT project_id, user_id FROM members WHERE user_id = 406", "before_plan": [["Bitmap Heap Scan on members  (cost=4.30..11.38 rows=2 width=8)"], ["  Recheck Cond: (user_id = 406)"], ["  ->  Bitmap Index Scan on index_members_on_user_id  (cost=0.00..4.30 rows=2 width=0)"], ["        Index Cond: (user_id = 406)"]], "after_plan": [["Bitmap Heap Scan on members  (cost=4.30..11.38 rows=2 width=8)"], ["  Recheck Cond: (user_id = 406)"], ["  ->  Bitmap Index Scan on unique_table_members_field_user_id_project_id_cond_none  (cost=0.00..4.30 rows=2 width=0)"], ["        Index Cond: (user_id = 406)"]]}
{"before": 0.040999999999999995, "after": 0.0372, "sql": "SELECT project_id, user_id FROM members WHERE user_id = 639", "before_plan": [["Bitmap Heap Scan on members  (cost=4.30..11.38 rows=2 width=8)"], ["  Recheck Cond: (user_id = 639)"], ["  ->  Bitmap Index Scan on index_members_on_user_id  (cost=0.00..4.30 rows=2 width=0)"], ["        Index Cond: (user_id = 639)"]], "after_plan": [["Bitmap Heap Scan on members  (cost=4.30..11.38 rows=2 width=8)"], ["  Recheck Cond: (user_id = 639)"], ["  ->  Bitmap Index Scan on unique_table_members_field_user_id_project_id_cond_none  (cost=0.00..4.30 rows=2 width=0)"], ["        Index Cond: (user_id = 639)"]]}
{"before": 0.04039999999999999, "after": 0.036199999999999996, "sql": "SELECT project_id, user_id FROM members WHERE user_id = 364", "before_plan": [["Bitmap Heap Scan on members  (cost=4.30..11.38 rows=2 width=8)"], ["  Recheck Cond: (user_id = 364)"], ["  ->  Bitmap Index Scan on index_members_on_user_id  (cost=0.00..4.30 rows=2 width=0)"], ["        Index Cond: (user_id = 364)"]], "after_plan": [["Bitmap Heap Scan on members  (cost=4.30..11.38 rows=2 width=8)"], ["  Recheck Cond: (user_id = 364)"], ["  ->  Bitmap Index Scan on unique_table_members_field_user_id_project_id_cond_none  (cost=0.00..4.30 rows=2 width=0)"], ["        Index Cond: (user_id = 364)"]]}
{"before": 0.0409, "after": 0.03649999999999999, "sql": "SELECT project_id, user_id FROM members WHERE user_id = 506", "before_plan": [["Bitmap Heap Scan on members  (cost=4.30..11.38 rows=2 width=8)"], ["  Recheck Cond: (user_id = 506)"], ["  ->  Bitmap Index Scan on index_members_on_user_id  (cost=0.00..4.30 rows=2 width=0)"], ["        Index Cond: (user_id = 506)"]], "after_plan": [["Bitmap Heap Scan on members  (cost=4.30..11.38 rows=2 width=8)"], ["  Recheck Cond: (user_id = 506)"], ["  ->  Bitmap Index Scan on unique_table_members_field_user_id_project_id_cond_none  (cost=0.00..4.30 rows=2 width=0)"], ["        Index Cond: (user_id = 506)"]]}
{"before": 0.0399, "after": 0.0355, "sql": "SELECT project_id, user_id FROM members WHERE user_id = 274", "before_plan": [["Bitmap Heap Scan on members  (cost=4.30..11.38 rows=2 width=8)"], ["  Recheck Cond: (user_id = 274)"], ["  ->  Bitmap Index Scan on index_members_on_user_id  (cost=0.00..4.30 rows=2 width=0)"], ["        Index Cond: (user_id = 274)"]], "after_plan": [["Bitmap Heap Scan on members  (cost=4.30..11.38 rows=2 width=8)"], ["  Recheck Cond: (user_id = 274)"], ["  ->  Bitmap Index Scan on unique_table_members_field_user_id_project_id_cond_none  (cost=0.00..4.30 rows=2 width=0)"], ["        Index Cond: (user_id = 274)"]]}
{"before": 0.0407, "after": 0.034600000000000006, "sql": "SELECT project_id, user_id FROM members WHERE user_id = 233", "before_plan": [["Bitmap Heap Scan on members  (cost=4.30..11.38 rows=2 width=8)"], ["  Recheck Cond: (user_id = 233)"], ["  ->  Bitmap Index Scan on index_members_on_user_id  (cost=0.00..4.30 rows=2 width=0)"], ["        Index Cond: (user_id = 233)"]], "after_plan": [["Bitmap Heap Scan on members  (cost=4.30..11.38 rows=2 width=8)"], ["  Recheck Cond: (user_id = 233)"], ["  ->  Bitmap Index Scan on unique_table_members_field_user_id_project_id_cond_none  (cost=0.00..4.30 rows=2 width=0)"], ["        Index Cond: (user_id = 233)"]]}
{"before": 0.040799999999999996, "after": 0.03480000000000001, "sql": "SELECT project_id, user_id FROM members WHERE user_id = 704", "before_plan": [["Bitmap Heap Scan on members  (cost=4.30..11.38 rows=2 width=8)"], ["  Recheck Cond: (user_id = 704)"], ["  ->  Bitmap Index Scan on index_members_on_user_id  (cost=0.00..4.30 rows=2 width=0)"], ["        Index Cond: (user_id = 704)"]], "after_plan": [["Bitmap Heap Scan on members  (cost=4.30..11.38 rows=2 width=8)"], ["  Recheck Cond: (user_id = 704)"], ["  ->  Bitmap Index Scan on unique_table_members_field_user_id_project_id_cond_none  (cost=0.00..4.30 rows=2 width=0)"], ["        Index Cond: (user_id = 704)"]]}
{"before": 0.040499999999999994, "after": 0.034100000000000005, "sql": "SELECT project_id, user_id FROM members WHERE user_id = 227", "before_plan": [["Bitmap Heap Scan on members  (cost=4.30..11.38 rows=2 width=8)"], ["  Recheck Cond: (user_id = 227)"], ["  ->  Bitmap Index Scan on index_members_on_user_id  (cost=0.00..4.30 rows=2 width=0)"], ["        Index Cond: (user_id = 227)"]], "after_plan": [["Bitmap Heap Scan on members  (cost=4.30..11.38 rows=2 width=8)"], ["  Recheck Cond: (user_id = 227)"], ["  ->  Bitmap Index Scan on unique_table_members_field_user_id_project_id_cond_none  (cost=0.00..4.30 rows=2 width=0)"], ["        Index Cond: (user_id = 227)"]]}
{"before": 0.04089999999999999, "after": 0.0364, "sql": "SELECT project_id, user_id FROM members WHERE user_id = 674", "before_plan": [["Bitmap Heap Scan on members  (cost=4.30..11.38 rows=2 width=8)"], ["  Recheck Cond: (user_id = 674)"], ["  ->  Bitmap Index Scan on index_members_on_user_id  (cost=0.00..4.30 rows=2 width=0)"], ["        Index Cond: (user_id = 674)"]], "after_plan": [["Bitmap Heap Scan on members  (cost=4.30..11.38 rows=2 width=8)"], ["  Recheck Cond: (user_id = 674)"], ["  ->  Bitmap Index Scan on unique_table_members_field_user_id_project_id_cond_none  (cost=0.00..4.30 rows=2 width=0)"], ["        Index Cond: (user_id = 674)"]]}
{"before": 0.0411, "after": 0.03599999999999999, "sql": "SELECT project_id, user_id FROM members WHERE user_id = 382", "before_plan": [["Bitmap Heap Scan on members  (cost=4.30..11.38 rows=2 width=8)"], ["  Recheck Cond: (user_id = 382)"], ["  ->  Bitmap Index Scan on index_members_on_user_id  (cost=0.00..4.30 rows=2 width=0)"], ["        Index Cond: (user_id = 382)"]], "after_plan": [["Bitmap Heap Scan on members  (cost=4.30..11.38 rows=2 width=8)"], ["  Recheck Cond: (user_id = 382)"], ["  ->  Bitmap Index Scan on unique_table_members_field_user_id_project_id_cond_none  (cost=0.00..4.30 rows=2 width=0)"], ["        Index Cond: (user_id = 382)"]]}
{"before": 0.04499999999999999, "after": 0.0376, "sql": "SELECT project_id, user_id FROM members WHERE user_id = 245", "before_plan": [["Bitmap Heap Scan on members  (cost=4.30..11.38 rows=2 width=8)"], ["  Recheck Cond: (user_id = 245)"], ["  ->  Bitmap Index Scan on index_members_on_user_id  (cost=0.00..4.30 rows=2 width=0)"], ["        Index Cond: (user_id = 245)"]], "after_plan": [["Bitmap Heap Scan on members  (cost=4.30..11.38 rows=2 width=8)"], ["  Recheck Cond: (user_id = 245)"], ["  ->  Bitmap Index Scan on unique_table_members_field_user_id_project_id_cond_none  (cost=0.00..4.30 rows=2 width=0)"], ["        Index Cond: (user_id = 245)"]]}
{"before": 0.0407, "after": 0.03440000000000001, "sql": "SELECT project_id, user_id FROM members WHERE user_id = 619", "before_plan": [["Bitmap Heap Scan on members  (cost=4.30..11.38 rows=2 width=8)"], ["  Recheck Cond: (user_id = 619)"], ["  ->  Bitmap Index Scan on index_members_on_user_id  (cost=0.00..4.30 rows=2 width=0)"], ["        Index Cond: (user_id = 619)"]], "after_plan": [["Bitmap Heap Scan on members  (cost=4.30..11.38 rows=2 width=8)"], ["  Recheck Cond: (user_id = 619)"], ["  ->  Bitmap Index Scan on unique_table_members_field_user_id_project_id_cond_none  (cost=0.00..4.30 rows=2 width=0)"], ["        Index Cond: (user_id = 619)"]]}
{"before": 0.0422, "after": 0.03520000000000001, "sql": "SELECT project_id, user_id FROM members WHERE user_id = 334", "before_plan": [["Bitmap Heap Scan on members  (cost=4.30..11.38 rows=2 width=8)"], ["  Recheck Cond: (user_id = 334)"], ["  ->  Bitmap Index Scan on index_members_on_user_id  (cost=0.00..4.30 rows=2 width=0)"], ["        Index Cond: (user_id = 334)"]], "after_plan": [["Bitmap Heap Scan on members  (cost=4.30..11.38 rows=2 width=8)"], ["  Recheck Cond: (user_id = 334)"], ["  ->  Bitmap Index Scan on unique_table_members_field_user_id_project_id_cond_none  (cost=0.00..4.30 rows=2 width=0)"], ["        Index Cond: (user_id = 334)"]]}
{"before": 0.041299999999999996, "after": 0.03520000000000001, "sql": "SELECT project_id, user_id FROM members WHERE user_id = 659", "before_plan": [["Bitmap Heap Scan on members  (cost=4.30..11.38 rows=2 width=8)"], ["  Recheck Cond: (user_id = 659)"], ["  ->  Bitmap Index Scan on index_members_on_user_id  (cost=0.00..4.30 rows=2 width=0)"], ["        Index Cond: (user_id = 659)"]], "after_plan": [["Bitmap Heap Scan on members  (cost=4.30..11.38 rows=2 width=8)"], ["  Recheck Cond: (user_id = 659)"], ["  ->  Bitmap Index Scan on unique_table_members_field_user_id_project_id_cond_none  (cost=0.00..4.30 rows=2 width=0)"], ["        Index Cond: (user_id = 659)"]]}
{"before": 0.041299999999999996, "after": 0.03430000000000001, "sql": "SELECT project_id, user_id FROM members WHERE user_id = 400", "before_plan": [["Bitmap Heap Scan on members  (cost=4.30..11.38 rows=2 width=8)"], ["  Recheck Cond: (user_id = 400)"], ["  ->  Bitmap Index Scan on index_members_on_user_id  (cost=0.00..4.30 rows=2 width=0)"], ["        Index Cond: (user_id = 400)"]], "after_plan": [["Bitmap Heap Scan on members  (cost=4.30..11.38 rows=2 width=8)"], ["  Recheck Cond: (user_id = 400)"], ["  ->  Bitmap Index Scan on unique_table_members_field_user_id_project_id_cond_none  (cost=0.00..4.30 rows=2 width=0)"], ["        Index Cond: (user_id = 400)"]]}
{"before": 0.041999999999999996, "after": 0.035699999999999996, "sql": "SELECT project_id, user_id FROM members WHERE user_id = 280", "before_plan": [["Bitmap Heap Scan on members  (cost=4.30..11.38 rows=2 width=8)"], ["  Recheck Cond: (user_id = 280)"], ["  ->  Bitmap Index Scan on index_members_on_user_id  (cost=0.00..4.30 rows=2 width=0)"], ["        Index Cond: (user_id = 280)"]], "after_plan": [["Bitmap Heap Scan on members  (cost=4.30..11.38 rows=2 width=8)"], ["  Recheck Cond: (user_id = 280)"], ["  ->  Bitmap Index Scan on unique_table_members_field_user_id_project_id_cond_none  (cost=0.00..4.30 rows=2 width=0)"], ["        Index Cond: (user_id = 280)"]]}
{"before": 0.04159999999999999, "after": 0.0355, "sql": "SELECT project_id, user_id FROM members WHERE user_id = 263", "before_plan": [["Bitmap Heap Scan on members  (cost=4.30..11.38 rows=2 width=8)"], ["  Recheck Cond: (user_id = 263)"], ["  ->  Bitmap Index Scan on index_members_on_user_id  (cost=0.00..4.30 rows=2 width=0)"], ["        Index Cond: (user_id = 263)"]], "after_plan": [["Bitmap Heap Scan on members  (cost=4.30..11.38 rows=2 width=8)"], ["  Recheck Cond: (user_id = 263)"], ["  ->  Bitmap Index Scan on unique_table_members_field_user_id_project_id_cond_none  (cost=0.00..4.30 rows=2 width=0)"], ["        Index Cond: (user_id = 263)"]]}
{"before": 0.04369999999999999, "after": 0.0355, "sql": "SELECT project_id, user_id FROM members WHERE user_id = 718", "before_plan": [["Bitmap Heap Scan on members  (cost=4.30..11.38 rows=2 width=8)"], ["  Recheck Cond: (user_id = 718)"], ["  ->  Bitmap Index Scan on index_members_on_user_id  (cost=0.00..4.30 rows=2 width=0)"], ["        Index Cond: (user_id = 718)"]], "after_plan": [["Bitmap Heap Scan on members  (cost=4.30..11.38 rows=2 width=8)"], ["  Recheck Cond: (user_id = 718)"], ["  ->  Bitmap Index Scan on unique_table_members_field_user_id_project_id_cond_none  (cost=0.00..4.30 rows=2 width=0)"], ["        Index Cond: (user_id = 718)"]]}
{"before": 0.0406, "after": 0.03500000000000001, "sql": "SELECT project_id, user_id FROM members WHERE user_id = 458", "before_plan": [["Bitmap Heap Scan on members  (cost=4.30..11.38 rows=2 width=8)"], ["  Recheck Cond: (user_id = 458)"], ["  ->  Bitmap Index Scan on index_members_on_user_id  (cost=0.00..4.30 rows=2 width=0)"], ["        Index Cond: (user_id = 458)"]], "after_plan": [["Bitmap Heap Scan on members  (cost=4.30..11.38 rows=2 width=8)"], ["  Recheck Cond: (user_id = 458)"], ["  ->  Bitmap Index Scan on unique_table_members_field_user_id_project_id_cond_none  (cost=0.00..4.30 rows=2 width=0)"], ["        Index Cond: (user_id = 458)"]]}
{"before": 0.0414, "after": 0.035899999999999994, "sql": "SELECT project_id, user_id FROM members WHERE user_id = 316", "before_plan": [["Bitmap Heap Scan on members  (cost=4.30..11.38 rows=2 width=8)"], ["  Recheck Cond: (user_id = 316)"], ["  ->  Bitmap Index Scan on index_members_on_user_id  (cost=0.00..4.30 rows=2 width=0)"], ["        Index Cond: (user_id = 316)"]], "after_plan": [["Bitmap Heap Scan on members  (cost=4.30..11.38 rows=2 width=8)"], ["  Recheck Cond: (user_id = 316)"], ["  ->  Bitmap Index Scan on unique_table_members_field_user_id_project_id_cond_none  (cost=0.00..4.30 rows=2 width=0)"], ["        Index Cond: (user_id = 316)"]]}
{"before": 0.040799999999999996, "after": 0.0358, "sql": "SELECT project_id, user_id FROM members WHERE user_id = 482", "before_plan": [["Bitmap Heap Scan on members  (cost=4.30..11.38 rows=2 width=8)"], ["  Recheck Cond: (user_id = 482)"], ["  ->  Bitmap Index Scan on index_members_on_user_id  (cost=0.00..4.30 rows=2 width=0)"], ["        Index Cond: (user_id = 482)"]], "after_plan": [["Bitmap Heap Scan on members  (cost=4.30..11.38 rows=2 width=8)"], ["  Recheck Cond: (user_id = 482)"], ["  ->  Bitmap Index Scan on unique_table_members_field_user_id_project_id_cond_none  (cost=0.00..4.30 rows=2 width=0)"], ["        Index Cond: (user_id = 482)"]]}
{"before": 0.039599999999999996, "after": 0.0378, "sql": "SELECT project_id, user_id FROM members WHERE user_id = 251", "before_plan": [["Bitmap Heap Scan on members  (cost=4.30..11.38 rows=2 width=8)"], ["  Recheck Cond: (user_id = 251)"], ["  ->  Bitmap Index Scan on index_members_on_user_id  (cost=0.00..4.30 rows=2 width=0)"], ["        Index Cond: (user_id = 251)"]], "after_plan": [["Bitmap Heap Scan on members  (cost=4.30..11.38 rows=2 width=8)"], ["  Recheck Cond: (user_id = 251)"], ["  ->  Bitmap Index Scan on unique_table_members_field_user_id_project_id_cond_none  (cost=0.00..4.30 rows=2 width=0)"], ["        Index Cond: (user_id = 251)"]]}
{"before": 0.0399, "after": 0.03609999999999999, "sql": "SELECT project_id, user_id FROM members WHERE user_id = 464", "before_plan": [["Bitmap Heap Scan on members  (cost=4.30..11.38 rows=2 width=8)"], ["  Recheck Cond: (user_id = 464)"], ["  ->  Bitmap Index Scan on index_members_on_user_id  (cost=0.00..4.30 rows=2 width=0)"], ["        Index Cond: (user_id = 464)"]], "after_plan": [["Bitmap Heap Scan on members  (cost=4.30..11.38 rows=2 width=8)"], ["  Recheck Cond: (user_id = 464)"], ["  ->  Bitmap Index Scan on unique_table_members_field_user_id_project_id_cond_none  (cost=0.00..4.30 rows=2 width=0)"], ["        Index Cond: (user_id = 464)"]]}
{"before": 0.04129999999999999, "after": 0.03599999999999999, "sql": "SELECT project_id, user_id FROM members WHERE user_id = 452", "before_plan": [["Bitmap Heap Scan on members  (cost=4.30..11.38 rows=2 width=8)"], ["  Recheck Cond: (user_id = 452)"], ["  ->  Bitmap Index Scan on index_members_on_user_id  (cost=0.00..4.30 rows=2 width=0)"], ["        Index Cond: (user_id = 452)"]], "after_plan": [["Bitmap Heap Scan on members  (cost=4.30..11.38 rows=2 width=8)"], ["  Recheck Cond: (user_id = 452)"], ["  ->  Bitmap Index Scan on unique_table_members_field_user_id_project_id_cond_none  (cost=0.00..4.30 rows=2 width=0)"], ["        Index Cond: (user_id = 452)"]]}
{"before": 0.04129999999999999, "after": 0.036399999999999995, "sql": "SELECT project_id, user_id FROM members WHERE user_id = 434", "before_plan": [["Bitmap Heap Scan on members  (cost=4.30..11.38 rows=2 width=8)"], ["  Recheck Cond: (user_id = 434)"], ["  ->  Bitmap Index Scan on index_members_on_user_id  (cost=0.00..4.30 rows=2 width=0)"], ["        Index Cond: (user_id = 434)"]], "after_plan": [["Bitmap Heap Scan on members  (cost=4.30..11.38 rows=2 width=8)"], ["  Recheck Cond: (user_id = 434)"], ["  ->  Bitmap Index Scan on unique_table_members_field_user_id_project_id_cond_none  (cost=0.00..4.30 rows=2 width=0)"], ["        Index Cond: (user_id = 434)"]]}
{"before": 0.040799999999999996, "after": 0.035699999999999996, "sql": "SELECT project_id, user_id FROM members WHERE user_id = 2721", "before_plan": [["Bitmap Heap Scan on members  (cost=4.30..11.38 rows=2 width=8)"], ["  Recheck Cond: (user_id = 2721)"], ["  ->  Bitmap Index Scan on index_members_on_user_id  (cost=0.00..4.30 rows=2 width=0)"], ["        Index Cond: (user_id = 2721)"]], "after_plan": [["Bitmap Heap Scan on members  (cost=4.30..11.38 rows=2 width=8)"], ["  Recheck Cond: (user_id = 2721)"], ["  ->  Bitmap Index Scan on unique_table_members_field_user_id_project_id_cond_none  (cost=0.00..4.30 rows=2 width=0)"], ["        Index Cond: (user_id = 2721)"]]}
{"before": 0.041699999999999994, "after": 0.0354, "sql": "SELECT project_id, user_id FROM members WHERE user_id = 2867", "before_plan": [["Bitmap Heap Scan on members  (cost=4.30..11.38 rows=2 width=8)"], ["  Recheck Cond: (user_id = 2867)"], ["  ->  Bitmap Index Scan on index_members_on_user_id  (cost=0.00..4.30 rows=2 width=0)"], ["        Index Cond: (user_id = 2867)"]], "after_plan": [["Bitmap Heap Scan on members  (cost=4.30..11.38 rows=2 width=8)"], ["  Recheck Cond: (user_id = 2867)"], ["  ->  Bitmap Index Scan on unique_table_members_field_user_id_project_id_cond_none  (cost=0.00..4.30 rows=2 width=0)"], ["        Index Cond: (user_id = 2867)"]]}
{"before": 0.04129999999999999, "after": 0.035300000000000005, "sql": "SELECT project_id, user_id FROM members WHERE user_id = 2812", "before_plan": [["Bitmap Heap Scan on members  (cost=4.30..11.38 rows=2 width=8)"], ["  Recheck Cond: (user_id = 2812)"], ["  ->  Bitmap Index Scan on index_members_on_user_id  (cost=0.00..4.30 rows=2 width=0)"], ["        Index Cond: (user_id = 2812)"]], "after_plan": [["Bitmap Heap Scan on members  (cost=4.30..11.38 rows=2 width=8)"], ["  Recheck Cond: (user_id = 2812)"], ["  ->  Bitmap Index Scan on unique_table_members_field_user_id_project_id_cond_none  (cost=0.00..4.30 rows=2 width=0)"], ["        Index Cond: (user_id = 2812)"]]}
{"before": 0.0414, "after": 0.03540000000000001, "sql": "SELECT project_id, user_id FROM members WHERE user_id = 5539", "before_plan": [["Bitmap Heap Scan on members  (cost=4.30..11.38 rows=2 width=8)"], ["  Recheck Cond: (user_id = 5539)"], ["  ->  Bitmap Index Scan on index_members_on_user_id  (cost=0.00..4.30 rows=2 width=0)"], ["        Index Cond: (user_id = 5539)"]], "after_plan": [["Bitmap Heap Scan on members  (cost=4.30..11.38 rows=2 width=8)"], ["  Recheck Cond: (user_id = 5539)"], ["  ->  Bitmap Index Scan on unique_table_members_field_user_id_project_id_cond_none  (cost=0.00..4.30 rows=2 width=0)"], ["        Index Cond: (user_id = 5539)"]]}
{"before": 0.0412, "after": 0.036599999999999994, "sql": "SELECT project_id, user_id FROM members WHERE user_id = 2754", "before_plan": [["Bitmap Heap Scan on members  (cost=4.30..11.38 rows=2 width=8)"], ["  Recheck Cond: (user_id = 2754)"], ["  ->  Bitmap Index Scan on index_members_on_user_id  (cost=0.00..4.30 rows=2 width=0)"], ["        Index Cond: (user_id = 2754)"]], "after_plan": [["Bitmap Heap Scan on members  (cost=4.30..11.38 rows=2 width=8)"], ["  Recheck Cond: (user_id = 2754)"], ["  ->  Bitmap Index Scan on unique_table_members_field_user_id_project_id_cond_none  (cost=0.00..4.30 rows=2 width=0)"], ["        Index Cond: (user_id = 2754)"]]}
{"before": 0.0411, "after": 0.036199999999999996, "sql": "SELECT project_id, user_id FROM members WHERE user_id = 1626", "before_plan": [["Bitmap Heap Scan on members  (cost=4.30..11.38 rows=2 width=8)"], ["  Recheck Cond: (user_id = 1626)"], ["  ->  Bitmap Index Scan on index_members_on_user_id  (cost=0.00..4.30 rows=2 width=0)"], ["        Index Cond: (user_id = 1626)"]], "after_plan": [["Bitmap Heap Scan on members  (cost=4.30..11.38 rows=2 width=8)"], ["  Recheck Cond: (user_id = 1626)"], ["  ->  Bitmap Index Scan on unique_table_members_field_user_id_project_id_cond_none  (cost=0.00..4.30 rows=2 width=0)"], ["        Index Cond: (user_id = 1626)"]]}
{"before": 0.0411, "after": 0.0357, "sql": "SELECT project_id, user_id FROM members WHERE user_id = 5688", "before_plan": [["Bitmap Heap Scan on members  (cost=4.30..11.38 rows=2 width=8)"], ["  Recheck Cond: (user_id = 5688)"], ["  ->  Bitmap Index Scan on index_members_on_user_id  (cost=0.00..4.30 rows=2 width=0)"], ["        Index Cond: (user_id = 5688)"]], "after_plan": [["Bitmap Heap Scan on members  (cost=4.30..11.38 rows=2 width=8)"], ["  Recheck Cond: (user_id = 5688)"], ["  ->  Bitmap Index Scan on unique_table_members_field_user_id_project_id_cond_none  (cost=0.00..4.30 rows=2 width=0)"], ["        Index Cond: (user_id = 5688)"]]}
{"before": 0.0399, "after": 0.03400000000000001, "sql": "SELECT project_id, user_id FROM members WHERE user_id = 1650", "before_plan": [["Bitmap Heap Scan on members  (cost=4.30..11.38 rows=2 width=8)"], ["  Recheck Cond: (user_id = 1650)"], ["  ->  Bitmap Index Scan on index_members_on_user_id  (cost=0.00..4.30 rows=2 width=0)"], ["        Index Cond: (user_id = 1650)"]], "after_plan": [["Bitmap Heap Scan on members  (cost=4.30..11.38 rows=2 width=8)"], ["  Recheck Cond: (user_id = 1650)"], ["  ->  Bitmap Index Scan on unique_table_members_field_user_id_project_id_cond_none  (cost=0.00..4.30 rows=2 width=0)"], ["        Index Cond: (user_id = 1650)"]]}
{"before": 0.039999999999999994, "after": 0.0349, "sql": "SELECT project_id, user_id FROM members WHERE user_id = 5764", "before_plan": [["Bitmap Heap Scan on members  (cost=4.30..11.38 rows=2 width=8)"], ["  Recheck Cond: (user_id = 5764)"], ["  ->  Bitmap Index Scan on index_members_on_user_id  (cost=0.00..4.30 rows=2 width=0)"], ["        Index Cond: (user_id = 5764)"]], "after_plan": [["Bitmap Heap Scan on members  (cost=4.30..11.38 rows=2 width=8)"], ["  Recheck Cond: (user_id = 5764)"], ["  ->  Bitmap Index Scan on unique_table_members_field_user_id_project_id_cond_none  (cost=0.00..4.30 rows=2 width=0)"], ["        Index Cond: (user_id = 5764)"]]}
{"before": 0.040299999999999996, "after": 0.035199999999999995, "sql": "SELECT project_id, user_id FROM members WHERE user_id = 1467", "before_plan": [["Bitmap Heap Scan on members  (cost=4.30..11.38 rows=2 width=8)"], ["  Recheck Cond: (user_id = 1467)"], ["  ->  Bitmap Index Scan on index_members_on_user_id  (cost=0.00..4.30 rows=2 width=0)"], ["        Index Cond: (user_id = 1467)"]], "after_plan": [["Bitmap Heap Scan on members  (cost=4.30..11.38 rows=2 width=8)"], ["  Recheck Cond: (user_id = 1467)"], ["  ->  Bitmap Index Scan on unique_table_members_field_user_id_project_id_cond_none  (cost=0.00..4.30 rows=2 width=0)"], ["        Index Cond: (user_id = 1467)"]]}
{"before": 0.044099999999999986, "after": 0.03540000000000001, "sql": "SELECT project_id, user_id FROM members WHERE user_id = 1543", "before_plan": [["Bitmap Heap Scan on members  (cost=4.30..11.38 rows=2 width=8)"], ["  Recheck Cond: (user_id = 1543)"], ["  ->  Bitmap Index Scan on index_members_on_user_id  (cost=0.00..4.30 rows=2 width=0)"], ["        Index Cond: (user_id = 1543)"]], "after_plan": [["Bitmap Heap Scan on members  (cost=4.30..11.38 rows=2 width=8)"], ["  Recheck Cond: (user_id = 1543)"], ["  ->  Bitmap Index Scan on unique_table_members_field_user_id_project_id_cond_none  (cost=0.00..4.30 rows=2 width=0)"], ["        Index Cond: (user_id = 1543)"]]}
{"before": 0.041999999999999996, "after": 0.03430000000000001, "sql": "SELECT project_id, user_id FROM members WHERE user_id = 1587", "before_plan": [["Bitmap Heap Scan on members  (cost=4.30..11.38 rows=2 width=8)"], ["  Recheck Cond: (user_id = 1587)"], ["  ->  Bitmap Index Scan on index_members_on_user_id  (cost=0.00..4.30 rows=2 width=0)"], ["        Index Cond: (user_id = 1587)"]], "after_plan": [["Bitmap Heap Scan on members  (cost=4.30..11.38 rows=2 width=8)"], ["  Recheck Cond: (user_id = 1587)"], ["  ->  Bitmap Index Scan on unique_table_members_field_user_id_project_id_cond_none  (cost=0.00..4.30 rows=2 width=0)"], ["        Index Cond: (user_id = 1587)"]]}
{"before": 0.0402, "after": 0.034100000000000005, "sql": "SELECT project_id, user_id FROM members WHERE user_id = 1654", "before_plan": [["Bitmap Heap Scan on members  (cost=4.30..11.38 rows=2 width=8)"], ["  Recheck Cond: (user_id = 1654)"], ["  ->  Bitmap Index Scan on index_members_on_user_id  (cost=0.00..4.30 rows=2 width=0)"], ["        Index Cond: (user_id = 1654)"]], "after_plan": [["Bitmap Heap Scan on members  (cost=4.30..11.38 rows=2 width=8)"], ["  Recheck Cond: (user_id = 1654)"], ["  ->  Bitmap Index Scan on unique_table_members_field_user_id_project_id_cond_none  (cost=0.00..4.30 rows=2 width=0)"], ["        Index Cond: (user_id = 1654)"]]}
{"before": 0.040299999999999996, "after": 0.034999999999999996, "sql": "SELECT project_id, user_id FROM members WHERE user_id = 1491", "before_plan": [["Bitmap Heap Scan on members  (cost=4.30..11.38 rows=2 width=8)"], ["  Recheck Cond: (user_id = 1491)"], ["  ->  Bitmap Index Scan on index_members_on_user_id  (cost=0.00..4.30 rows=2 width=0)"], ["        Index Cond: (user_id = 1491)"]], "after_plan": [["Bitmap Heap Scan on members  (cost=4.30..11.38 rows=2 width=8)"], ["  Recheck Cond: (user_id = 1491)"], ["  ->  Bitmap Index Scan on unique_table_members_field_user_id_project_id_cond_none  (cost=0.00..4.30 rows=2 width=0)"], ["        Index Cond: (user_id = 1491)"]]}
{"before": 0.040499999999999994, "after": 0.037799999999999986, "sql": "SELECT project_id, user_id FROM members WHERE user_id = 1634", "before_plan": [["Bitmap Heap Scan on members  (cost=4.30..11.38 rows=2 width=8)"], ["  Recheck Cond: (user_id = 1634)"], ["  ->  Bitmap Index Scan on index_members_on_user_id  (cost=0.00..4.30 rows=2 width=0)"], ["        Index Cond: (user_id = 1634)"]], "after_plan": [["Bitmap Heap Scan on members  (cost=4.30..11.38 rows=2 width=8)"], ["  Recheck Cond: (user_id = 1634)"], ["  ->  Bitmap Index Scan on unique_table_members_field_user_id_project_id_cond_none  (cost=0.00..4.30 rows=2 width=0)"], ["        Index Cond: (user_id = 1634)"]]}
{"before": 0.0407, "after": 0.035699999999999996, "sql": "SELECT project_id, user_id FROM members WHERE user_id = 2735", "before_plan": [["Bitmap Heap Scan on members  (cost=4.30..11.38 rows=2 width=8)"], ["  Recheck Cond: (user_id = 2735)"], ["  ->  Bitmap Index Scan on index_members_on_user_id  (cost=0.00..4.30 rows=2 width=0)"], ["        Index Cond: (user_id = 2735)"]], "after_plan": [["Bitmap Heap Scan on members  (cost=4.30..11.38 rows=2 width=8)"], ["  Recheck Cond: (user_id = 2735)"], ["  ->  Bitmap Index Scan on unique_table_members_field_user_id_project_id_cond_none  (cost=0.00..4.30 rows=2 width=0)"], ["        Index Cond: (user_id = 2735)"]]}
{"before": 0.041699999999999994, "after": 0.03729999999999999, "sql": "SELECT project_id, user_id FROM members WHERE user_id = 1483", "before_plan": [["Bitmap Heap Scan on members  (cost=4.30..11.38 rows=2 width=8)"], ["  Recheck Cond: (user_id = 1483)"], ["  ->  Bitmap Index Scan on index_members_on_user_id  (cost=0.00..4.30 rows=2 width=0)"], ["        Index Cond: (user_id = 1483)"]], "after_plan": [["Bitmap Heap Scan on members  (cost=4.30..11.38 rows=2 width=8)"], ["  Recheck Cond: (user_id = 1483)"], ["  ->  Bitmap Index Scan on unique_table_members_field_user_id_project_id_cond_none  (cost=0.00..4.30 rows=2 width=0)"], ["        Index Cond: (user_id = 1483)"]]}
{"before": 0.0406, "after": 0.03809999999999999, "sql": "SELECT project_id, user_id FROM members WHERE user_id = 1487", "before_plan": [["Bitmap Heap Scan on members  (cost=4.30..11.38 rows=2 width=8)"], ["  Recheck Cond: (user_id = 1487)"], ["  ->  Bitmap Index Scan on index_members_on_user_id  (cost=0.00..4.30 rows=2 width=0)"], ["        Index Cond: (user_id = 1487)"]], "after_plan": [["Bitmap Heap Scan on members  (cost=4.30..11.38 rows=2 width=8)"], ["  Recheck Cond: (user_id = 1487)"], ["  ->  Bitmap Index Scan on unique_table_members_field_user_id_project_id_cond_none  (cost=0.00..4.30 rows=2 width=0)"], ["        Index Cond: (user_id = 1487)"]]}
{"before": 0.0401, "after": 0.0356, "sql": "SELECT project_id, user_id FROM members WHERE user_id = 5758", "before_plan": [["Bitmap Heap Scan on members  (cost=4.30..11.38 rows=2 width=8)"], ["  Recheck Cond: (user_id = 5758)"], ["  ->  Bitmap Index Scan on index_members_on_user_id  (cost=0.00..4.30 rows=2 width=0)"], ["        Index Cond: (user_id = 5758)"]], "after_plan": [["Bitmap Heap Scan on members  (cost=4.30..11.38 rows=2 width=8)"], ["  Recheck Cond: (user_id = 5758)"], ["  ->  Bitmap Index Scan on unique_table_members_field_user_id_project_id_cond_none  (cost=0.00..4.30 rows=2 width=0)"], ["        Index Cond: (user_id = 5758)"]]}
{"before": 0.0397, "after": 0.035800000000000005, "sql": "SELECT project_id, user_id FROM members WHERE user_id = 1658", "before_plan": [["Bitmap Heap Scan on members  (cost=4.30..11.38 rows=2 width=8)"], ["  Recheck Cond: (user_id = 1658)"], ["  ->  Bitmap Index Scan on index_members_on_user_id  (cost=0.00..4.30 rows=2 width=0)"], ["        Index Cond: (user_id = 1658)"]], "after_plan": [["Bitmap Heap Scan on members  (cost=4.30..11.38 rows=2 width=8)"], ["  Recheck Cond: (user_id = 1658)"], ["  ->  Bitmap Index Scan on unique_table_members_field_user_id_project_id_cond_none  (cost=0.00..4.30 rows=2 width=0)"], ["        Index Cond: (user_id = 1658)"]]}
{"before": 0.0406, "after": 0.0372, "sql": "SELECT project_id, user_id FROM members WHERE user_id = 1579", "before_plan": [["Bitmap Heap Scan on members  (cost=4.30..11.38 rows=2 width=8)"], ["  Recheck Cond: (user_id = 1579)"], ["  ->  Bitmap Index Scan on index_members_on_user_id  (cost=0.00..4.30 rows=2 width=0)"], ["        Index Cond: (user_id = 1579)"]], "after_plan": [["Bitmap Heap Scan on members  (cost=4.30..11.38 rows=2 width=8)"], ["  Recheck Cond: (user_id = 1579)"], ["  ->  Bitmap Index Scan on unique_table_members_field_user_id_project_id_cond_none  (cost=0.00..4.30 rows=2 width=0)"], ["        Index Cond: (user_id = 1579)"]]}
{"before": 0.0402, "after": 0.03599999999999999, "sql": "SELECT project_id, user_id FROM members WHERE user_id = 2782", "before_plan": [["Bitmap Heap Scan on members  (cost=4.30..11.38 rows=2 width=8)"], ["  Recheck Cond: (user_id = 2782)"], ["  ->  Bitmap Index Scan on index_members_on_user_id  (cost=0.00..4.30 rows=2 width=0)"], ["        Index Cond: (user_id = 2782)"]], "after_plan": [["Bitmap Heap Scan on members  (cost=4.30..11.38 rows=2 width=8)"], ["  Recheck Cond: (user_id = 2782)"], ["  ->  Bitmap Index Scan on unique_table_members_field_user_id_project_id_cond_none  (cost=0.00..4.30 rows=2 width=0)"], ["        Index Cond: (user_id = 2782)"]]}
{"before": 0.0404, "after": 0.0353, "sql": "SELECT project_id, user_id FROM members WHERE user_id = 1459", "before_plan": [["Bitmap Heap Scan on members  (cost=4.30..11.38 rows=2 width=8)"], ["  Recheck Cond: (user_id = 1459)"], ["  ->  Bitmap Index Scan on index_members_on_user_id  (cost=0.00..4.30 rows=2 width=0)"], ["        Index Cond: (user_id = 1459)"]], "after_plan": [["Bitmap Heap Scan on members  (cost=4.30..11.38 rows=2 width=8)"], ["  Recheck Cond: (user_id = 1459)"], ["  ->  Bitmap Index Scan on unique_table_members_field_user_id_project_id_cond_none  (cost=0.00..4.30 rows=2 width=0)"], ["        Index Cond: (user_id = 1459)"]]}
{"before": 0.040999999999999995, "after": 0.0358, "sql": "SELECT project_id, user_id FROM members WHERE user_id = 5545", "before_plan": [["Bitmap Heap Scan on members  (cost=4.30..11.38 rows=2 width=8)"], ["  Recheck Cond: (user_id = 5545)"], ["  ->  Bitmap Index Scan on index_members_on_user_id  (cost=0.00..4.30 rows=2 width=0)"], ["        Index Cond: (user_id = 5545)"]], "after_plan": [["Bitmap Heap Scan on members  (cost=4.30..11.38 rows=2 width=8)"], ["  Recheck Cond: (user_id = 5545)"], ["  ->  Bitmap Index Scan on unique_table_members_field_user_id_project_id_cond_none  (cost=0.00..4.30 rows=2 width=0)"], ["        Index Cond: (user_id = 5545)"]]}
{"before": 0.040799999999999996, "after": 0.0356, "sql": "SELECT project_id, user_id FROM members WHERE user_id = 2824", "before_plan": [["Bitmap Heap Scan on members  (cost=4.30..11.38 rows=2 width=8)"], ["  Recheck Cond: (user_id = 2824)"], ["  ->  Bitmap Index Scan on index_members_on_user_id  (cost=0.00..4.30 rows=2 width=0)"], ["        Index Cond: (user_id = 2824)"]], "after_plan": [["Bitmap Heap Scan on members  (cost=4.30..11.38 rows=2 width=8)"], ["  Recheck Cond: (user_id = 2824)"], ["  ->  Bitmap Index Scan on unique_table_members_field_user_id_project_id_cond_none  (cost=0.00..4.30 rows=2 width=0)"], ["        Index Cond: (user_id = 2824)"]]}
{"before": 0.040299999999999996, "after": 0.03520000000000001, "sql": "SELECT project_id, user_id FROM members WHERE user_id = 1091", "before_plan": [["Bitmap Heap Scan on members  (cost=4.30..11.38 rows=2 width=8)"], ["  Recheck Cond: (user_id = 1091)"], ["  ->  Bitmap Index Scan on index_members_on_user_id  (cost=0.00..4.30 rows=2 width=0)"], ["        Index Cond: (user_id = 1091)"]], "after_plan": [["Bitmap Heap Scan on members  (cost=4.30..11.38 rows=2 width=8)"], ["  Recheck Cond: (user_id = 1091)"], ["  ->  Bitmap Index Scan on unique_table_members_field_user_id_project_id_cond_none  (cost=0.00..4.30 rows=2 width=0)"], ["        Index Cond: (user_id = 1091)"]]}
{"before": 0.042499999999999996, "after": 0.035, "sql": "SELECT project_id, user_id FROM members WHERE user_id = 1479", "before_plan": [["Bitmap Heap Scan on members  (cost=4.30..11.38 rows=2 width=8)"], ["  Recheck Cond: (user_id = 1479)"], ["  ->  Bitmap Index Scan on index_members_on_user_id  (cost=0.00..4.30 rows=2 width=0)"], ["        Index Cond: (user_id = 1479)"]], "after_plan": [["Bitmap Heap Scan on members  (cost=4.30..11.38 rows=2 width=8)"], ["  Recheck Cond: (user_id = 1479)"], ["  ->  Bitmap Index Scan on unique_table_members_field_user_id_project_id_cond_none  (cost=0.00..4.30 rows=2 width=0)"], ["        Index Cond: (user_id = 1479)"]]}
{"before": 0.0404, "after": 0.034600000000000006, "sql": "SELECT project_id, user_id FROM members WHERE user_id = 5712", "before_plan": [["Bitmap Heap Scan on members  (cost=4.30..11.38 rows=2 width=8)"], ["  Recheck Cond: (user_id = 5712)"], ["  ->  Bitmap Index Scan on index_members_on_user_id  (cost=0.00..4.30 rows=2 width=0)"], ["        Index Cond: (user_id = 5712)"]], "after_plan": [["Bitmap Heap Scan on members  (cost=4.30..11.38 rows=2 width=8)"], ["  Recheck Cond: (user_id = 5712)"], ["  ->  Bitmap Index Scan on unique_table_members_field_user_id_project_id_cond_none  (cost=0.00..4.30 rows=2 width=0)"], ["        Index Cond: (user_id = 5712)"]]}
{"before": 0.041699999999999994, "after": 0.0349, "sql": "SELECT project_id, user_id FROM members WHERE user_id = 1503", "before_plan": [["Bitmap Heap Scan on members  (cost=4.30..11.38 rows=2 width=8)"], ["  Recheck Cond: (user_id = 1503)"], ["  ->  Bitmap Index Scan on index_members_on_user_id  (cost=0.00..4.30 rows=2 width=0)"], ["        Index Cond: (user_id = 1503)"]], "after_plan": [["Bitmap Heap Scan on members  (cost=4.30..11.38 rows=2 width=8)"], ["  Recheck Cond: (user_id = 1503)"], ["  ->  Bitmap Index Scan on unique_table_members_field_user_id_project_id_cond_none  (cost=0.00..4.30 rows=2 width=0)"], ["        Index Cond: (user_id = 1503)"]]}
{"before": 0.040999999999999995, "after": 0.0363, "sql": "SELECT project_id, user_id FROM members WHERE user_id = 1559", "before_plan": [["Bitmap Heap Scan on members  (cost=4.30..11.38 rows=2 width=8)"], ["  Recheck Cond: (user_id = 1559)"], ["  ->  Bitmap Index Scan on index_members_on_user_id  (cost=0.00..4.30 rows=2 width=0)"], ["        Index Cond: (user_id = 1559)"]], "after_plan": [["Bitmap Heap Scan on members  (cost=4.30..11.38 rows=2 width=8)"], ["  Recheck Cond: (user_id = 1559)"], ["  ->  Bitmap Index Scan on unique_table_members_field_user_id_project_id_cond_none  (cost=0.00..4.30 rows=2 width=0)"], ["        Index Cond: (user_id = 1559)"]]}
{"before": 0.0404, "after": 0.03490000000000001, "sql": "SELECT project_id, user_id FROM members WHERE user_id = 1555", "before_plan": [["Bitmap Heap Scan on members  (cost=4.30..11.38 rows=2 width=8)"], ["  Recheck Cond: (user_id = 1555)"], ["  ->  Bitmap Index Scan on index_members_on_user_id  (cost=0.00..4.30 rows=2 width=0)"], ["        Index Cond: (user_id = 1555)"]], "after_plan": [["Bitmap Heap Scan on members  (cost=4.30..11.38 rows=2 width=8)"], ["  Recheck Cond: (user_id = 1555)"], ["  ->  Bitmap Index Scan on unique_table_members_field_user_id_project_id_cond_none  (cost=0.00..4.30 rows=2 width=0)"], ["        Index Cond: (user_id = 1555)"]]}
{"before": 0.0401, "after": 0.03470000000000001, "sql": "SELECT project_id, user_id FROM members WHERE user_id = 1263", "before_plan": [["Bitmap Heap Scan on members  (cost=4.30..11.38 rows=2 width=8)"], ["  Recheck Cond: (user_id = 1263)"], ["  ->  Bitmap Index Scan on index_members_on_user_id  (cost=0.00..4.30 rows=2 width=0)"], ["        Index Cond: (user_id = 1263)"]], "after_plan": [["Bitmap Heap Scan on members  (cost=4.30..11.38 rows=2 width=8)"], ["  Recheck Cond: (user_id = 1263)"], ["  ->  Bitmap Index Scan on unique_table_members_field_user_id_project_id_cond_none  (cost=0.00..4.30 rows=2 width=0)"], ["        Index Cond: (user_id = 1263)"]]}
{"before": 0.03949999999999999, "after": 0.0359, "sql": "SELECT project_id, user_id FROM members WHERE user_id = 1258", "before_plan": [["Bitmap Heap Scan on members  (cost=4.30..11.38 rows=2 width=8)"], ["  Recheck Cond: (user_id = 1258)"], ["  ->  Bitmap Index Scan on index_members_on_user_id  (cost=0.00..4.30 rows=2 width=0)"], ["        Index Cond: (user_id = 1258)"]], "after_plan": [["Bitmap Heap Scan on members  (cost=4.30..11.38 rows=2 width=8)"], ["  Recheck Cond: (user_id = 1258)"], ["  ->  Bitmap Index Scan on unique_table_members_field_user_id_project_id_cond_none  (cost=0.00..4.30 rows=2 width=0)"], ["        Index Cond: (user_id = 1258)"]]}
{"before": 0.0406, "after": 0.0356, "sql": "SELECT project_id, user_id FROM members WHERE user_id = 2707", "before_plan": [["Bitmap Heap Scan on members  (cost=4.30..11.38 rows=2 width=8)"], ["  Recheck Cond: (user_id = 2707)"], ["  ->  Bitmap Index Scan on index_members_on_user_id  (cost=0.00..4.30 rows=2 width=0)"], ["        Index Cond: (user_id = 2707)"]], "after_plan": [["Bitmap Heap Scan on members  (cost=4.30..11.38 rows=2 width=8)"], ["  Recheck Cond: (user_id = 2707)"], ["  ->  Bitmap Index Scan on unique_table_members_field_user_id_project_id_cond_none  (cost=0.00..4.30 rows=2 width=0)"], ["        Index Cond: (user_id = 2707)"]]}
{"before": 0.04309999999999999, "after": 0.03450000000000001, "sql": "SELECT project_id, user_id FROM members WHERE user_id = 2855", "before_plan": [["Bitmap Heap Scan on members  (cost=4.30..11.38 rows=2 width=8)"], ["  Recheck Cond: (user_id = 2855)"], ["  ->  Bitmap Index Scan on index_members_on_user_id  (cost=0.00..4.30 rows=2 width=0)"], ["        Index Cond: (user_id = 2855)"]], "after_plan": [["Bitmap Heap Scan on members  (cost=4.30..11.38 rows=2 width=8)"], ["  Recheck Cond: (user_id = 2855)"], ["  ->  Bitmap Index Scan on unique_table_members_field_user_id_project_id_cond_none  (cost=0.00..4.30 rows=2 width=0)"], ["        Index Cond: (user_id = 2855)"]]}
{"before": 0.0397, "after": 0.035, "sql": "SELECT project_id, user_id FROM members WHERE user_id = 1790", "before_plan": [["Bitmap Heap Scan on members  (cost=4.30..11.38 rows=2 width=8)"], ["  Recheck Cond: (user_id = 1790)"], ["  ->  Bitmap Index Scan on index_members_on_user_id  (cost=0.00..4.30 rows=2 width=0)"], ["        Index Cond: (user_id = 1790)"]], "after_plan": [["Bitmap Heap Scan on members  (cost=4.30..11.38 rows=2 width=8)"], ["  Recheck Cond: (user_id = 1790)"], ["  ->  Bitmap Index Scan on unique_table_members_field_user_id_project_id_cond_none  (cost=0.00..4.30 rows=2 width=0)"], ["        Index Cond: (user_id = 1790)"]]}
{"before": 0.043399999999999994, "after": 0.0353, "sql": "SELECT project_id, user_id FROM members WHERE user_id = 2788", "before_plan": [["Bitmap Heap Scan on members  (cost=4.30..11.38 rows=2 width=8)"], ["  Recheck Cond: (user_id = 2788)"], ["  ->  Bitmap Index Scan on index_members_on_user_id  (cost=0.00..4.30 rows=2 width=0)"], ["        Index Cond: (user_id = 2788)"]], "after_plan": [["Bitmap Heap Scan on members  (cost=4.30..11.38 rows=2 width=8)"], ["  Recheck Cond: (user_id = 2788)"], ["  ->  Bitmap Index Scan on unique_table_members_field_user_id_project_id_cond_none  (cost=0.00..4.30 rows=2 width=0)"], ["        Index Cond: (user_id = 2788)"]]}
{"before": 0.040799999999999996, "after": 0.03560000000000001, "sql": "SELECT project_id, user_id FROM members WHERE user_id = 5718", "before_plan": [["Bitmap Heap Scan on members  (cost=4.30..11.38 rows=2 width=8)"], ["  Recheck Cond: (user_id = 5718)"], ["  ->  Bitmap Index Scan on index_members_on_user_id  (cost=0.00..4.30 rows=2 width=0)"], ["        Index Cond: (user_id = 5718)"]], "after_plan": [["Bitmap Heap Scan on members  (cost=4.30..11.38 rows=2 width=8)"], ["  Recheck Cond: (user_id = 5718)"], ["  ->  Bitmap Index Scan on unique_table_members_field_user_id_project_id_cond_none  (cost=0.00..4.30 rows=2 width=0)"], ["        Index Cond: (user_id = 5718)"]]}
{"before": 0.0409, "after": 0.035699999999999996, "sql": "SELECT project_id, user_id FROM members WHERE user_id = 2741", "before_plan": [["Bitmap Heap Scan on members  (cost=4.30..11.38 rows=2 width=8)"], ["  Recheck Cond: (user_id = 2741)"], ["  ->  Bitmap Index Scan on index_members_on_user_id  (cost=0.00..4.30 rows=2 width=0)"], ["        Index Cond: (user_id = 2741)"]], "after_plan": [["Bitmap Heap Scan on members  (cost=4.30..11.38 rows=2 width=8)"], ["  Recheck Cond: (user_id = 2741)"], ["  ->  Bitmap Index Scan on unique_table_members_field_user_id_project_id_cond_none  (cost=0.00..4.30 rows=2 width=0)"], ["        Index Cond: (user_id = 2741)"]]}
{"before": 0.04159999999999999, "after": 0.035699999999999996, "sql": "SELECT project_id, user_id FROM members WHERE user_id = 1638", "before_plan": [["Bitmap Heap Scan on members  (cost=4.30..11.38 rows=2 width=8)"], ["  Recheck Cond: (user_id = 1638)"], ["  ->  Bitmap Index Scan on index_members_on_user_id  (cost=0.00..4.30 rows=2 width=0)"], ["        Index Cond: (user_id = 1638)"]], "after_plan": [["Bitmap Heap Scan on members  (cost=4.30..11.38 rows=2 width=8)"], ["  Recheck Cond: (user_id = 1638)"], ["  ->  Bitmap Index Scan on unique_table_members_field_user_id_project_id_cond_none  (cost=0.00..4.30 rows=2 width=0)"], ["        Index Cond: (user_id = 1638)"]]}
{"before": 0.04429999999999999, "after": 0.034100000000000005, "sql": "SELECT project_id, user_id FROM members WHERE user_id = 1622", "before_plan": [["Bitmap Heap Scan on members  (cost=4.30..11.38 rows=2 width=8)"], ["  Recheck Cond: (user_id = 1622)"], ["  ->  Bitmap Index Scan on index_members_on_user_id  (cost=0.00..4.30 rows=2 width=0)"], ["        Index Cond: (user_id = 1622)"]], "after_plan": [["Bitmap Heap Scan on members  (cost=4.30..11.38 rows=2 width=8)"], ["  Recheck Cond: (user_id = 1622)"], ["  ->  Bitmap Index Scan on unique_table_members_field_user_id_project_id_cond_none  (cost=0.00..4.30 rows=2 width=0)"], ["        Index Cond: (user_id = 1622)"]]}
{"before": 0.041299999999999996, "after": 0.0352, "sql": "SELECT project_id, user_id FROM members WHERE user_id = 1471", "before_plan": [["Bitmap Heap Scan on members  (cost=4.30..11.38 rows=2 width=8)"], ["  Recheck Cond: (user_id = 1471)"], ["  ->  Bitmap Index Scan on index_members_on_user_id  (cost=0.00..4.30 rows=2 width=0)"], ["        Index Cond: (user_id = 1471)"]], "after_plan": [["Bitmap Heap Scan on members  (cost=4.30..11.38 rows=2 width=8)"], ["  Recheck Cond: (user_id = 1471)"], ["  ->  Bitmap Index Scan on unique_table_members_field_user_id_project_id_cond_none  (cost=0.00..4.30 rows=2 width=0)"], ["        Index Cond: (user_id = 1471)"]]}
{"before": 0.040999999999999995, "after": 0.03500000000000001, "sql": "SELECT project_id, user_id FROM members WHERE user_id = 1575", "before_plan": [["Bitmap Heap Scan on members  (cost=4.30..11.38 rows=2 width=8)"], ["  Recheck Cond: (user_id = 1575)"], ["  ->  Bitmap Index Scan on index_members_on_user_id  (cost=0.00..4.30 rows=2 width=0)"], ["        Index Cond: (user_id = 1575)"]], "after_plan": [["Bitmap Heap Scan on members  (cost=4.30..11.38 rows=2 width=8)"], ["  Recheck Cond: (user_id = 1575)"], ["  ->  Bitmap Index Scan on unique_table_members_field_user_id_project_id_cond_none  (cost=0.00..4.30 rows=2 width=0)"], ["        Index Cond: (user_id = 1575)"]]}
{"before": 0.041199999999999994, "after": 0.034600000000000006, "sql": "SELECT project_id, user_id FROM members WHERE user_id = 5770", "before_plan": [["Bitmap Heap Scan on members  (cost=4.30..11.38 rows=2 width=8)"], ["  Recheck Cond: (user_id = 5770)"], ["  ->  Bitmap Index Scan on index_members_on_user_id  (cost=0.00..4.30 rows=2 width=0)"], ["        Index Cond: (user_id = 5770)"]], "after_plan": [["Bitmap Heap Scan on members  (cost=4.30..11.38 rows=2 width=8)"], ["  Recheck Cond: (user_id = 5770)"], ["  ->  Bitmap Index Scan on unique_table_members_field_user_id_project_id_cond_none  (cost=0.00..4.30 rows=2 width=0)"], ["        Index Cond: (user_id = 5770)"]]}
{"before": 0.041499999999999995, "after": 0.03590000000000001, "sql": "SELECT project_id, user_id FROM members WHERE user_id = 2834", "before_plan": [["Bitmap Heap Scan on members  (cost=4.30..11.38 rows=2 width=8)"], ["  Recheck Cond: (user_id = 2834)"], ["  ->  Bitmap Index Scan on index_members_on_user_id  (cost=0.00..4.30 rows=2 width=0)"], ["        Index Cond: (user_id = 2834)"]], "after_plan": [["Bitmap Heap Scan on members  (cost=4.30..11.38 rows=2 width=8)"], ["  Recheck Cond: (user_id = 2834)"], ["  ->  Bitmap Index Scan on unique_table_members_field_user_id_project_id_cond_none  (cost=0.00..4.30 rows=2 width=0)"], ["        Index Cond: (user_id = 2834)"]]}
{"before": 0.040499999999999994, "after": 0.03450000000000001, "sql": "SELECT project_id, user_id FROM members WHERE user_id = 1618", "before_plan": [["Bitmap Heap Scan on members  (cost=4.30..11.38 rows=2 width=8)"], ["  Recheck Cond: (user_id = 1618)"], ["  ->  Bitmap Index Scan on index_members_on_user_id  (cost=0.00..4.30 rows=2 width=0)"], ["        Index Cond: (user_id = 1618)"]], "after_plan": [["Bitmap Heap Scan on members  (cost=4.30..11.38 rows=2 width=8)"], ["  Recheck Cond: (user_id = 1618)"], ["  ->  Bitmap Index Scan on unique_table_members_field_user_id_project_id_cond_none  (cost=0.00..4.30 rows=2 width=0)"], ["        Index Cond: (user_id = 1618)"]]}
{"before": 0.040499999999999994, "after": 0.0353, "sql": "SELECT project_id, user_id FROM members WHERE user_id = 2775", "before_plan": [["Bitmap Heap Scan on members  (cost=4.30..11.38 rows=2 width=8)"], ["  Recheck Cond: (user_id = 2775)"], ["  ->  Bitmap Index Scan on index_members_on_user_id  (cost=0.00..4.30 rows=2 width=0)"], ["        Index Cond: (user_id = 2775)"]], "after_plan": [["Bitmap Heap Scan on members  (cost=4.30..11.38 rows=2 width=8)"], ["  Recheck Cond: (user_id = 2775)"], ["  ->  Bitmap Index Scan on unique_table_members_field_user_id_project_id_cond_none  (cost=0.00..4.30 rows=2 width=0)"], ["        Index Cond: (user_id = 2775)"]]}
{"before": 0.040299999999999996, "after": 0.0354, "sql": "SELECT project_id, user_id FROM members WHERE user_id = 1348", "before_plan": [["Bitmap Heap Scan on members  (cost=4.30..11.38 rows=2 width=8)"], ["  Recheck Cond: (user_id = 1348)"], ["  ->  Bitmap Index Scan on index_members_on_user_id  (cost=0.00..4.30 rows=2 width=0)"], ["        Index Cond: (user_id = 1348)"]], "after_plan": [["Bitmap Heap Scan on members  (cost=4.30..11.38 rows=2 width=8)"], ["  Recheck Cond: (user_id = 1348)"], ["  ->  Bitmap Index Scan on unique_table_members_field_user_id_project_id_cond_none  (cost=0.00..4.30 rows=2 width=0)"], ["        Index Cond: (user_id = 1348)"]]}
{"before": 0.040499999999999994, "after": 0.0352, "sql": "SELECT project_id, user_id FROM members WHERE user_id = 2800", "before_plan": [["Bitmap Heap Scan on members  (cost=4.30..11.38 rows=2 width=8)"], ["  Recheck Cond: (user_id = 2800)"], ["  ->  Bitmap Index Scan on index_members_on_user_id  (cost=0.00..4.30 rows=2 width=0)"], ["        Index Cond: (user_id = 2800)"]], "after_plan": [["Bitmap Heap Scan on members  (cost=4.30..11.38 rows=2 width=8)"], ["  Recheck Cond: (user_id = 2800)"], ["  ->  Bitmap Index Scan on unique_table_members_field_user_id_project_id_cond_none  (cost=0.00..4.30 rows=2 width=0)"], ["        Index Cond: (user_id = 2800)"]]}
{"before": 0.040999999999999995, "after": 0.035699999999999996, "sql": "SELECT project_id, user_id FROM members WHERE user_id = 5503", "before_plan": [["Bitmap Heap Scan on members  (cost=4.30..11.38 rows=2 width=8)"], ["  Recheck Cond: (user_id = 5503)"], ["  ->  Bitmap Index Scan on index_members_on_user_id  (cost=0.00..4.30 rows=2 width=0)"], ["        Index Cond: (user_id = 5503)"]], "after_plan": [["Bitmap Heap Scan on members  (cost=4.30..11.38 rows=2 width=8)"], ["  Recheck Cond: (user_id = 5503)"], ["  ->  Bitmap Index Scan on unique_table_members_field_user_id_project_id_cond_none  (cost=0.00..4.30 rows=2 width=0)"], ["        Index Cond: (user_id = 5503)"]]}
{"before": 0.0406, "after": 0.0379, "sql": "SELECT project_id, user_id FROM members WHERE user_id = 5479", "before_plan": [["Bitmap Heap Scan on members  (cost=4.30..11.38 rows=2 width=8)"], ["  Recheck Cond: (user_id = 5479)"], ["  ->  Bitmap Index Scan on index_members_on_user_id  (cost=0.00..4.30 rows=2 width=0)"], ["        Index Cond: (user_id = 5479)"]], "after_plan": [["Bitmap Heap Scan on members  (cost=4.30..11.38 rows=2 width=8)"], ["  Recheck Cond: (user_id = 5479)"], ["  ->  Bitmap Index Scan on unique_table_members_field_user_id_project_id_cond_none  (cost=0.00..4.30 rows=2 width=0)"], ["        Index Cond: (user_id = 5479)"]]}
{"before": 0.0417, "after": 0.0356, "sql": "SELECT project_id, user_id FROM members WHERE user_id = 1646", "before_plan": [["Bitmap Heap Scan on members  (cost=4.30..11.38 rows=2 width=8)"], ["  Recheck Cond: (user_id = 1646)"], ["  ->  Bitmap Index Scan on index_members_on_user_id  (cost=0.00..4.30 rows=2 width=0)"], ["        Index Cond: (user_id = 1646)"]], "after_plan": [["Bitmap Heap Scan on members  (cost=4.30..11.38 rows=2 width=8)"], ["  Recheck Cond: (user_id = 1646)"], ["  ->  Bitmap Index Scan on unique_table_members_field_user_id_project_id_cond_none  (cost=0.00..4.30 rows=2 width=0)"], ["        Index Cond: (user_id = 1646)"]]}
{"before": 0.040499999999999994, "after": 0.035899999999999994, "sql": "SELECT project_id, user_id FROM members WHERE user_id = 1200", "before_plan": [["Bitmap Heap Scan on members  (cost=4.30..11.38 rows=2 width=8)"], ["  Recheck Cond: (user_id = 1200)"], ["  ->  Bitmap Index Scan on index_members_on_user_id  (cost=0.00..4.30 rows=2 width=0)"], ["        Index Cond: (user_id = 1200)"]], "after_plan": [["Bitmap Heap Scan on members  (cost=4.30..11.38 rows=2 width=8)"], ["  Recheck Cond: (user_id = 1200)"], ["  ->  Bitmap Index Scan on unique_table_members_field_user_id_project_id_cond_none  (cost=0.00..4.30 rows=2 width=0)"], ["        Index Cond: (user_id = 1200)"]]}
{"before": 0.0412, "after": 0.036199999999999996, "sql": "SELECT project_id, user_id FROM members WHERE user_id = 5485", "before_plan": [["Bitmap Heap Scan on members  (cost=4.30..11.38 rows=2 width=8)"], ["  Recheck Cond: (user_id = 5485)"], ["  ->  Bitmap Index Scan on index_members_on_user_id  (cost=0.00..4.30 rows=2 width=0)"], ["        Index Cond: (user_id = 5485)"]], "after_plan": [["Bitmap Heap Scan on members  (cost=4.30..11.38 rows=2 width=8)"], ["  Recheck Cond: (user_id = 5485)"], ["  ->  Bitmap Index Scan on unique_table_members_field_user_id_project_id_cond_none  (cost=0.00..4.30 rows=2 width=0)"], ["        Index Cond: (user_id = 5485)"]]}
{"before": 0.045099999999999994, "after": 0.03609999999999999, "sql": "SELECT project_id, user_id FROM members WHERE user_id = 1583", "before_plan": [["Bitmap Heap Scan on members  (cost=4.30..11.38 rows=2 width=8)"], ["  Recheck Cond: (user_id = 1583)"], ["  ->  Bitmap Index Scan on index_members_on_user_id  (cost=0.00..4.30 rows=2 width=0)"], ["        Index Cond: (user_id = 1583)"]], "after_plan": [["Bitmap Heap Scan on members  (cost=4.30..11.38 rows=2 width=8)"], ["  Recheck Cond: (user_id = 1583)"], ["  ->  Bitmap Index Scan on unique_table_members_field_user_id_project_id_cond_none  (cost=0.00..4.30 rows=2 width=0)"], ["        Index Cond: (user_id = 1583)"]]}
{"before": 0.040799999999999996, "after": 0.038299999999999994, "sql": "SELECT project_id, user_id FROM members WHERE user_id = 2829", "before_plan": [["Bitmap Heap Scan on members  (cost=4.30..11.38 rows=2 width=8)"], ["  Recheck Cond: (user_id = 2829)"], ["  ->  Bitmap Index Scan on index_members_on_user_id  (cost=0.00..4.30 rows=2 width=0)"], ["        Index Cond: (user_id = 2829)"]], "after_plan": [["Bitmap Heap Scan on members  (cost=4.30..11.38 rows=2 width=8)"], ["  Recheck Cond: (user_id = 2829)"], ["  ->  Bitmap Index Scan on unique_table_members_field_user_id_project_id_cond_none  (cost=0.00..4.30 rows=2 width=0)"], ["        Index Cond: (user_id = 2829)"]]}
{"before": 0.04309999999999999, "after": 0.0356, "sql": "SELECT project_id, user_id FROM members WHERE user_id = 2747", "before_plan": [["Bitmap Heap Scan on members  (cost=4.30..11.38 rows=2 width=8)"], ["  Recheck Cond: (user_id = 2747)"], ["  ->  Bitmap Index Scan on index_members_on_user_id  (cost=0.00..4.30 rows=2 width=0)"], ["        Index Cond: (user_id = 2747)"]], "after_plan": [["Bitmap Heap Scan on members  (cost=4.30..11.38 rows=2 width=8)"], ["  Recheck Cond: (user_id = 2747)"], ["  ->  Bitmap Index Scan on unique_table_members_field_user_id_project_id_cond_none  (cost=0.00..4.30 rows=2 width=0)"], ["        Index Cond: (user_id = 2747)"]]}
{"before": 0.042499999999999996, "after": 0.036, "sql": "SELECT project_id, user_id FROM members WHERE user_id = 2849", "before_plan": [["Bitmap Heap Scan on members  (cost=4.30..11.38 rows=2 width=8)"], ["  Recheck Cond: (user_id = 2849)"], ["  ->  Bitmap Index Scan on index_members_on_user_id  (cost=0.00..4.30 rows=2 width=0)"], ["        Index Cond: (user_id = 2849)"]], "after_plan": [["Bitmap Heap Scan on members  (cost=4.30..11.38 rows=2 width=8)"], ["  Recheck Cond: (user_id = 2849)"], ["  ->  Bitmap Index Scan on unique_table_members_field_user_id_project_id_cond_none  (cost=0.00..4.30 rows=2 width=0)"], ["        Index Cond: (user_id = 2849)"]]}
{"before": 0.040299999999999996, "after": 0.03609999999999999, "sql": "SELECT project_id, user_id FROM members WHERE user_id = 5682", "before_plan": [["Bitmap Heap Scan on members  (cost=4.30..11.38 rows=2 width=8)"], ["  Recheck Cond: (user_id = 5682)"], ["  ->  Bitmap Index Scan on index_members_on_user_id  (cost=0.00..4.30 rows=2 width=0)"], ["        Index Cond: (user_id = 5682)"]], "after_plan": [["Bitmap Heap Scan on members  (cost=4.30..11.38 rows=2 width=8)"], ["  Recheck Cond: (user_id = 5682)"], ["  ->  Bitmap Index Scan on unique_table_members_field_user_id_project_id_cond_none  (cost=0.00..4.30 rows=2 width=0)"], ["        Index Cond: (user_id = 5682)"]]}
{"before": 0.043899999999999995, "after": 0.036399999999999995, "sql": "SELECT project_id, user_id FROM members WHERE user_id = 1507", "before_plan": [["Bitmap Heap Scan on members  (cost=4.30..11.38 rows=2 width=8)"], ["  Recheck Cond: (user_id = 1507)"], ["  ->  Bitmap Index Scan on index_members_on_user_id  (cost=0.00..4.30 rows=2 width=0)"], ["        Index Cond: (user_id = 1507)"]], "after_plan": [["Bitmap Heap Scan on members  (cost=4.30..11.38 rows=2 width=8)"], ["  Recheck Cond: (user_id = 1507)"], ["  ->  Bitmap Index Scan on unique_table_members_field_user_id_project_id_cond_none  (cost=0.00..4.30 rows=2 width=0)"], ["        Index Cond: (user_id = 1507)"]]}
{"before": 0.04189999999999999, "after": 0.03579999999999999, "sql": "SELECT project_id, user_id FROM members WHERE user_id = 2761", "before_plan": [["Bitmap Heap Scan on members  (cost=4.30..11.38 rows=2 width=8)"], ["  Recheck Cond: (user_id = 2761)"], ["  ->  Bitmap Index Scan on index_members_on_user_id  (cost=0.00..4.30 rows=2 width=0)"], ["        Index Cond: (user_id = 2761)"]], "after_plan": [["Bitmap Heap Scan on members  (cost=4.30..11.38 rows=2 width=8)"], ["  Recheck Cond: (user_id = 2761)"], ["  ->  Bitmap Index Scan on unique_table_members_field_user_id_project_id_cond_none  (cost=0.00..4.30 rows=2 width=0)"], ["        Index Cond: (user_id = 2761)"]]}
{"before": 0.04429999999999999, "after": 0.038299999999999994, "sql": "SELECT project_id, user_id FROM members WHERE user_id = 1268", "before_plan": [["Bitmap Heap Scan on members  (cost=4.30..11.38 rows=2 width=8)"], ["  Recheck Cond: (user_id = 1268)"], ["  ->  Bitmap Index Scan on index_members_on_user_id  (cost=0.00..4.30 rows=2 width=0)"], ["        Index Cond: (user_id = 1268)"]], "after_plan": [["Bitmap Heap Scan on members  (cost=4.30..11.38 rows=2 width=8)"], ["  Recheck Cond: (user_id = 1268)"], ["  ->  Bitmap Index Scan on unique_table_members_field_user_id_project_id_cond_none  (cost=0.00..4.30 rows=2 width=0)"], ["        Index Cond: (user_id = 1268)"]]}
{"before": 0.041299999999999996, "after": 0.038599999999999995, "sql": "SELECT project_id, user_id FROM members WHERE user_id = 2873", "before_plan": [["Bitmap Heap Scan on members  (cost=4.30..11.38 rows=2 width=8)"], ["  Recheck Cond: (user_id = 2873)"], ["  ->  Bitmap Index Scan on index_members_on_user_id  (cost=0.00..4.30 rows=2 width=0)"], ["        Index Cond: (user_id = 2873)"]], "after_plan": [["Bitmap Heap Scan on members  (cost=4.30..11.38 rows=2 width=8)"], ["  Recheck Cond: (user_id = 2873)"], ["  ->  Bitmap Index Scan on unique_table_members_field_user_id_project_id_cond_none  (cost=0.00..4.30 rows=2 width=0)"], ["        Index Cond: (user_id = 2873)"]]}
{"before": 0.0411, "after": 0.03470000000000001, "sql": "SELECT project_id, user_id FROM members WHERE user_id = 5497", "before_plan": [["Bitmap Heap Scan on members  (cost=4.30..11.38 rows=2 width=8)"], ["  Recheck Cond: (user_id = 5497)"], ["  ->  Bitmap Index Scan on index_members_on_user_id  (cost=0.00..4.30 rows=2 width=0)"], ["        Index Cond: (user_id = 5497)"]], "after_plan": [["Bitmap Heap Scan on members  (cost=4.30..11.38 rows=2 width=8)"], ["  Recheck Cond: (user_id = 5497)"], ["  ->  Bitmap Index Scan on unique_table_members_field_user_id_project_id_cond_none  (cost=0.00..4.30 rows=2 width=0)"], ["        Index Cond: (user_id = 5497)"]]}
{"before": 0.040799999999999996, "after": 0.03729999999999999, "sql": "SELECT project_id, user_id FROM members WHERE user_id = 1614", "before_plan": [["Bitmap Heap Scan on members  (cost=4.30..11.38 rows=2 width=8)"], ["  Recheck Cond: (user_id = 1614)"], ["  ->  Bitmap Index Scan on index_members_on_user_id  (cost=0.00..4.30 rows=2 width=0)"], ["        Index Cond: (user_id = 1614)"]], "after_plan": [["Bitmap Heap Scan on members  (cost=4.30..11.38 rows=2 width=8)"], ["  Recheck Cond: (user_id = 1614)"], ["  ->  Bitmap Index Scan on unique_table_members_field_user_id_project_id_cond_none  (cost=0.00..4.30 rows=2 width=0)"], ["        Index Cond: (user_id = 1614)"]]}
{"before": 0.041699999999999994, "after": 0.035100000000000006, "sql": "SELECT project_id, user_id FROM members WHERE user_id = 5700", "before_plan": [["Bitmap Heap Scan on members  (cost=4.30..11.38 rows=2 width=8)"], ["  Recheck Cond: (user_id = 5700)"], ["  ->  Bitmap Index Scan on index_members_on_user_id  (cost=0.00..4.30 rows=2 width=0)"], ["        Index Cond: (user_id = 5700)"]], "after_plan": [["Bitmap Heap Scan on members  (cost=4.30..11.38 rows=2 width=8)"], ["  Recheck Cond: (user_id = 5700)"], ["  ->  Bitmap Index Scan on unique_table_members_field_user_id_project_id_cond_none  (cost=0.00..4.30 rows=2 width=0)"], ["        Index Cond: (user_id = 5700)"]]}
{"before": 0.04039999999999999, "after": 0.0373, "sql": "SELECT project_id, user_id FROM members WHERE user_id = 1550", "before_plan": [["Bitmap Heap Scan on members  (cost=4.30..11.38 rows=2 width=8)"], ["  Recheck Cond: (user_id = 1550)"], ["  ->  Bitmap Index Scan on index_members_on_user_id  (cost=0.00..4.30 rows=2 width=0)"], ["        Index Cond: (user_id = 1550)"]], "after_plan": [["Bitmap Heap Scan on members  (cost=4.30..11.38 rows=2 width=8)"], ["  Recheck Cond: (user_id = 1550)"], ["  ->  Bitmap Index Scan on unique_table_members_field_user_id_project_id_cond_none  (cost=0.00..4.30 rows=2 width=0)"], ["        Index Cond: (user_id = 1550)"]]}
{"before": 0.041199999999999994, "after": 0.0384, "sql": "SELECT project_id, user_id FROM members WHERE user_id = 1272", "before_plan": [["Bitmap Heap Scan on members  (cost=4.30..11.38 rows=2 width=8)"], ["  Recheck Cond: (user_id = 1272)"], ["  ->  Bitmap Index Scan on index_members_on_user_id  (cost=0.00..4.30 rows=2 width=0)"], ["        Index Cond: (user_id = 1272)"]], "after_plan": [["Bitmap Heap Scan on members  (cost=4.30..11.38 rows=2 width=8)"], ["  Recheck Cond: (user_id = 1272)"], ["  ->  Bitmap Index Scan on unique_table_members_field_user_id_project_id_cond_none  (cost=0.00..4.30 rows=2 width=0)"], ["        Index Cond: (user_id = 1272)"]]}
{"before": 0.0411, "after": 0.0372, "sql": "SELECT project_id, user_id FROM members WHERE user_id = 2839", "before_plan": [["Bitmap Heap Scan on members  (cost=4.30..11.38 rows=2 width=8)"], ["  Recheck Cond: (user_id = 2839)"], ["  ->  Bitmap Index Scan on index_members_on_user_id  (cost=0.00..4.30 rows=2 width=0)"], ["        Index Cond: (user_id = 2839)"]], "after_plan": [["Bitmap Heap Scan on members  (cost=4.30..11.38 rows=2 width=8)"], ["  Recheck Cond: (user_id = 2839)"], ["  ->  Bitmap Index Scan on unique_table_members_field_user_id_project_id_cond_none  (cost=0.00..4.30 rows=2 width=0)"], ["        Index Cond: (user_id = 2839)"]]}
{"before": 0.0404, "after": 0.036899999999999995, "sql": "SELECT project_id, user_id FROM members WHERE user_id = 1095", "before_plan": [["Bitmap Heap Scan on members  (cost=4.30..11.38 rows=2 width=8)"], ["  Recheck Cond: (user_id = 1095)"], ["  ->  Bitmap Index Scan on index_members_on_user_id  (cost=0.00..4.30 rows=2 width=0)"], ["        Index Cond: (user_id = 1095)"]], "after_plan": [["Bitmap Heap Scan on members  (cost=4.30..11.38 rows=2 width=8)"], ["  Recheck Cond: (user_id = 1095)"], ["  ->  Bitmap Index Scan on unique_table_members_field_user_id_project_id_cond_none  (cost=0.00..4.30 rows=2 width=0)"], ["        Index Cond: (user_id = 1095)"]]}
{"before": 0.039999999999999994, "after": 0.03629999999999999, "sql": "SELECT project_id, user_id FROM members WHERE user_id = 1495", "before_plan": [["Bitmap Heap Scan on members  (cost=4.30..11.38 rows=2 width=8)"], ["  Recheck Cond: (user_id = 1495)"], ["  ->  Bitmap Index Scan on index_members_on_user_id  (cost=0.00..4.30 rows=2 width=0)"], ["        Index Cond: (user_id = 1495)"]], "after_plan": [["Bitmap Heap Scan on members  (cost=4.30..11.38 rows=2 width=8)"], ["  Recheck Cond: (user_id = 1495)"], ["  ->  Bitmap Index Scan on unique_table_members_field_user_id_project_id_cond_none  (cost=0.00..4.30 rows=2 width=0)"], ["        Index Cond: (user_id = 1495)"]]}
{"before": 0.04019999999999999, "after": 0.03989999999999999, "sql": "SELECT project_id, user_id FROM members WHERE user_id = 1551", "before_plan": [["Bitmap Heap Scan on members  (cost=4.30..11.38 rows=2 width=8)"], ["  Recheck Cond: (user_id = 1551)"], ["  ->  Bitmap Index Scan on index_members_on_user_id  (cost=0.00..4.30 rows=2 width=0)"], ["        Index Cond: (user_id = 1551)"]], "after_plan": [["Bitmap Heap Scan on members  (cost=4.30..11.38 rows=2 width=8)"], ["  Recheck Cond: (user_id = 1551)"], ["  ->  Bitmap Index Scan on unique_table_members_field_user_id_project_id_cond_none  (cost=0.00..4.30 rows=2 width=0)"], ["        Index Cond: (user_id = 1551)"]]}
{"before": 0.040799999999999996, "after": 0.0372, "sql": "SELECT project_id, user_id FROM members WHERE user_id = 1642", "before_plan": [["Bitmap Heap Scan on members  (cost=4.30..11.38 rows=2 width=8)"], ["  Recheck Cond: (user_id = 1642)"], ["  ->  Bitmap Index Scan on index_members_on_user_id  (cost=0.00..4.30 rows=2 width=0)"], ["        Index Cond: (user_id = 1642)"]], "after_plan": [["Bitmap Heap Scan on members  (cost=4.30..11.38 rows=2 width=8)"], ["  Recheck Cond: (user_id = 1642)"], ["  ->  Bitmap Index Scan on unique_table_members_field_user_id_project_id_cond_none  (cost=0.00..4.30 rows=2 width=0)"], ["        Index Cond: (user_id = 1642)"]]}
{"before": 0.0407, "after": 0.037899999999999996, "sql": "SELECT project_id, user_id FROM members WHERE user_id = 1547", "before_plan": [["Bitmap Heap Scan on members  (cost=4.30..11.38 rows=2 width=8)"], ["  Recheck Cond: (user_id = 1547)"], ["  ->  Bitmap Index Scan on index_members_on_user_id  (cost=0.00..4.30 rows=2 width=0)"], ["        Index Cond: (user_id = 1547)"]], "after_plan": [["Bitmap Heap Scan on members  (cost=4.30..11.38 rows=2 width=8)"], ["  Recheck Cond: (user_id = 1547)"], ["  ->  Bitmap Index Scan on unique_table_members_field_user_id_project_id_cond_none  (cost=0.00..4.30 rows=2 width=0)"], ["        Index Cond: (user_id = 1547)"]]}
{"before": 0.0417, "after": 0.0387, "sql": "SELECT project_id, user_id FROM members WHERE user_id = 5515", "before_plan": [["Bitmap Heap Scan on members  (cost=4.30..11.38 rows=2 width=8)"], ["  Recheck Cond: (user_id = 5515)"], ["  ->  Bitmap Index Scan on index_members_on_user_id  (cost=0.00..4.30 rows=2 width=0)"], ["        Index Cond: (user_id = 5515)"]], "after_plan": [["Bitmap Heap Scan on members  (cost=4.30..11.38 rows=2 width=8)"], ["  Recheck Cond: (user_id = 5515)"], ["  ->  Bitmap Index Scan on unique_table_members_field_user_id_project_id_cond_none  (cost=0.00..4.30 rows=2 width=0)"], ["        Index Cond: (user_id = 5515)"]]}
{"before": 0.0414, "after": 0.037099999999999994, "sql": "SELECT project_id, user_id FROM members WHERE user_id = 5509", "before_plan": [["Bitmap Heap Scan on members  (cost=4.30..11.38 rows=2 width=8)"], ["  Recheck Cond: (user_id = 5509)"], ["  ->  Bitmap Index Scan on index_members_on_user_id  (cost=0.00..4.30 rows=2 width=0)"], ["        Index Cond: (user_id = 5509)"]], "after_plan": [["Bitmap Heap Scan on members  (cost=4.30..11.38 rows=2 width=8)"], ["  Recheck Cond: (user_id = 5509)"], ["  ->  Bitmap Index Scan on unique_table_members_field_user_id_project_id_cond_none  (cost=0.00..4.30 rows=2 width=0)"], ["        Index Cond: (user_id = 5509)"]]}
{"before": 0.04189999999999999, "after": 0.037599999999999995, "sql": "SELECT project_id, user_id FROM members WHERE user_id = 1662", "before_plan": [["Bitmap Heap Scan on members  (cost=4.30..11.38 rows=2 width=8)"], ["  Recheck Cond: (user_id = 1662)"], ["  ->  Bitmap Index Scan on index_members_on_user_id  (cost=0.00..4.30 rows=2 width=0)"], ["        Index Cond: (user_id = 1662)"]], "after_plan": [["Bitmap Heap Scan on members  (cost=4.30..11.38 rows=2 width=8)"], ["  Recheck Cond: (user_id = 1662)"], ["  ->  Bitmap Index Scan on unique_table_members_field_user_id_project_id_cond_none  (cost=0.00..4.30 rows=2 width=0)"], ["        Index Cond: (user_id = 1662)"]]}
{"before": 0.04179999999999999, "after": 0.036599999999999994, "sql": "SELECT project_id, user_id FROM members WHERE user_id = 1571", "before_plan": [["Bitmap Heap Scan on members  (cost=4.30..11.38 rows=2 width=8)"], ["  Recheck Cond: (user_id = 1571)"], ["  ->  Bitmap Index Scan on index_members_on_user_id  (cost=0.00..4.30 rows=2 width=0)"], ["        Index Cond: (user_id = 1571)"]], "after_plan": [["Bitmap Heap Scan on members  (cost=4.30..11.38 rows=2 width=8)"], ["  Recheck Cond: (user_id = 1571)"], ["  ->  Bitmap Index Scan on unique_table_members_field_user_id_project_id_cond_none  (cost=0.00..4.30 rows=2 width=0)"], ["        Index Cond: (user_id = 1571)"]]}
{"before": 0.0416, "after": 0.03649999999999999, "sql": "SELECT project_id, user_id FROM members WHERE user_id = 1567", "before_plan": [["Bitmap Heap Scan on members  (cost=4.30..11.38 rows=2 width=8)"], ["  Recheck Cond: (user_id = 1567)"], ["  ->  Bitmap Index Scan on index_members_on_user_id  (cost=0.00..4.30 rows=2 width=0)"], ["        Index Cond: (user_id = 1567)"]], "after_plan": [["Bitmap Heap Scan on members  (cost=4.30..11.38 rows=2 width=8)"], ["  Recheck Cond: (user_id = 1567)"], ["  ->  Bitmap Index Scan on unique_table_members_field_user_id_project_id_cond_none  (cost=0.00..4.30 rows=2 width=0)"], ["        Index Cond: (user_id = 1567)"]]}
{"before": 0.041999999999999996, "after": 0.0352, "sql": "SELECT project_id, user_id FROM members WHERE user_id = 5491", "before_plan": [["Bitmap Heap Scan on members  (cost=4.30..11.38 rows=2 width=8)"], ["  Recheck Cond: (user_id = 5491)"], ["  ->  Bitmap Index Scan on index_members_on_user_id  (cost=0.00..4.30 rows=2 width=0)"], ["        Index Cond: (user_id = 5491)"]], "after_plan": [["Bitmap Heap Scan on members  (cost=4.30..11.38 rows=2 width=8)"], ["  Recheck Cond: (user_id = 5491)"], ["  ->  Bitmap Index Scan on unique_table_members_field_user_id_project_id_cond_none  (cost=0.00..4.30 rows=2 width=0)"], ["        Index Cond: (user_id = 5491)"]]}
{"before": 0.0406, "after": 0.0346, "sql": "SELECT project_id, user_id FROM members WHERE user_id = 2861", "before_plan": [["Bitmap Heap Scan on members  (cost=4.30..11.38 rows=2 width=8)"], ["  Recheck Cond: (user_id = 2861)"], ["  ->  Bitmap Index Scan on index_members_on_user_id  (cost=0.00..4.30 rows=2 width=0)"], ["        Index Cond: (user_id = 2861)"]], "after_plan": [["Bitmap Heap Scan on members  (cost=4.30..11.38 rows=2 width=8)"], ["  Recheck Cond: (user_id = 2861)"], ["  ->  Bitmap Index Scan on unique_table_members_field_user_id_project_id_cond_none  (cost=0.00..4.30 rows=2 width=0)"], ["        Index Cond: (user_id = 2861)"]]}
{"before": 0.043, "after": 0.03549999999999999, "sql": "SELECT project_id, user_id FROM members WHERE user_id = 1630", "before_plan": [["Bitmap Heap Scan on members  (cost=4.30..11.38 rows=2 width=8)"], ["  Recheck Cond: (user_id = 1630)"], ["  ->  Bitmap Index Scan on index_members_on_user_id  (cost=0.00..4.30 rows=2 width=0)"], ["        Index Cond: (user_id = 1630)"]], "after_plan": [["Bitmap Heap Scan on members  (cost=4.30..11.38 rows=2 width=8)"], ["  Recheck Cond: (user_id = 1630)"], ["  ->  Bitmap Index Scan on unique_table_members_field_user_id_project_id_cond_none  (cost=0.00..4.30 rows=2 width=0)"], ["        Index Cond: (user_id = 1630)"]]}
{"before": 0.04129999999999999, "after": 0.03480000000000001, "sql": "SELECT project_id, user_id FROM members WHERE user_id = 1563", "before_plan": [["Bitmap Heap Scan on members  (cost=4.30..11.38 rows=2 width=8)"], ["  Recheck Cond: (user_id = 1563)"], ["  ->  Bitmap Index Scan on index_members_on_user_id  (cost=0.00..4.30 rows=2 width=0)"], ["        Index Cond: (user_id = 1563)"]], "after_plan": [["Bitmap Heap Scan on members  (cost=4.30..11.38 rows=2 width=8)"], ["  Recheck Cond: (user_id = 1563)"], ["  ->  Bitmap Index Scan on unique_table_members_field_user_id_project_id_cond_none  (cost=0.00..4.30 rows=2 width=0)"], ["        Index Cond: (user_id = 1563)"]]}
{"before": 0.040299999999999996, "after": 0.03480000000000001, "sql": "SELECT project_id, user_id FROM members WHERE user_id = 2794", "before_plan": [["Bitmap Heap Scan on members  (cost=4.30..11.38 rows=2 width=8)"], ["  Recheck Cond: (user_id = 2794)"], ["  ->  Bitmap Index Scan on index_members_on_user_id  (cost=0.00..4.30 rows=2 width=0)"], ["        Index Cond: (user_id = 2794)"]], "after_plan": [["Bitmap Heap Scan on members  (cost=4.30..11.38 rows=2 width=8)"], ["  Recheck Cond: (user_id = 2794)"], ["  ->  Bitmap Index Scan on unique_table_members_field_user_id_project_id_cond_none  (cost=0.00..4.30 rows=2 width=0)"], ["        Index Cond: (user_id = 2794)"]]}
{"before": 0.040999999999999995, "after": 0.0354, "sql": "SELECT project_id, user_id FROM members WHERE user_id = 1499", "before_plan": [["Bitmap Heap Scan on members  (cost=4.30..11.38 rows=2 width=8)"], ["  Recheck Cond: (user_id = 1499)"], ["  ->  Bitmap Index Scan on index_members_on_user_id  (cost=0.00..4.30 rows=2 width=0)"], ["        Index Cond: (user_id = 1499)"]], "after_plan": [["Bitmap Heap Scan on members  (cost=4.30..11.38 rows=2 width=8)"], ["  Recheck Cond: (user_id = 1499)"], ["  ->  Bitmap Index Scan on unique_table_members_field_user_id_project_id_cond_none  (cost=0.00..4.30 rows=2 width=0)"], ["        Index Cond: (user_id = 1499)"]]}
{"before": 0.041499999999999995, "after": 0.0357, "sql": "SELECT project_id, user_id FROM members WHERE user_id = 1867", "before_plan": [["Bitmap Heap Scan on members  (cost=4.30..11.38 rows=2 width=8)"], ["  Recheck Cond: (user_id = 1867)"], ["  ->  Bitmap Index Scan on index_members_on_user_id  (cost=0.00..4.30 rows=2 width=0)"], ["        Index Cond: (user_id = 1867)"]], "after_plan": [["Bitmap Heap Scan on members  (cost=4.30..11.38 rows=2 width=8)"], ["  Recheck Cond: (user_id = 1867)"], ["  ->  Bitmap Index Scan on unique_table_members_field_user_id_project_id_cond_none  (cost=0.00..4.30 rows=2 width=0)"], ["        Index Cond: (user_id = 1867)"]]}
{"before": 0.0409, "after": 0.03729999999999999, "sql": "SELECT project_id, user_id FROM members WHERE user_id = 2728", "before_plan": [["Bitmap Heap Scan on members  (cost=4.30..11.38 rows=2 width=8)"], ["  Recheck Cond: (user_id = 2728)"], ["  ->  Bitmap Index Scan on index_members_on_user_id  (cost=0.00..4.30 rows=2 width=0)"], ["        Index Cond: (user_id = 2728)"]], "after_plan": [["Bitmap Heap Scan on members  (cost=4.30..11.38 rows=2 width=8)"], ["  Recheck Cond: (user_id = 2728)"], ["  ->  Bitmap Index Scan on unique_table_members_field_user_id_project_id_cond_none  (cost=0.00..4.30 rows=2 width=0)"], ["        Index Cond: (user_id = 2728)"]]}
{"before": 0.04039999999999999, "after": 0.03579999999999999, "sql": "SELECT project_id, user_id FROM members WHERE user_id = 2844", "before_plan": [["Bitmap Heap Scan on members  (cost=4.30..11.38 rows=2 width=8)"], ["  Recheck Cond: (user_id = 2844)"], ["  ->  Bitmap Index Scan on index_members_on_user_id  (cost=0.00..4.30 rows=2 width=0)"], ["        Index Cond: (user_id = 2844)"]], "after_plan": [["Bitmap Heap Scan on members  (cost=4.30..11.38 rows=2 width=8)"], ["  Recheck Cond: (user_id = 2844)"], ["  ->  Bitmap Index Scan on unique_table_members_field_user_id_project_id_cond_none  (cost=0.00..4.30 rows=2 width=0)"], ["        Index Cond: (user_id = 2844)"]]}
{"before": 0.040499999999999994, "after": 0.0356, "sql": "SELECT project_id, user_id FROM members WHERE user_id = 1086", "before_plan": [["Bitmap Heap Scan on members  (cost=4.30..11.38 rows=2 width=8)"], ["  Recheck Cond: (user_id = 1086)"], ["  ->  Bitmap Index Scan on index_members_on_user_id  (cost=0.00..4.30 rows=2 width=0)"], ["        Index Cond: (user_id = 1086)"]], "after_plan": [["Bitmap Heap Scan on members  (cost=4.30..11.38 rows=2 width=8)"], ["  Recheck Cond: (user_id = 1086)"], ["  ->  Bitmap Index Scan on unique_table_members_field_user_id_project_id_cond_none  (cost=0.00..4.30 rows=2 width=0)"], ["        Index Cond: (user_id = 1086)"]]}
{"before": 0.0404, "after": 0.0365, "sql": "SELECT project_id, user_id FROM members WHERE user_id = 5533", "before_plan": [["Bitmap Heap Scan on members  (cost=4.30..11.38 rows=2 width=8)"], ["  Recheck Cond: (user_id = 5533)"], ["  ->  Bitmap Index Scan on index_members_on_user_id  (cost=0.00..4.30 rows=2 width=0)"], ["        Index Cond: (user_id = 5533)"]], "after_plan": [["Bitmap Heap Scan on members  (cost=4.30..11.38 rows=2 width=8)"], ["  Recheck Cond: (user_id = 5533)"], ["  ->  Bitmap Index Scan on unique_table_members_field_user_id_project_id_cond_none  (cost=0.00..4.30 rows=2 width=0)"], ["        Index Cond: (user_id = 5533)"]]}
{"before": 0.0423, "after": 0.03440000000000001, "sql": "SELECT project_id, user_id FROM members WHERE user_id = 2700", "before_plan": [["Bitmap Heap Scan on members  (cost=4.30..11.38 rows=2 width=8)"], ["  Recheck Cond: (user_id = 2700)"], ["  ->  Bitmap Index Scan on index_members_on_user_id  (cost=0.00..4.30 rows=2 width=0)"], ["        Index Cond: (user_id = 2700)"]], "after_plan": [["Bitmap Heap Scan on members  (cost=4.30..11.38 rows=2 width=8)"], ["  Recheck Cond: (user_id = 2700)"], ["  ->  Bitmap Index Scan on unique_table_members_field_user_id_project_id_cond_none  (cost=0.00..4.30 rows=2 width=0)"], ["        Index Cond: (user_id = 2700)"]]}
{"before": 0.04159999999999999, "after": 0.03599999999999999, "sql": "SELECT project_id, user_id FROM members WHERE user_id = 2806", "before_plan": [["Bitmap Heap Scan on members  (cost=4.30..11.38 rows=2 width=8)"], ["  Recheck Cond: (user_id = 2806)"], ["  ->  Bitmap Index Scan on index_members_on_user_id  (cost=0.00..4.30 rows=2 width=0)"], ["        Index Cond: (user_id = 2806)"]], "after_plan": [["Bitmap Heap Scan on members  (cost=4.30..11.38 rows=2 width=8)"], ["  Recheck Cond: (user_id = 2806)"], ["  ->  Bitmap Index Scan on unique_table_members_field_user_id_project_id_cond_none  (cost=0.00..4.30 rows=2 width=0)"], ["        Index Cond: (user_id = 2806)"]]}
{"before": 0.041499999999999995, "after": 0.037899999999999996, "sql": "SELECT project_id, user_id FROM members WHERE user_id = 1591", "before_plan": [["Bitmap Heap Scan on members  (cost=4.30..11.38 rows=2 width=8)"], ["  Recheck Cond: (user_id = 1591)"], ["  ->  Bitmap Index Scan on index_members_on_user_id  (cost=0.00..4.30 rows=2 width=0)"], ["        Index Cond: (user_id = 1591)"]], "after_plan": [["Bitmap Heap Scan on members  (cost=4.30..11.38 rows=2 width=8)"], ["  Recheck Cond: (user_id = 1591)"], ["  ->  Bitmap Index Scan on unique_table_members_field_user_id_project_id_cond_none  (cost=0.00..4.30 rows=2 width=0)"], ["        Index Cond: (user_id = 1591)"]]}
{"before": 0.04279999999999999, "after": 0.0359, "sql": "SELECT project_id, user_id FROM members WHERE user_id = 1475", "before_plan": [["Bitmap Heap Scan on members  (cost=4.30..11.38 rows=2 width=8)"], ["  Recheck Cond: (user_id = 1475)"], ["  ->  Bitmap Index Scan on index_members_on_user_id  (cost=0.00..4.30 rows=2 width=0)"], ["        Index Cond: (user_id = 1475)"]], "after_plan": [["Bitmap Heap Scan on members  (cost=4.30..11.38 rows=2 width=8)"], ["  Recheck Cond: (user_id = 1475)"], ["  ->  Bitmap Index Scan on unique_table_members_field_user_id_project_id_cond_none  (cost=0.00..4.30 rows=2 width=0)"], ["        Index Cond: (user_id = 1475)"]]}
{"before": 0.0402, "after": 0.0354, "sql": "SELECT project_id, user_id FROM members WHERE user_id = 5694", "before_plan": [["Bitmap Heap Scan on members  (cost=4.30..11.38 rows=2 width=8)"], ["  Recheck Cond: (user_id = 5694)"], ["  ->  Bitmap Index Scan on index_members_on_user_id  (cost=0.00..4.30 rows=2 width=0)"], ["        Index Cond: (user_id = 5694)"]], "after_plan": [["Bitmap Heap Scan on members  (cost=4.30..11.38 rows=2 width=8)"], ["  Recheck Cond: (user_id = 5694)"], ["  ->  Bitmap Index Scan on unique_table_members_field_user_id_project_id_cond_none  (cost=0.00..4.30 rows=2 width=0)"], ["        Index Cond: (user_id = 5694)"]]}
{"before": 0.039599999999999996, "after": 0.035899999999999994, "sql": "SELECT project_id, user_id FROM members WHERE user_id = 1463", "before_plan": [["Bitmap Heap Scan on members  (cost=4.30..11.38 rows=2 width=8)"], ["  Recheck Cond: (user_id = 1463)"], ["  ->  Bitmap Index Scan on index_members_on_user_id  (cost=0.00..4.30 rows=2 width=0)"], ["        Index Cond: (user_id = 1463)"]], "after_plan": [["Bitmap Heap Scan on members  (cost=4.30..11.38 rows=2 width=8)"], ["  Recheck Cond: (user_id = 1463)"], ["  ->  Bitmap Index Scan on unique_table_members_field_user_id_project_id_cond_none  (cost=0.00..4.30 rows=2 width=0)"], ["        Index Cond: (user_id = 1463)"]]}
{"before": 0.0406, "after": 0.03629999999999999, "sql": "SELECT project_id, user_id FROM members WHERE user_id = 2714", "before_plan": [["Bitmap Heap Scan on members  (cost=4.30..11.38 rows=2 width=8)"], ["  Recheck Cond: (user_id = 2714)"], ["  ->  Bitmap Index Scan on index_members_on_user_id  (cost=0.00..4.30 rows=2 width=0)"], ["        Index Cond: (user_id = 2714)"]], "after_plan": [["Bitmap Heap Scan on members  (cost=4.30..11.38 rows=2 width=8)"], ["  Recheck Cond: (user_id = 2714)"], ["  ->  Bitmap Index Scan on unique_table_members_field_user_id_project_id_cond_none  (cost=0.00..4.30 rows=2 width=0)"], ["        Index Cond: (user_id = 2714)"]]}
{"before": 0.040999999999999995, "after": 0.03729999999999999, "sql": "SELECT project_id, user_id FROM members WHERE user_id = 5527", "before_plan": [["Bitmap Heap Scan on members  (cost=4.30..11.38 rows=2 width=8)"], ["  Recheck Cond: (user_id = 5527)"], ["  ->  Bitmap Index Scan on index_members_on_user_id  (cost=0.00..4.30 rows=2 width=0)"], ["        Index Cond: (user_id = 5527)"]], "after_plan": [["Bitmap Heap Scan on members  (cost=4.30..11.38 rows=2 width=8)"], ["  Recheck Cond: (user_id = 5527)"], ["  ->  Bitmap Index Scan on unique_table_members_field_user_id_project_id_cond_none  (cost=0.00..4.30 rows=2 width=0)"], ["        Index Cond: (user_id = 5527)"]]}
{"before": 0.040299999999999996, "after": 0.0358, "sql": "SELECT project_id, user_id FROM members WHERE user_id = 2818", "before_plan": [["Bitmap Heap Scan on members  (cost=4.30..11.38 rows=2 width=8)"], ["  Recheck Cond: (user_id = 2818)"], ["  ->  Bitmap Index Scan on index_members_on_user_id  (cost=0.00..4.30 rows=2 width=0)"], ["        Index Cond: (user_id = 2818)"]], "after_plan": [["Bitmap Heap Scan on members  (cost=4.30..11.38 rows=2 width=8)"], ["  Recheck Cond: (user_id = 2818)"], ["  ->  Bitmap Index Scan on unique_table_members_field_user_id_project_id_cond_none  (cost=0.00..4.30 rows=2 width=0)"], ["        Index Cond: (user_id = 2818)"]]}
{"before": 0.03949999999999999, "after": 0.035500000000000004, "sql": "SELECT project_id, user_id FROM members WHERE user_id = 2879", "before_plan": [["Bitmap Heap Scan on members  (cost=4.30..11.38 rows=2 width=8)"], ["  Recheck Cond: (user_id = 2879)"], ["  ->  Bitmap Index Scan on index_members_on_user_id  (cost=0.00..4.30 rows=2 width=0)"], ["        Index Cond: (user_id = 2879)"]], "after_plan": [["Bitmap Heap Scan on members  (cost=4.30..11.38 rows=2 width=8)"], ["  Recheck Cond: (user_id = 2879)"], ["  ->  Bitmap Index Scan on unique_table_members_field_user_id_project_id_cond_none  (cost=0.00..4.30 rows=2 width=0)"], ["        Index Cond: (user_id = 2879)"]]}
{"before": 0.039799999999999995, "after": 0.03560000000000001, "sql": "SELECT project_id, user_id FROM members WHERE user_id = 5706", "before_plan": [["Bitmap Heap Scan on members  (cost=4.30..11.38 rows=2 width=8)"], ["  Recheck Cond: (user_id = 5706)"], ["  ->  Bitmap Index Scan on index_members_on_user_id  (cost=0.00..4.30 rows=2 width=0)"], ["        Index Cond: (user_id = 5706)"]], "after_plan": [["Bitmap Heap Scan on members  (cost=4.30..11.38 rows=2 width=8)"], ["  Recheck Cond: (user_id = 5706)"], ["  ->  Bitmap Index Scan on unique_table_members_field_user_id_project_id_cond_none  (cost=0.00..4.30 rows=2 width=0)"], ["        Index Cond: (user_id = 5706)"]]}
{"before": 0.042699999999999995, "after": 0.035300000000000005, "sql": "SELECT project_id, user_id FROM members WHERE user_id = 5521", "before_plan": [["Bitmap Heap Scan on members  (cost=4.30..11.38 rows=2 width=8)"], ["  Recheck Cond: (user_id = 5521)"], ["  ->  Bitmap Index Scan on index_members_on_user_id  (cost=0.00..4.30 rows=2 width=0)"], ["        Index Cond: (user_id = 5521)"]], "after_plan": [["Bitmap Heap Scan on members  (cost=4.30..11.38 rows=2 width=8)"], ["  Recheck Cond: (user_id = 5521)"], ["  ->  Bitmap Index Scan on unique_table_members_field_user_id_project_id_cond_none  (cost=0.00..4.30 rows=2 width=0)"], ["        Index Cond: (user_id = 5521)"]]}
{"before": 0.04039999999999999, "after": 0.03500000000000001, "sql": "SELECT project_id, user_id FROM members WHERE user_id = 2768", "before_plan": [["Bitmap Heap Scan on members  (cost=4.30..11.38 rows=2 width=8)"], ["  Recheck Cond: (user_id = 2768)"], ["  ->  Bitmap Index Scan on index_members_on_user_id  (cost=0.00..4.30 rows=2 width=0)"], ["        Index Cond: (user_id = 2768)"]], "after_plan": [["Bitmap Heap Scan on members  (cost=4.30..11.38 rows=2 width=8)"], ["  Recheck Cond: (user_id = 2768)"], ["  ->  Bitmap Index Scan on unique_table_members_field_user_id_project_id_cond_none  (cost=0.00..4.30 rows=2 width=0)"], ["        Index Cond: (user_id = 2768)"]]}
{"before": 0.2692, "after": 0.03650000000000001, "sql": "SELECT categories.* FROM categories WHERE categories.project_id = 0 AND categories.name = 'jhqlzftevzhebsefzlxjgbrmokinscchsnsjkpzybygkispzqbibedxtebjxsabmelfazakbpadlnvnomtkaocoiioqsblbnhaqegdfwfnatvsbxgijlnaqxgdorqjhsdwbntanemzcnmdihvodbsiufmeymubbliaovimmecgaoxbpcaamvtlcxjdmeruqkjoxuettasexpzvbsbhvppeowpptevvkdmevwdojxvebmjnhwbpuysj' ORDER BY categories.name LIMIT 1", "before_plan": [["Limit  (cost=0.00..380.03 rows=1 width=157)"], ["  ->  Seq Scan on categories  (cost=0.00..380.03 rows=1 width=157)"], ["        Filter: ((project_id = 0) AND ((name)::text = 'jhqlzftevzhebsefzlxjgbrmokinscchsnsjkpzybygkispzqbibedxtebjxsabmelfazakbpadlnvnomtkaocoiioqsblbnhaqegdfwfnatvsbxgijlnaqxgdorqjhsdwbntanemzcnmdihvodbsiufmeymubbliaovimmecgaoxbpcaamvtlcxjdmeruqkjoxuettasexpzvbsbhvppeowpptevvkdmevwdojxvebmjnhwbpuysj'::text))"]], "after_plan": [["Limit  (cost=0.41..8.43 rows=1 width=157)"], ["  ->  Index Scan using unique_table_categories_field_name_project_id_cond_none on categories  (cost=0.41..8.43 rows=1 width=157)"], ["        Index Cond: (((name)::text = 'jhqlzftevzhebsefzlxjgbrmokinscchsnsjkpzybygkispzqbibedxtebjxsabmelfazakbpadlnvnomtkaocoiioqsblbnhaqegdfwfnatvsbxgijlnaqxgdorqjhsdwbntanemzcnmdihvodbsiufmeymubbliaovimmecgaoxbpcaamvtlcxjdmeruqkjoxuettasexpzvbsbhvppeowpptevvkdmevwdojxvebmjnhwbpuysj'::text) AND (project_id = 0))"]]}
{"before": 12.982099999999999, "after": 17.000400000000003, "sql": "SELECT categories.* FROM categories WHERE categories.project_id = 0 AND LOWER(name) = 'foobar' ORDER BY categories.name LIMIT 10", "before_plan": [["Limit  (cost=406.12..406.14 rows=10 width=157)"], ["  ->  Sort  (cost=406.12..406.24 rows=50 width=157)"], ["        Sort Key: name"], ["        ->  Seq Scan on categories  (cost=0.00..405.04 rows=50 width=157)"], ["              Filter: ((project_id = 0) AND (lower((name)::text) = 'foobar'::text))"]], "after_plan": [["Limit  (cost=0.41..402.20 rows=10 width=157)"], ["  ->  Index Scan using unique_table_categories_field_name_project_id_cond_none on categories  (cost=0.41..2009.36 rows=50 width=157)"], ["        Index Cond: (project_id = 0)"], ["        Filter: (lower((name)::text) = 'foobar'::text)"]]}
{"before": 1.2068, "after": 0.05600000000000001, "sql": "SELECT versions.* FROM versions WHERE versions.project_id = 0 AND versions.name = 'rgxxrfgqobtrkcmbkaxakaa' ORDER BY versions.effective_date DESC, versions.name DESC LIMIT 3", "before_plan": [["Limit  (cost=416.01..416.01 rows=1 width=182)"], ["  ->  Sort  (cost=416.01..416.01 rows=1 width=182)"], ["        Sort Key: effective_date DESC"], ["        ->  Seq Scan on versions  (cost=0.00..416.00 rows=1 width=182)"], ["              Filter: ((project_id = 0) AND ((name)::text = 'rgxxrfgqobtrkcmbkaxakaa'::text))"]], "after_plan": [["Limit  (cost=8.44..8.45 rows=1 width=182)"], ["  ->  Sort  (cost=8.44..8.45 rows=1 width=182)"], ["        Sort Key: effective_date DESC"], ["        ->  Index Scan using unique_table_versions_field_name_project_id_cond_none on versions  (cost=0.41..8.43 rows=1 width=182)"], ["              Index Cond: (((name)::text = 'rgxxrfgqobtrkcmbkaxakaa'::text) AND (project_id = 0))"]]}
{"before": 0.06920000000000001, "after": 0.0641, "sql": "SELECT 1 AS one FROM users INNER JOIN members ON users.id = members.user_id WHERE members.project_id = 8981 AND users.type = 'Group' AND users.id = 20062 LIMIT 9", "before_plan": [["Limit  (cost=0.57..16.62 rows=1 width=4)"], ["  ->  Nested Loop  (cost=0.57..16.62 rows=1 width=4)"], ["        ->  Index Only Scan using index_users_on_id_and_type on users  (cost=0.29..8.31 rows=1 width=4)"], ["              Index Cond: ((id = 20062) AND (type = 'Group'::text))"], ["        ->  Index Only Scan using index_members_on_user_id_and_project_id on members  (cost=0.29..8.30 rows=1 width=4)"], ["              Index Cond: ((user_id = 20062) AND (project_id = 8981))"]], "after_plan": [["Limit  (cost=0.57..16.62 rows=1 width=4)"], ["  ->  Nested Loop  (cost=0.57..16.62 rows=1 width=4)"], ["        ->  Index Only Scan using index_users_on_id_and_type on users  (cost=0.29..8.31 rows=1 width=4)"], ["              Index Cond: ((id = 20062) AND (type = 'Group'::text))"], ["        ->  Index Only Scan using unique_table_members_field_user_id_project_id_cond_none on members  (cost=0.29..8.30 rows=1 width=4)"], ["              Index Cond: ((user_id = 20062) AND (project_id = 8981))"]]}
{"before": 0.1277, "after": 0.043399999999999994, "sql": "SELECT changesets.* FROM changesets WHERE changesets.repository_id = 5420 AND revision = '3' ORDER BY changesets.committed_on DESC, changesets.id DESC LIMIT 9", "before_plan": [["Limit  (cost=8.44..8.45 rows=1 width=319)"], ["  ->  Sort  (cost=8.44..8.45 rows=1 width=319)"], ["        Sort Key: committed_on DESC, id DESC"], ["        ->  Index Scan using changesets_repos_rev on changesets  (cost=0.41..8.43 rows=1 width=319)"], ["              Index Cond: ((repository_id = 5420) AND ((revision)::text = '3'::text))"]], "after_plan": [["Limit  (cost=8.44..8.45 rows=1 width=319)"], ["  ->  Sort  (cost=8.44..8.45 rows=1 width=319)"], ["        Sort Key: committed_on DESC, id DESC"], ["        ->  Index Scan using unique_table_changesets_field_revision_repository_id_cond_none on changesets  (cost=0.41..8.43 rows=1 width=319)"], ["              Index Cond: (((revision)::text = '3'::text) AND (repository_id = 5420))"]]}
{"before": 0.045099999999999994, "after": 0.043399999999999994, "sql": "SELECT changesets.* FROM changesets WHERE changesets.repository_id = 8903 AND revision = ' ' ORDER BY changesets.committed_on DESC, changesets.id DESC LIMIT 10", "before_plan": [["Limit  (cost=8.44..8.45 rows=1 width=319)"], ["  ->  Sort  (cost=8.44..8.45 rows=1 width=319)"], ["        Sort Key: committed_on DESC, id DESC"], ["        ->  Index Scan using changesets_repos_rev on changesets  (cost=0.41..8.43 rows=1 width=319)"], ["              Index Cond: ((repository_id = 8903) AND ((revision)::text = ' '::text))"]], "after_plan": [["Limit  (cost=8.44..8.45 rows=1 width=319)"], ["  ->  Sort  (cost=8.44..8.45 rows=1 width=319)"], ["        Sort Key: committed_on DESC, id DESC"], ["        ->  Index Scan using unique_table_changesets_field_revision_repository_id_cond_none on changesets  (cost=0.41..8.43 rows=1 width=319)"], ["              Index Cond: (((revision)::text = ' '::text) AND (repository_id = 8903))"]]}
{"before": 0.09930000000000003, "after": 0.0392, "sql": "SELECT changesets.* FROM changesets WHERE changesets.repository_id = 2067 AND revision = '2' ORDER BY changesets.committed_on DESC, changesets.id DESC LIMIT 6", "before_plan": [["Limit  (cost=8.44..8.45 rows=1 width=319)"], ["  ->  Sort  (cost=8.44..8.45 rows=1 width=319)"], ["        Sort Key: committed_on DESC, id DESC"], ["        ->  Index Scan using changesets_repos_rev on changesets  (cost=0.41..8.43 rows=1 width=319)"], ["              Index Cond: ((repository_id = 2067) AND ((revision)::text = '2'::text))"]], "after_plan": [["Limit  (cost=8.44..8.45 rows=1 width=319)"], ["  ->  Sort  (cost=8.44..8.45 rows=1 width=319)"], ["        Sort Key: committed_on DESC, id DESC"], ["        ->  Index Scan using unique_table_changesets_field_revision_repository_id_cond_none on changesets  (cost=0.41..8.43 rows=1 width=319)"], ["              Index Cond: (((revision)::text = '2'::text) AND (repository_id = 2067))"]]}
{"before": 0.11760000000000001, "after": 0.040899999999999985, "sql": "SELECT changesets.* FROM changesets WHERE changesets.repository_id = 3888 AND revision = '1' ORDER BY changesets.committed_on DESC, changesets.id DESC LIMIT 5", "before_plan": [["Limit  (cost=8.44..8.45 rows=1 width=319)"], ["  ->  Sort  (cost=8.44..8.45 rows=1 width=319)"], ["        Sort Key: committed_on DESC, id DESC"], ["        ->  Index Scan using changesets_repos_rev on changesets  (cost=0.41..8.43 rows=1 width=319)"], ["              Index Cond: ((repository_id = 3888) AND ((revision)::text = '1'::text))"]], "after_plan": [["Limit  (cost=8.44..8.45 rows=1 width=319)"], ["  ->  Sort  (cost=8.44..8.45 rows=1 width=319)"], ["        Sort Key: committed_on DESC, id DESC"], ["        ->  Index Scan using unique_table_changesets_field_revision_repository_id_cond_none on changesets  (cost=0.41..8.43 rows=1 width=319)"], ["              Index Cond: (((revision)::text = '1'::text) AND (repository_id = 3888))"]]}
{"before": 0.09060000000000004, "after": 0.0387, "sql": "SELECT changesets.* FROM changesets WHERE changesets.repository_id = 12 AND revision = '7234cb2' ORDER BY changesets.committed_on DESC, changesets.id DESC LIMIT 10", "before_plan": [["Limit  (cost=8.44..8.45 rows=1 width=319)"], ["  ->  Sort  (cost=8.44..8.45 rows=1 width=319)"], ["        Sort Key: committed_on DESC, id DESC"], ["        ->  Index Scan using changesets_repos_rev on changesets  (cost=0.41..8.43 rows=1 width=319)"], ["              Index Cond: ((repository_id = 12) AND ((revision)::text = '7234cb2'::text))"]], "after_plan": [["Limit  (cost=8.44..8.45 rows=1 width=319)"], ["  ->  Sort  (cost=8.44..8.45 rows=1 width=319)"], ["        Sort Key: committed_on DESC, id DESC"], ["        ->  Index Scan using unique_table_changesets_field_revision_repository_id_cond_none on changesets  (cost=0.41..8.43 rows=1 width=319)"], ["              Index Cond: (((revision)::text = '7234cb2'::text) AND (repository_id = 12))"]]}
{"before": 0.10240000000000002, "after": 0.03889999999999999, "sql": "SELECT changesets.* FROM changesets WHERE changesets.repository_id = 389 AND revision = '71e5c1d3' ORDER BY changesets.committed_on DESC, changesets.id DESC LIMIT 3", "before_plan": [["Limit  (cost=8.44..8.45 rows=1 width=319)"], ["  ->  Sort  (cost=8.44..8.45 rows=1 width=319)"], ["        Sort Key: committed_on DESC, id DESC"], ["        ->  Index Scan using changesets_repos_rev on changesets  (cost=0.41..8.43 rows=1 width=319)"], ["              Index Cond: ((repository_id = 389) AND ((revision)::text = '71e5c1d3'::text))"]], "after_plan": [["Limit  (cost=8.44..8.45 rows=1 width=319)"], ["  ->  Sort  (cost=8.44..8.45 rows=1 width=319)"], ["        Sort Key: committed_on DESC, id DESC"], ["        ->  Index Scan using unique_table_changesets_field_revision_repository_id_cond_none on changesets  (cost=0.41..8.43 rows=1 width=319)"], ["              Index Cond: (((revision)::text = '71e5c1d3'::text) AND (repository_id = 389))"]]}
{"before": 0.08230000000000003, "after": 0.03949999999999999, "sql": "SELECT changesets.* FROM changesets WHERE changesets.repository_id = 356 AND revision = '1ca7f5ed' ORDER BY changesets.committed_on DESC, changesets.id DESC LIMIT 9", "before_plan": [["Limit  (cost=8.44..8.45 rows=1 width=319)"], ["  ->  Sort  (cost=8.44..8.45 rows=1 width=319)"], ["        Sort Key: committed_on DESC, id DESC"], ["        ->  Index Scan using changesets_repos_rev on changesets  (cost=0.41..8.43 rows=1 width=319)"], ["              Index Cond: ((repository_id = 356) AND ((revision)::text = '1ca7f5ed'::text))"]], "after_plan": [["Limit  (cost=8.44..8.45 rows=1 width=319)"], ["  ->  Sort  (cost=8.44..8.45 rows=1 width=319)"], ["        Sort Key: committed_on DESC, id DESC"], ["        ->  Index Scan using unique_table_changesets_field_revision_repository_id_cond_none on changesets  (cost=0.41..8.43 rows=1 width=319)"], ["              Index Cond: (((revision)::text = '1ca7f5ed'::text) AND (repository_id = 356))"]]}
{"before": 0.1252, "after": 0.04429999999999999, "sql": "SELECT changesets.* FROM changesets WHERE changesets.repository_id = 6415 AND changesets.revision = 'cebqibdverqdsysrkiqfjqthzqriwynqtarxqjcjnbsjrqzymodmromacwfjnddozykaaghryjdpsayatdngql' ORDER BY changesets.committed_on DESC, changesets.id DESC LIMIT 5", "before_plan": [["Limit  (cost=8.44..8.45 rows=1 width=319)"], ["  ->  Sort  (cost=8.44..8.45 rows=1 width=319)"], ["        Sort Key: committed_on DESC, id DESC"], ["        ->  Index Scan using changesets_repos_rev on changesets  (cost=0.41..8.43 rows=1 width=319)"], ["              Index Cond: ((repository_id = 6415) AND ((revision)::text = 'cebqibdverqdsysrkiqfjqthzqriwynqtarxqjcjnbsjrqzymodmromacwfjnddozykaaghryjdpsayatdngql'::text))"]], "after_plan": [["Limit  (cost=8.44..8.45 rows=1 width=319)"], ["  ->  Sort  (cost=8.44..8.45 rows=1 width=319)"], ["        Sort Key: committed_on DESC, id DESC"], ["        ->  Index Scan using unique_table_changesets_field_revision_repository_id_cond_none on changesets  (cost=0.41..8.43 rows=1 width=319)"], ["              Index Cond: (((revision)::text = 'cebqibdverqdsysrkiqfjqthzqriwynqtarxqjcjnbsjrqzymodmromacwfjnddozykaaghryjdpsayatdngql'::text) AND (repository_id = 6415))"]]}
{"before": 0.08880000000000003, "after": 0.0404, "sql": "SELECT changesets.* FROM changesets WHERE changesets.repository_id = 2790 AND revision = '7234cb2750b' ORDER BY changesets.committed_on DESC, changesets.id DESC LIMIT 6", "before_plan": [["Limit  (cost=8.44..8.45 rows=1 width=319)"], ["  ->  Sort  (cost=8.44..8.45 rows=1 width=319)"], ["        Sort Key: committed_on DESC, id DESC"], ["        ->  Index Scan using changesets_repos_rev on changesets  (cost=0.41..8.43 rows=1 width=319)"], ["              Index Cond: ((repository_id = 2790) AND ((revision)::text = '7234cb2750b'::text))"]], "after_plan": [["Limit  (cost=8.44..8.45 rows=1 width=319)"], ["  ->  Sort  (cost=8.44..8.45 rows=1 width=319)"], ["        Sort Key: committed_on DESC, id DESC"], ["        ->  Index Scan using unique_table_changesets_field_revision_repository_id_cond_none on changesets  (cost=0.41..8.43 rows=1 width=319)"], ["              Index Cond: (((revision)::text = '7234cb2750b'::text) AND (repository_id = 2790))"]]}
{"before": 0.09070000000000003, "after": 0.039299999999999995, "sql": "SELECT changesets.* FROM changesets WHERE changesets.repository_id = 6247 AND revision = '64f1f3e89ad1' ORDER BY changesets.committed_on DESC, changesets.id DESC LIMIT 7", "before_plan": [["Limit  (cost=8.44..8.45 rows=1 width=319)"], ["  ->  Sort  (cost=8.44..8.45 rows=1 width=319)"], ["        Sort Key: committed_on DESC, id DESC"], ["        ->  Index Scan using changesets_repos_rev on changesets  (cost=0.41..8.43 rows=1 width=319)"], ["              Index Cond: ((repository_id = 6247) AND ((revision)::text = '64f1f3e89ad1'::text))"]], "after_plan": [["Limit  (cost=8.44..8.45 rows=1 width=319)"], ["  ->  Sort  (cost=8.44..8.45 rows=1 width=319)"], ["        Sort Key: committed_on DESC, id DESC"], ["        ->  Index Scan using unique_table_changesets_field_revision_repository_id_cond_none on changesets  (cost=0.41..8.43 rows=1 width=319)"], ["              Index Cond: (((revision)::text = '64f1f3e89ad1'::text) AND (repository_id = 6247))"]]}
{"before": 0.1117, "after": 0.11200000000000002, "sql": "SELECT wiki_pages.*, wiki_contents.updated_at FROM wiki_pages LEFT JOIN wiki_contents ON wiki_contents.page_id = wiki_pages.id WHERE wiki_pages.wiki_id = 6086 ORDER BY title", "before_plan": [["Sort  (cost=20.53..20.54 rows=2 width=297)"], ["  Sort Key: wiki_pages.title"], ["  ->  Nested Loop Left Join  (cost=4.58..20.52 rows=2 width=297)"], ["        ->  Bitmap Heap Scan on wiki_pages  (cost=4.30..11.90 rows=2 width=289)"], ["              Recheck Cond: (wiki_id = 6086)"], ["              ->  Bitmap Index Scan on index_wiki_pages_on_wiki_id  (cost=0.00..4.30 rows=2 width=0)"], ["                    Index Cond: (wiki_id = 6086)"], ["        ->  Index Only Scan using index_wiki_contents_on_page_id_and_updated_at on wiki_contents  (cost=0.28..4.30 rows=1 width=12)"], ["              Index Cond: (page_id = wiki_pages.id)"]], "after_plan": [["Sort  (cost=20.51..20.52 rows=2 width=297)"], ["  Sort Key: wiki_pages.title"], ["  ->  Nested Loop Left Join  (cost=4.58..20.50 rows=2 width=297)"], ["        ->  Bitmap Heap Scan on wiki_pages  (cost=4.30..11.90 rows=2 width=289)"], ["              Recheck Cond: (wiki_id = 6086)"], ["              ->  Bitmap Index Scan on index_wiki_pages_on_wiki_id  (cost=0.00..4.30 rows=2 width=0)"], ["                    Index Cond: (wiki_id = 6086)"], ["        ->  Index Only Scan using index_wiki_contents_on_page_id_and_updated_at on wiki_contents  (cost=0.28..4.30 rows=1 width=12)"], ["              Index Cond: (page_id = wiki_pages.id)"]]}
{"before": 0.09119999999999998, "after": 0.08009999999999998, "sql": "SELECT types.* FROM types INNER JOIN projects_types ON types.id = projects_types.type_id WHERE projects_types.project_id = 6 AND types.name = 'kmfqiubcxhd' ORDER BY position ASC, types.position LIMIT 4", "before_plan": [["Limit  (cost=79.89..79.90 rows=1 width=508)"], ["  ->  Sort  (cost=79.89..79.90 rows=1 width=508)"], ["        Sort Key: types.\"position\""], ["        ->  Nested Loop  (cost=0.29..79.88 rows=1 width=508)"], ["              ->  Seq Scan on projects_types  (cost=0.00..1.56 rows=9 width=4)"], ["                    Filter: (project_id = 6)"], ["              ->  Index Scan using types_pkey on types  (cost=0.29..7.86 rows=1 width=508)"], ["                    Index Cond: (id = projects_types.type_id)"], ["                    Filter: ((name)::text = 'kmfqiubcxhd'::text)"]], "after_plan": [["Limit  (cost=9.99..9.99 rows=1 width=508)"], ["  ->  Sort  (cost=9.99..9.99 rows=1 width=508)"], ["        Sort Key: types.\"position\""], ["        ->  Nested Loop  (cost=0.29..9.98 rows=1 width=508)"], ["              Join Filter: (types.id = projects_types.type_id)"], ["              ->  Index Scan using unique_table_types_field_name_cond_none on types  (cost=0.29..8.30 rows=1 width=508)"], ["                    Index Cond: ((name)::text = 'kmfqiubcxhd'::text)"], ["              ->  Seq Scan on projects_types  (cost=0.00..1.56 rows=9 width=4)"], ["                    Filter: (project_id = 6)"]]}
